Время	T1	T2	T3	T4
2019-12-08T18:06:53	-100	-100	-100	-100
2019-12-08T18:07:03	-100	-100	-100	-100
2019-12-08T18:07:13	-100	-100	-100	-100
2019-12-08T18:07:23	-100	-100	-100	-100
2019-12-08T18:07:33	-100	-100	-100	-100
2019-12-08T18:07:43	-100	-100	-100	-100
2019-12-08T18:07:53	-100	-100	-100	-100
2019-12-08T18:08:03	-100	-100	-100	-100
2019-12-08T18:08:13	-100	-100	-100	-100
2019-12-08T18:08:23	-100	-100	-100	-100
2019-12-08T18:08:33	-100	-100	-100	-100
2019-12-08T18:08:43	-100	-100	-100	-100
2019-12-08T18:08:53	-100	-100	-100	-100
2019-12-08T18:09:03	-100	-100	-100	-100
2019-12-08T18:09:13	-100	-100	-100	-100
2019-12-08T18:09:23	-100	-100	-100	-100
2019-12-08T18:09:33	-100	-100	-100	-100
2019-12-08T18:09:43	-100	-100	-100	-100
2019-12-08T18:09:53	-100	-100	-100	-100
2019-12-08T18:10:03	-100	-100	-100	-100
2019-12-08T18:10:13	-100	-100	-100	-100
2019-12-08T18:10:23	-100	-100	-100	-100
2019-12-08T18:10:33	-100	-100	-100	-100
2019-12-08T18:10:43	-100	-100	-100	-100
2019-12-08T18:10:53	-100	-100	-100	-100
2019-12-08T18:11:03	-100	-100	-100	-100
2019-12-08T18:11:13	-100	-100	-100	-100
2019-12-08T18:11:23	-100	-100	-100	-100
2019-12-08T18:11:33	-100	-100	-100	-100
2019-12-08T18:11:43	-100	-100	-100	-100
2019-12-08T18:11:53	-100	-100	-100	-100
2019-12-08T18:12:03	-100	-100	-100	-100
2019-12-08T18:12:13	-100	-100	-100	-100
2019-12-08T18:12:23	-100	-100	-100	-100
2019-12-08T18:12:33	-100	-100	-100	-100
2019-12-08T18:12:43	-100	-100	-100	-100
2019-12-08T18:12:53	-100	-100	-100	-100
2019-12-08T18:13:03	-100	-100	-100	-100
2019-12-08T18:13:13	-100	-100	-100	-100
2019-12-08T18:13:23	-100	-100	-100	-100
2019-12-08T18:13:33	-100	-100	-100	-100
2019-12-08T18:13:43	-100	-100	-100	-100
2019-12-08T18:13:53	-100	-100	-100	-100
2019-12-08T18:14:03	-100	-100	-100	-100
2019-12-08T18:14:13	-100	-100	-100	-100
2019-12-08T18:14:23	-100	-100	-100	-100
2019-12-08T18:14:33	-100	-100	-100	-100
2019-12-08T18:14:43	-100	-100	-100	-100
2019-12-08T18:14:53	-100	-100	-100	-100
2019-12-08T18:15:03	-100	-100	-100	-100
2019-12-08T18:15:13	-100	-100	-100	-100
2019-12-08T18:15:23	-100	-100	-100	-100
2019-12-08T18:15:33	-100	-100	-100	-100
2019-12-08T18:15:43	-100	-100	-100	-100
2019-12-08T18:15:53	-100	-100	-100	-100
2019-12-08T18:16:03	-100	-100	-100	-100
2019-12-08T18:16:13	-100	-100	-100	-100
2019-12-08T18:16:23	-100	-100	-100	-100
2019-12-08T18:16:33	-100	-100	-100	-100
2019-12-08T18:16:43	-100	-100	-100	-100
2019-12-08T18:16:53	-100	-100	-100	-100
2019-12-08T18:17:03	-100	-100	-100	-100
2019-12-08T18:17:13	-100	-100	-100	-100
2019-12-08T18:17:23	-100	-100	-100	-100
2019-12-08T18:17:33	-100	-100	-100	-100
2019-12-08T18:17:43	-100	-100	-100	-100
2019-12-08T18:17:53	-100	-100	-100	-100
2019-12-08T18:18:03	-100	-100	-100	-100
2019-12-08T18:18:13	-100	-100	-100	-100
2019-12-08T18:18:23	-100	-100	-100	-100
2019-12-08T18:18:33	-100	-100	-100	-100
2019-12-08T18:18:43	-100	-100	-100	-100
2019-12-08T18:18:53	-100	-100	-100	-100
2019-12-08T18:19:03	-100	-100	-100	-100
2019-12-08T18:19:13	-100	-100	-100	-100
2019-12-08T18:19:23	-100	-100	-100	-100
2019-12-08T18:19:33	-100	-100	-100	-100
2019-12-08T18:19:43	-100	-100	-100	-100
2019-12-08T18:19:53	-100	-100	-100	-100
2019-12-08T18:20:03	-100	-100	-100	-100
2019-12-08T18:20:13	-100	-100	-100	-100
2019-12-08T18:20:23	-100	-100	-100	-100
2019-12-08T18:20:33	-100	-100	-100	-100
2019-12-08T18:20:43	-100	-100	-100	-100
2019-12-08T18:20:53	-100	-100	-100	-100
2019-12-08T18:21:03	-100	-100	-100	-100
2019-12-08T18:21:13	-100	-100	-100	-100
2019-12-08T18:21:23	-100	-100	-100	-100
2019-12-08T18:21:33	-100	-100	-100	-100
2019-12-08T18:21:43	-100	-100	-100	-100
2019-12-08T18:21:53	-100	-100	-100	-100
2019-12-08T18:22:03	-100	-100	-100	-100
2019-12-08T18:22:13	-100	-100	-100	-100
2019-12-08T18:22:23	-100	-100	-100	-100
2019-12-08T18:22:33	-100	-100	-100	-100
2019-12-08T18:22:43	-100	-100	-100	-100
2019-12-08T18:22:53	-100	-100	-100	-100
2019-12-08T18:23:03	-100	-100	-100	-100
2019-12-08T18:23:13	-100	-100	-100	-100
2019-12-08T18:23:23	-100	-100	-100	-100
2019-12-08T18:23:33	-100	-100	-100	-100
2019-12-08T18:23:43	-100	-100	-100	-100
2019-12-08T18:23:53	-100	-100	-100	-100
2019-12-08T18:24:03	-100	-100	-100	-100
2019-12-08T18:24:13	-100	-100	-100	-100
2019-12-08T18:24:23	-100	-100	-100	-100
2019-12-08T18:24:33	-100	-100	-100	-100
2019-12-08T18:24:43	-100	-100	-100	-100
2019-12-08T18:24:53	-100	-100	-100	-100
2019-12-08T18:25:03	-100	-100	-100	-100
2019-12-08T18:25:13	-100	-100	-100	-100
2019-12-08T18:25:23	-100	-100	-100	-100
2019-12-08T18:25:33	-100	-100	-100	-100
2019-12-08T18:25:43	-100	-100	-100	-100
2019-12-08T18:25:53	-100	-100	-100	-100
2019-12-08T18:26:03	-100	-100	-100	-100
2019-12-08T18:26:13	-100	-100	-100	-100
2019-12-08T18:26:23	-100	-100	-100	-100
2019-12-08T18:26:33	-100	-100	-100	-100
2019-12-08T18:26:43	-100	-100	-100	-100
2019-12-08T18:26:53	-100	-100	-100	-100
2019-12-08T18:27:03	-100	-100	-100	-100
2019-12-08T18:27:13	-100	-100	-100	-100
2019-12-08T18:27:23	-100	-100	-100	-100
2019-12-08T18:27:33	-100	-100	-100	-100
2019-12-08T18:27:43	-100	-100	-100	-100
2019-12-08T18:27:53	-100	-100	-100	-100
2019-12-08T18:28:03	-100	-100	-100	-100
2019-12-08T18:28:13	-100	-100	-100	-100
2019-12-08T18:28:23	-100	-100	-100	-100
2019-12-08T18:28:33	-100	-100	-100	-100
2019-12-08T18:28:43	-100	-100	-100	-100
2019-12-08T18:28:53	-100	-100	-100	-100
2019-12-08T18:29:03	-100	-100	-100	-100
2019-12-08T18:29:13	-100	-100	-100	-100
2019-12-08T18:29:23	-100	-100	-100	-100
2019-12-08T18:29:33	-100	-100	-100	-100
2019-12-08T18:29:43	-100	-100	-100	-100
2019-12-08T18:29:53	-100	-100	-100	-100
2019-12-08T18:30:03	-100	-100	-100	-100
2019-12-08T18:30:13	-100	-100	-100	-100
2019-12-08T18:30:23	-100	-100	-100	-100
2019-12-08T18:30:33	-100	-100	-100	-100
2019-12-08T18:30:43	-100	-100	-100	-100
2019-12-08T18:30:53	-100	-100	-100	-100
2019-12-08T18:31:03	-100	-100	-100	-100
2019-12-08T18:31:13	-100	-100	-100	-100
2019-12-08T18:31:23	-100	-100	-100	-100
2019-12-08T18:31:33	-100	-100	-100	-100
2019-12-08T18:31:43	-100	-100	-100	-100
2019-12-08T18:31:53	-100	-100	-100	-100
2019-12-08T18:32:03	-100	-100	-100	-100
2019-12-08T18:32:13	-100	-100	-100	-100
2019-12-08T18:32:23	-100	-100	-100	-100
2019-12-08T18:32:33	-100	-100	-100	-100
2019-12-08T18:32:43	-100	-100	-100	-100
2019-12-08T18:32:53	-100	-100	-100	-100
2019-12-08T18:33:03	-100	-100	-100	-100
2019-12-08T18:33:13	-100	-100	-100	-100
2019-12-08T18:33:23	-100	-100	-100	-100
2019-12-08T18:33:33	-100	-100	-100	-100
2019-12-08T18:33:43	-100	-100	-100	-100
2019-12-08T18:33:53	-100	-100	-100	-100
2019-12-08T18:34:03	-100	-100	-100	-100
2019-12-08T18:34:13	-100	-100	-100	-100
2019-12-08T18:34:23	-100	-100	-100	-100
2019-12-08T18:34:33	-100	-100	-100	-100
2019-12-08T18:34:43	-100	-100	-100	-100
2019-12-08T18:34:53	-100	-100	-100	-100
2019-12-08T18:35:03	-100	-100	-100	-100
2019-12-08T18:35:13	-100	-100	-100	-100
2019-12-08T18:35:23	-100	-100	-100	-100
2019-12-08T18:35:33	-100	-100	-100	-100
2019-12-08T18:35:43	-100	-100	-100	-100
2019-12-08T18:35:53	-100	-100	-100	-100
2019-12-08T18:36:03	-100	-100	-100	-100
2019-12-08T18:36:13	-100	-100	-100	-100
2019-12-08T18:36:23	-100	-100	-100	-100
2019-12-08T18:36:33	-100	-100	-100	-100
2019-12-08T18:36:43	-100	-100	-100	-100
2019-12-08T18:36:53	-100	-100	-100	-100
2019-12-08T18:37:03	-100	-100	-100	-100
2019-12-08T18:37:13	-100	-100	-100	-100
2019-12-08T18:37:23	-100	-100	-100	-100
2019-12-08T18:37:33	-100	-100	-100	-100
2019-12-08T18:37:43	-100	-100	-100	-100
2019-12-08T18:37:53	-100	-100	-100	-100
2019-12-08T18:38:03	-100	-100	-100	-100
2019-12-08T18:38:13	-100	-100	-100	-100
2019-12-08T18:38:23	-100	-100	-100	-100
2019-12-08T18:38:33	-100	-100	-100	-100
2019-12-08T18:38:43	-100	-100	-100	-100
2019-12-08T18:38:53	-100	-100	-100	-100
2019-12-08T18:39:03	-100	-100	-100	-100
2019-12-08T18:39:13	-100	-100	-100	-100
2019-12-08T18:39:23	-100	-100	-100	-100
2019-12-08T18:39:33	-100	-100	-100	-100
2019-12-08T18:39:43	-100	-100	-100	-100
2019-12-08T18:39:53	-100	-100	-100	-100
2019-12-08T18:40:03	-100	-100	-100	-100
2019-12-08T18:40:13	-100	-100	-100	-100
2019-12-08T18:40:23	-100	-100	-100	-100
2019-12-08T18:40:33	-100	-100	-100	-100
2019-12-08T18:40:43	-100	-100	-100	-100
2019-12-08T18:40:53	-100	-100	-100	-100
2019-12-08T18:41:03	-100	-100	-100	-100
2019-12-08T18:41:13	-100	-100	-100	-100
2019-12-08T18:41:23	-100	-100	-100	-100
2019-12-08T18:41:33	-100	-100	-100	-100
2019-12-08T18:41:43	-100	-100	-100	-100
2019-12-08T18:41:53	-100	-100	-100	-100
2019-12-08T18:42:03	-100	-100	-100	-100
2019-12-08T18:42:13	-100	-100	-100	-100
2019-12-08T18:42:23	-100	-100	-100	-100
2019-12-08T18:42:33	-100	-100	-100	-100
2019-12-08T18:42:43	-100	-100	-100	-100
2019-12-08T18:42:53	-100	-100	-100	-100
2019-12-08T18:43:03	-100	-100	-100	-100
2019-12-08T18:43:13	-100	-100	-100	-100
2019-12-08T18:43:23	-100	-100	-100	-100
2019-12-08T18:43:33	-100	-100	-100	-100
2019-12-08T18:43:43	-100	-100	-100	-100
2019-12-08T18:43:53	-100	-100	-100	-100
2019-12-08T18:44:03	-100	-100	-100	-100
2019-12-08T18:44:13	-100	-100	-100	-100
2019-12-08T18:44:23	-100	-100	-100	-100
2019-12-08T18:44:33	-100	-100	-100	-100
2019-12-08T18:44:43	-100	-100	-100	-100
2019-12-08T18:44:53	-100	-100	-100	-100
2019-12-08T18:45:03	-100	-100	-100	-100
2019-12-08T18:45:13	-100	-100	-100	-100
2019-12-08T18:45:23	-100	-100	-100	-100
2019-12-08T18:45:33	-100	-100	-100	-100
2019-12-08T18:45:43	-100	-100	-100	-100
2019-12-08T18:45:53	-100	-100	-100	-100
2019-12-08T18:46:03	-100	-100	-100	-100
2019-12-08T18:46:13	-100	-100	-100	-100
2019-12-08T18:46:23	-100	-100	-100	-100
2019-12-08T18:46:33	-100	-100	-100	-100
2019-12-08T18:46:43	-100	-100	-100	-100
2019-12-08T18:46:53	-100	-100	-100	-100
2019-12-08T18:47:03	-100	-100	-100	-100
2019-12-08T18:47:13	-100	-100	-100	-100
2019-12-08T18:47:23	-100	-100	-100	-100
2019-12-08T18:47:33	-100	-100	-100	-100
2019-12-08T18:47:43	-100	-100	-100	-100
2019-12-08T18:47:53	-100	-100	-100	-100
2019-12-08T18:48:03	-100	-100	-100	-100
2019-12-08T18:48:13	-100	-100	-100	-100
2019-12-08T18:48:23	-100	-100	-100	-100
2019-12-08T18:48:33	-100	-100	-100	-100
2019-12-08T18:48:43	-100	-100	-100	-100
2019-12-08T18:48:53	-100	-100	-100	-100
2019-12-08T18:49:03	-100	-100	-100	-100
2019-12-08T18:49:13	-100	-100	-100	-100
2019-12-08T18:49:23	-100	-100	-100	-100
2019-12-08T18:49:33	-100	-100	-100	-100
2019-12-08T18:49:43	-100	-100	-100	-100
2019-12-08T18:49:53	-100	-100	-100	-100
2019-12-08T18:50:03	-100	-100	-100	-100
2019-12-08T18:50:13	-100	-100	-100	-100
2019-12-08T18:50:23	-100	-100	-100	-100
2019-12-08T18:50:33	-100	-100	-100	-100
2019-12-08T18:50:43	-100	-100	-100	-100
2019-12-08T18:50:53	-100	-100	-100	-100
2019-12-08T18:51:03	-100	-100	-100	-100
2019-12-08T18:51:13	-100	-100	-100	-100
2019-12-08T18:51:23	-100	-100	-100	-100
2019-12-08T18:51:33	-100	-100	-100	-100
2019-12-08T18:51:43	-100	-100	-100	-100
2019-12-08T18:51:53	-100	-100	-100	-100
2019-12-08T18:52:03	-100	-100	-100	-100
2019-12-08T18:52:13	-100	-100	-100	-100
2019-12-08T18:52:23	-100	-100	-100	-100
2019-12-08T18:52:33	-100	-100	-100	-100
2019-12-08T18:52:43	-100	-100	-100	-100
2019-12-08T18:52:53	-100	-100	-100	-100
2019-12-08T18:53:03	-100	-100	-100	-100
2019-12-08T18:53:13	-100	-100	-100	-100
2019-12-08T18:53:23	-100	-100	-100	-100
2019-12-08T18:53:33	-100	-100	-100	-100
2019-12-08T18:53:43	-100	-100	-100	-100
2019-12-08T18:53:53	-100	-100	-100	-100
2019-12-08T18:54:03	-100	-100	-100	-100
2019-12-08T18:54:13	-100	-100	-100	-100
2019-12-08T18:54:23	-100	-100	-100	-100
2019-12-08T18:54:33	-100	-100	-100	-100
2019-12-08T18:54:43	-100	-100	-100	-100
2019-12-08T18:54:53	-100	-100	-100	-100
2019-12-08T18:55:03	-100	-100	-100	-100
2019-12-08T18:55:13	-100	-100	-100	-100
2019-12-08T18:55:23	-100	-100	-100	-100
2019-12-08T18:55:33	-100	-100	-100	-100
2019-12-08T18:55:43	-100	-100	-100	-100
2019-12-08T18:55:53	-100	-100	-100	-100
2019-12-08T18:56:03	-100	-100	-100	-100
2019-12-08T18:56:13	-100	-100	-100	-100
2019-12-08T18:56:23	-100	-100	-100	-100
2019-12-08T18:56:33	-100	-100	-100	-100
2019-12-08T18:56:43	-100	-100	-100	-100
2019-12-08T18:56:53	-100	-100	-100	-100
2019-12-08T18:57:03	-100	-100	-100	-100
2019-12-08T18:57:13	-100	-100	-100	-100
2019-12-08T18:57:23	-100	-100	-100	-100
2019-12-08T18:57:33	-100	-100	-100	-100
2019-12-08T18:57:43	-100	-100	-100	-100
2019-12-08T18:57:53	-100	-100	-100	-100
2019-12-08T18:58:03	-100	-100	-100	-100
2019-12-08T18:58:13	-100	-100	-100	-100
2019-12-08T18:58:23	-100	-100	-100	-100
2019-12-08T18:58:33	-100	-100	-100	-100
2019-12-08T18:58:43	-100	-100	-100	-100
2019-12-08T18:58:53	-100	-100	-100	-100
2019-12-08T18:59:03	-100	-100	-100	-100
2019-12-08T18:59:13	-100	-100	-100	-100
2019-12-08T18:59:23	-100	-100	-100	-100
2019-12-08T18:59:33	-100	-100	-100	-100
2019-12-08T18:59:43	-100	-100	-100	-100
2019-12-08T18:59:53	-100	-100	-100	-100
2019-12-08T19:00:03	-100	-100	-100	-100
2019-12-08T19:00:13	-100	-100	-100	-100
2019-12-08T19:00:23	-100	-100	-100	-100
2019-12-08T19:00:33	-100	-100	-100	-100
2019-12-08T19:00:43	-100	-100	-100	-100
2019-12-08T19:00:53	-100	-100	-100	-100
2019-12-08T19:01:03	-100	-100	-100	-100
2019-12-08T19:01:13	-100	-100	-100	-100
2019-12-08T19:01:23	-100	-100	-100	-100
2019-12-08T19:01:33	-100	-100	-100	-100
2019-12-08T19:01:43	-100	-100	-100	-100
2019-12-08T19:01:53	-100	-100	-100	-100
2019-12-08T19:02:03	-100	-100	-100	-100
2019-12-08T19:02:13	-100	-100	-100	-100
2019-12-08T19:02:23	-100	-100	-100	-100
2019-12-08T19:02:33	-100	-100	-100	-100
2019-12-08T19:02:43	-100	-100	-100	-100
2019-12-08T19:02:53	-100	-100	-100	-100
2019-12-08T19:03:03	-100	-100	-100	-100
2019-12-08T19:03:13	-100	-100	-100	-100
2019-12-08T19:03:23	-100	-100	-100	-100
2019-12-08T19:03:33	-100	-100	-100	-100
2019-12-08T19:03:43	-100	-100	-100	-100
2019-12-08T19:03:53	-100	-100	-100	-100
2019-12-08T19:04:03	-100	-100	-100	-100
2019-12-08T19:04:13	-100	-100	-100	-100
2019-12-08T19:04:23	-100	-100	-100	-100
2019-12-08T19:04:33	-100	-100	-100	-100
2019-12-08T19:04:43	-100	-100	-100	-100
2019-12-08T19:04:53	-100	-100	-100	-100
2019-12-08T19:05:03	-100	-100	-100	-100
2019-12-08T19:05:13	-100	-100	-100	-100
2019-12-08T19:05:23	-100	-100	-100	-100
2019-12-08T19:05:33	-100	-100	-100	-100
2019-12-08T19:05:43	-100	-100	-100	-100
2019-12-08T19:05:53	-100	-100	-100	-100
2019-12-08T19:06:03	-100	-100	-100	-100
2019-12-08T19:06:13	-100	-100	-100	-100
2019-12-08T19:06:23	-100	-100	-100	-100
2019-12-08T19:06:33	-100	-100	-100	-100
2019-12-08T19:06:43	-100	-100	-100	-100
2019-12-08T19:06:53	-100	-100	-100	-100
2019-12-08T19:07:03	-100	-100	-100	-100
2019-12-08T19:07:13	-100	-100	-100	-100
2019-12-08T19:07:23	-100	-100	-100	-100
2019-12-08T19:07:33	-100	-100	-100	-100
2019-12-08T19:07:43	-100	-100	-100	-100
2019-12-08T19:07:53	-100	-100	-100	-100
2019-12-08T19:08:03	-100	-100	-100	-100
2019-12-08T19:08:13	-100	-100	-100	-100
2019-12-08T19:08:23	-100	-100	-100	-100
2019-12-08T19:08:33	-100	-100	-100	-100
2019-12-08T19:08:43	-100	-100	-100	-100
2019-12-08T19:08:53	-100	-100	-100	-100
2019-12-08T19:09:03	-100	-100	-100	-100
2019-12-08T19:09:13	-100	-100	-100	-100
2019-12-08T19:09:23	-100	-100	-100	-100
2019-12-08T19:09:33	-100	-100	-100	-100
2019-12-08T19:09:43	-100	-100	-100	-100
2019-12-08T19:09:53	-100	-100	-100	-100
2019-12-08T19:10:03	-100	-100	-100	-100
2019-12-08T19:10:13	-100	-100	-100	-100
2019-12-08T19:10:23	-100	-100	-100	-100
2019-12-08T19:10:33	-100	-100	-100	-100
2019-12-08T19:10:43	-100	-100	-100	-100
2019-12-08T19:10:53	-100	-100	-100	-100
2019-12-08T19:11:03	-100	-100	-100	-100
2019-12-08T19:11:13	-100	-100	-100	-100
2019-12-08T19:11:23	-100	-100	-100	-100
2019-12-08T19:11:33	-100	-100	-100	-100
2019-12-08T19:11:43	-100	-100	-100	-100
2019-12-08T19:11:53	-100	-100	-100	-100
2019-12-08T19:12:03	-100	-100	-100	-100
2019-12-08T19:12:13	-100	-100	-100	-100
2019-12-08T19:12:23	-100	-100	-100	-100
2019-12-08T19:12:33	-100	-100	-100	-100
2019-12-08T19:12:43	-100	-100	-100	-100
2019-12-08T19:12:53	-100	-100	-100	-100
2019-12-08T19:13:03	-100	-100	-100	-100
2019-12-08T19:13:13	-100	-100	-100	-100
2019-12-08T19:13:23	-100	-100	-100	-100
2019-12-08T19:13:33	-100	-100	-100	-100
2019-12-08T19:13:43	-100	-100	-100	-100
2019-12-08T19:13:53	-100	-100	-100	-100
2019-12-08T19:14:03	-100	-100	-100	-100
2019-12-08T19:14:13	-100	-100	-100	-100
2019-12-08T19:14:23	-100	-100	-100	-100
2019-12-08T19:14:33	-100	-100	-100	-100
2019-12-08T19:14:43	-100	-100	-100	-100
2019-12-08T19:14:53	-100	-100	-100	-100
2019-12-08T19:15:03	-100	-100	-100	-100
2019-12-08T19:15:13	-100	-100	-100	-100
2019-12-08T19:15:23	-100	-100	-100	-100
2019-12-08T19:15:33	-100	-100	-100	-100
2019-12-08T19:15:43	-100	-100	-100	-100
2019-12-08T19:15:53	-100	-100	-100	-100
2019-12-08T19:16:03	-100	-100	-100	-100
2019-12-08T19:16:13	-100	-100	-100	-100
2019-12-08T19:16:23	-100	-100	-100	-100
2019-12-08T19:16:33	-100	-100	-100	-100
2019-12-08T19:16:43	-100	-100	-100	-100
2019-12-08T19:16:53	-100	-100	-100	-100
2019-12-08T19:17:03	-100	-100	-100	-100
2019-12-08T19:17:13	-100	-100	-100	-100
2019-12-08T19:17:23	-100	-100	-100	-100
2019-12-08T19:17:33	-100	-100	-100	-100
2019-12-08T19:17:43	-100	-100	-100	-100
2019-12-08T19:17:53	-100	-100	-100	-100
2019-12-08T19:18:03	-100	-100	-100	-100
2019-12-08T19:18:13	-100	-100	-100	-100
2019-12-08T19:18:23	-100	-100	-100	-100
2019-12-08T19:18:33	-100	-100	-100	-100
2019-12-08T19:18:43	-100	-100	-100	-100
2019-12-08T19:18:53	-100	-100	-100	-100
2019-12-08T19:19:03	-100	-100	-100	-100
2019-12-08T19:19:13	-100	-100	-100	-100
2019-12-08T19:19:23	-100	-100	-100	-100
2019-12-08T19:19:33	-100	-100	-100	-100
2019-12-08T19:19:43	-100	-100	-100	-100
2019-12-08T19:19:53	-100	-100	-100	-100
2019-12-08T19:20:03	-100	-100	-100	-100
2019-12-08T19:20:13	-100	-100	-100	-100
2019-12-08T19:20:23	-100	-100	-100	-100
2019-12-08T19:20:33	-100	-100	-100	-100
2019-12-08T19:20:43	-100	-100	-100	-100
2019-12-08T19:20:53	-100	-100	-100	-100
2019-12-08T19:21:03	-100	-100	-100	-100
2019-12-08T19:21:13	-100	-100	-100	-100
2019-12-08T19:21:23	-100	-100	-100	-100
2019-12-08T19:21:33	-100	-100	-100	-100
2019-12-08T19:21:43	-100	-100	-100	-100
2019-12-08T19:21:53	-100	-100	-100	-100
2019-12-08T19:22:03	-100	-100	-100	-100
2019-12-08T19:22:13	-100	-100	-100	-100
2019-12-08T19:22:23	-100	-100	-100	-100
2019-12-08T19:22:33	-100	-100	-100	-100
2019-12-08T19:22:43	-100	-100	-100	-100
2019-12-08T19:22:53	-100	-100	-100	-100
2019-12-08T19:23:03	-100	-100	-100	-100
2019-12-08T19:23:13	-100	-100	-100	-100
2019-12-08T19:23:23	-100	-100	-100	-100
2019-12-08T19:23:33	-100	-100	-100	-100
2019-12-08T19:23:43	-100	-100	-100	-100
2019-12-08T19:23:53	-100	-100	-100	-100
2019-12-08T19:24:03	-100	-100	-100	-100
2019-12-08T19:24:13	-100	-100	-100	-100
2019-12-08T19:24:23	-100	-100	-100	-100
2019-12-08T19:24:33	-100	-100	-100	-100
2019-12-08T19:24:43	-100	-100	-100	-100
2019-12-08T19:24:53	-100	-100	-100	-100
2019-12-08T19:25:03	-100	-100	-100	-100
2019-12-08T19:25:13	-100	-100	-100	-100
2019-12-08T19:25:23	-100	-100	-100	-100
2019-12-08T19:25:33	-100	-100	-100	-100
2019-12-08T19:25:43	-100	-100	-100	-100
2019-12-08T19:25:53	-100	-100	-100	-100
2019-12-08T19:26:03	-100	-100	-100	-100
2019-12-08T19:26:13	-100	-100	-100	-100
2019-12-08T19:26:23	-100	-100	-100	-100
2019-12-08T19:26:33	-100	-100	-100	-100
2019-12-08T19:26:43	-100	-100	-100	-100
2019-12-08T19:26:53	-100	-100	-100	-100
2019-12-08T19:27:03	-100	-100	-100	-100
2019-12-08T19:27:13	-100	-100	-100	-100
2019-12-08T19:27:23	-100	-100	-100	-100
2019-12-08T19:27:33	-100	-100	-100	-100
2019-12-08T19:27:43	-100	-100	-100	-100
2019-12-08T19:27:53	-100	-100	-100	-100
2019-12-08T19:28:03	-100	-100	-100	-100
2019-12-08T19:28:13	-100	-100	-100	-100
2019-12-08T19:28:23	-100	-100	-100	-100
2019-12-08T19:28:33	-100	-100	-100	-100
2019-12-08T19:28:43	-100	-100	-100	-100
2019-12-08T19:28:53	-100	-100	-100	-100
2019-12-08T19:29:03	-100	-100	-100	-100
2019-12-08T19:29:13	-100	-100	-100	-100
2019-12-08T19:29:23	-100	-100	-100	-100
2019-12-08T19:29:33	-100	-100	-100	-100
2019-12-08T19:29:43	-100	-100	-100	-100
2019-12-08T19:29:53	-100	-100	-100	-100
2019-12-08T19:30:03	-100	-100	-100	-100
2019-12-08T19:30:13	-100	-100	-100	-100
2019-12-08T19:30:23	-100	-100	-100	-100
2019-12-08T19:30:33	-100	-100	-100	-100
2019-12-08T19:30:43	-100	-100	-100	-100
2019-12-08T19:30:53	-100	-100	-100	-100
2019-12-08T19:31:03	-100	-100	-100	-100
2019-12-08T19:31:13	-100	-100	-100	-100
2019-12-08T19:31:23	-100	-100	-100	-100
2019-12-08T19:31:33	-100	-100	-100	-100
2019-12-08T19:31:43	-100	-100	-100	-100
2019-12-08T19:31:53	-100	-100	-100	-100
2019-12-08T19:32:03	-100	-100	-100	-100
2019-12-08T19:32:13	-100	-100	-100	-100
2019-12-08T19:32:23	-100	-100	-100	-100
2019-12-08T19:32:33	-100	-100	-100	-100
2019-12-08T19:32:43	-100	-100	-100	-100
2019-12-08T19:32:53	-100	-100	-100	-100
2019-12-08T19:33:03	-100	-100	-100	-100
2019-12-08T19:33:13	-100	-100	-100	-100
2019-12-08T19:33:23	-100	-100	-100	-100
2019-12-08T19:33:33	-100	-100	-100	-100
2019-12-08T19:33:43	-100	-100	-100	-100
2019-12-08T19:33:53	-100	-100	-100	-100
2019-12-08T19:34:03	-100	-100	-100	-100
2019-12-08T19:34:13	-100	-100	-100	-100
2019-12-08T19:34:23	-100	-100	-100	-100
2019-12-08T19:34:33	-100	-100	-100	-100
2019-12-08T19:34:43	-100	-100	-100	-100
2019-12-08T19:34:53	-100	-100	-100	-100
2019-12-08T19:35:03	-100	-100	-100	-100
2019-12-08T19:35:13	-100	-100	-100	-100
2019-12-08T19:35:23	-100	-100	-100	-100
2019-12-08T19:35:33	-100	-100	-100	-100
2019-12-08T19:35:43	-100	-100	-100	-100
2019-12-08T19:35:53	-100	-100	-100	-100
2019-12-08T19:36:03	-100	-100	-100	-100
2019-12-08T19:36:13	-100	-100	-100	-100
2019-12-08T19:36:23	-100	-100	-100	-100
2019-12-08T19:36:33	-100	-100	-100	-100
2019-12-08T19:36:43	-100	-100	-100	-100
2019-12-08T19:36:53	-100	-100	-100	-100
2019-12-08T19:37:03	-100	-100	-100	-100
2019-12-08T19:37:13	-100	-100	-100	-100
2019-12-08T19:37:23	-100	-100	-100	-100
2019-12-08T19:37:33	-100	-100	-100	-100
2019-12-08T19:37:43	-100	-100	-100	-100
2019-12-08T19:37:53	-100	-100	-100	-100
2019-12-08T19:38:03	-100	-100	-100	-100
2019-12-08T19:38:13	-100	-100	-100	-100
2019-12-08T19:38:23	-100	-100	-100	-100
2019-12-08T19:38:33	-100	-100	-100	-100
2019-12-08T19:38:43	-100	-100	-100	-100
2019-12-08T19:38:53	-100	-100	-100	-100
2019-12-08T19:39:03	-100	-100	-100	-100
2019-12-08T19:39:13	-100	-100	-100	-100
2019-12-08T19:39:23	-100	-100	-100	-100
2019-12-08T19:39:33	-100	-100	-100	-100
2019-12-08T19:39:43	-100	-100	-100	-100
2019-12-08T19:39:53	-100	-100	-100	-100
2019-12-08T19:40:03	-100	-100	-100	-100
2019-12-08T19:40:13	-100	-100	-100	-100
2019-12-08T19:40:23	-100	-100	-100	-100
2019-12-08T19:40:33	-100	-100	-100	-100
2019-12-08T19:40:43	-100	-100	-100	-100
2019-12-08T19:40:53	-100	-100	-100	-100
2019-12-08T19:41:03	-100	-100	-100	-100
2019-12-08T19:41:13	-100	-100	-100	-100
2019-12-08T19:41:23	-100	-100	-100	-100
2019-12-08T19:41:33	-100	-100	-100	-100
2019-12-08T19:41:43	-100	-100	-100	-100
2019-12-08T19:41:53	-100	-100	-100	-100
2019-12-08T19:42:03	-100	-100	-100	-100
2019-12-08T19:42:13	-100	-100	-100	-100
2019-12-08T19:42:23	-100	-100	-100	-100
2019-12-08T19:42:33	-100	-100	-100	-100
2019-12-08T19:42:43	-100	-100	-100	-100
2019-12-08T19:42:53	-100	-100	-100	-100
2019-12-08T19:43:03	-100	-100	-100	-100
2019-12-08T19:43:13	-100	-100	-100	-100
2019-12-08T19:43:23	-100	-100	-100	-100
2019-12-08T19:43:33	-100	-100	-100	-100
2019-12-08T19:43:43	-100	-100	-100	-100
2019-12-08T19:43:53	-100	-100	-100	-100
2019-12-08T19:44:03	-100	-100	-100	-100
2019-12-08T19:44:13	-100	-100	-100	-100
2019-12-08T19:44:23	-100	-100	-100	-100
2019-12-08T19:44:33	-100	-100	-100	-100
2019-12-08T19:44:43	-100	-100	-100	-100
2019-12-08T19:44:53	-100	-100	-100	-100
2019-12-08T19:45:03	-100	-100	-100	-100
2019-12-08T19:45:13	-100	-100	-100	-100
2019-12-08T19:45:23	-100	-100	-100	-100
2019-12-08T19:45:33	-100	-100	-100	-100
2019-12-08T19:45:43	-100	-100	-100	-100
2019-12-08T19:45:53	-100	-100	-100	-100
2019-12-08T19:46:03	-100	-100	-100	-100
2019-12-08T19:46:13	-100	-100	-100	-100
2019-12-08T19:46:23	-100	-100	-100	-100
2019-12-08T19:46:33	-100	-100	-100	-100
2019-12-08T19:46:43	-100	-100	-100	-100
2019-12-08T19:46:53	-100	-100	-100	-100
2019-12-08T19:47:03	-100	-100	-100	-100
2019-12-08T19:47:13	-100	-100	-100	-100
2019-12-08T19:47:23	-100	-100	-100	-100
2019-12-08T19:47:33	-100	-100	-100	-100
2019-12-08T19:47:43	-100	-100	-100	-100
2019-12-08T19:47:53	-100	-100	-100	-100
2019-12-08T19:48:03	-100	-100	-100	-100
2019-12-08T19:48:13	-100	-100	-100	-100
2019-12-08T19:48:23	-100	-100	-100	-100
2019-12-08T19:48:33	-100	-100	-100	-100
2019-12-08T19:48:43	-100	-100	-100	-100
2019-12-08T19:48:53	-100	-100	-100	-100
2019-12-08T19:49:03	-100	-100	-100	-100
2019-12-08T19:49:13	-100	-100	-100	-100
2019-12-08T19:49:23	-100	-100	-100	-100
2019-12-08T19:49:33	-100	-100	-100	-100
2019-12-08T19:49:43	-100	-100	-100	-100
2019-12-08T19:49:53	-100	-100	-100	-100
2019-12-08T19:50:03	-100	-100	-100	-100
2019-12-08T19:50:13	-100	-100	-100	-100
2019-12-08T19:50:23	-100	-100	-100	-100
2019-12-08T19:50:33	-100	-100	-100	-100
2019-12-08T19:50:43	-100	-100	-100	-100
2019-12-08T19:50:53	-100	-100	-100	-100
2019-12-08T19:51:03	-100	-100	-100	-100
2019-12-08T19:51:13	-100	-100	-100	-100
2019-12-08T19:51:23	-100	-100	-100	-100
2019-12-08T19:51:33	-100	-100	-100	-100
2019-12-08T19:51:43	-100	-100	-100	-100
2019-12-08T19:51:53	-100	-100	-100	-100
2019-12-08T19:52:03	-100	-100	-100	-100
2019-12-08T19:52:13	-100	-100	-100	-100
2019-12-08T19:52:23	-100	-100	-100	-100
2019-12-08T19:52:33	-100	-100	-100	-100
2019-12-08T19:52:43	-100	-100	-100	-100
2019-12-08T19:52:53	-100	-100	-100	-100
2019-12-08T19:53:03	-100	-100	-100	-100
2019-12-08T19:53:13	-100	-100	-100	-100
2019-12-08T19:53:23	-100	-100	-100	-100
2019-12-08T19:53:33	-100	-100	-100	-100
2019-12-08T19:53:43	-100	-100	-100	-100
2019-12-08T19:53:53	-100	-100	-100	-100
2019-12-08T19:54:03	-100	-100	-100	-100
2019-12-08T19:54:13	-100	-100	-100	-100
2019-12-08T19:54:23	-100	-100	-100	-100
2019-12-08T19:54:33	-100	-100	-100	-100
2019-12-08T19:54:43	-100	-100	-100	-100
2019-12-08T19:54:53	-100	-100	-100	-100
2019-12-08T19:55:03	-100	-100	-100	-100
2019-12-08T19:55:13	-100	-100	-100	-100
2019-12-08T19:55:23	-100	-100	-100	-100
2019-12-08T19:55:33	-100	-100	-100	-100
2019-12-08T19:55:43	-100	-100	-100	-100
2019-12-08T19:55:53	-100	-100	-100	-100
2019-12-08T19:56:03	-100	-100	-100	-100
2019-12-08T19:56:13	-100	-100	-100	-100
2019-12-08T19:56:23	-100	-100	-100	-100
2019-12-08T19:56:33	-100	-100	-100	-100
2019-12-08T19:56:43	-100	-100	-100	-100
2019-12-08T19:56:53	-100	-100	-100	-100
2019-12-08T19:57:03	-100	-100	-100	-100
2019-12-08T19:57:13	-100	-100	-100	-100
2019-12-08T19:57:23	-100	-100	-100	-100
2019-12-08T19:57:33	-100	-100	-100	-100
2019-12-08T19:57:43	-100	-100	-100	-100
2019-12-08T19:57:53	-100	-100	-100	-100
2019-12-08T19:58:03	-100	-100	-100	-100
2019-12-08T19:58:13	-100	-100	-100	-100
2019-12-08T19:58:23	-100	-100	-100	-100
2019-12-08T19:58:33	-100	-100	-100	-100
2019-12-08T19:58:43	-100	-100	-100	-100
2019-12-08T19:58:53	-100	-100	-100	-100
2019-12-08T19:59:03	-100	-100	-100	-100
2019-12-08T19:59:13	-100	-100	-100	-100
2019-12-08T19:59:23	-100	-100	-100	-100
2019-12-08T19:59:33	-100	-100	-100	-100
2019-12-08T19:59:43	-100	-100	-100	-100
2019-12-08T19:59:53	-100	-100	-100	-100
2019-12-08T20:00:03	-100	-100	-100	-100
2019-12-08T20:00:13	-100	-100	-100	-100
2019-12-08T20:00:23	-100	-100	-100	-100
2019-12-08T20:00:33	-100	-100	-100	-100
2019-12-08T20:00:43	-100	-100	-100	-100
2019-12-08T20:00:53	-100	-100	-100	-100
2019-12-08T20:01:03	-100	-100	-100	-100
2019-12-08T20:01:13	-100	-100	-100	-100
2019-12-08T20:01:23	-100	-100	-100	-100
2019-12-08T20:01:33	-100	-100	-100	-100
2019-12-08T20:01:43	-100	-100	-100	-100
2019-12-08T20:01:53	-100	-100	-100	-100
2019-12-08T20:02:03	-100	-100	-100	-100
2019-12-08T20:02:13	-100	-100	-100	-100
2019-12-08T20:02:23	-100	-100	-100	-100
2019-12-08T20:02:33	-100	-100	-100	-100
2019-12-08T20:02:43	-100	-100	-100	-100
2019-12-08T20:02:53	-100	-100	-100	-100
2019-12-08T20:03:03	-100	-100	-100	-100
2019-12-08T20:03:13	-100	-100	-100	-100
2019-12-08T20:03:23	-100	-100	-100	-100
2019-12-08T20:03:33	-100	-100	-100	-100
2019-12-08T20:03:43	-100	-100	-100	-100
2019-12-08T20:03:53	-100	-100	-100	-100
2019-12-08T20:04:03	-100	-100	-100	-100
2019-12-08T20:04:13	-100	-100	-100	-100
2019-12-08T20:04:23	-100	-100	-100	-100
2019-12-08T20:04:33	-100	-100	-100	-100
2019-12-08T20:04:43	-100	-100	-100	-100
2019-12-08T20:04:53	-100	-100	-100	-100
2019-12-08T20:05:03	-100	-100	-100	-100
2019-12-08T20:05:13	-100	-100	-100	-100
2019-12-08T20:05:23	-100	-100	-100	-100
2019-12-08T20:05:33	-100	-100	-100	-100
2019-12-08T20:05:43	-100	-100	-100	-100
2019-12-08T20:05:53	-100	-100	-100	-100
2019-12-08T20:06:03	-100	-100	-100	-100
2019-12-08T20:06:13	-100	-100	-100	-100
2019-12-08T20:06:23	-100	-100	-100	-100
2019-12-08T20:06:33	-100	-100	-100	-100
2019-12-08T20:06:43	-100	-100	-100	-100
2019-12-08T20:06:53	-100	-100	-100	-100
2019-12-08T20:07:03	-100	-100	-100	-100
2019-12-08T20:07:13	-100	-100	-100	-100
2019-12-08T20:07:23	-100	-100	-100	-100
2019-12-08T20:07:33	-100	-100	-100	-100
2019-12-08T20:07:43	-100	-100	-100	-100
2019-12-08T20:07:53	-100	-100	-100	-100
2019-12-08T20:08:03	-100	-100	-100	-100
2019-12-08T20:08:13	-100	-100	-100	-100
2019-12-08T20:08:23	-100	-100	-100	-100
2019-12-08T20:08:33	-100	-100	-100	-100
2019-12-08T20:08:43	-100	-100	-100	-100
2019-12-08T20:08:53	-100	-100	-100	-100
2019-12-08T20:09:03	-100	-100	-100	-100
2019-12-08T20:09:13	-100	-100	-100	-100
2019-12-08T20:09:23	-100	-100	-100	-100
2019-12-08T20:09:33	-100	-100	-100	-100
2019-12-08T20:09:43	-100	-100	-100	-100
2019-12-08T20:09:53	-100	-100	-100	-100
2019-12-08T20:10:03	-100	-100	-100	-100
2019-12-08T20:10:13	-100	-100	-100	-100
2019-12-08T20:10:23	-100	-100	-100	-100
2019-12-08T20:10:33	-100	-100	-100	-100
2019-12-08T20:10:43	-100	-100	-100	-100
2019-12-08T20:10:53	-100	-100	-100	-100
2019-12-08T20:11:03	-100	-100	-100	-100
2019-12-08T20:11:13	-100	-100	-100	-100
2019-12-08T20:11:23	-100	-100	-100	-100
2019-12-08T20:11:33	-100	-100	-100	-100
2019-12-08T20:11:43	-100	-100	-100	-100
2019-12-08T20:11:53	-100	-100	-100	-100
2019-12-08T20:12:03	-100	-100	-100	-100
2019-12-08T20:12:13	-100	-100	-100	-100
2019-12-08T20:12:23	-100	-100	-100	-100
2019-12-08T20:12:33	-100	-100	-100	-100
2019-12-08T20:12:43	-100	-100	-100	-100
2019-12-08T20:12:53	-100	-100	-100	-100
2019-12-08T20:13:03	-100	-100	-100	-100
2019-12-08T20:13:13	-100	-100	-100	-100
2019-12-08T20:13:23	-100	-100	-100	-100
2019-12-08T20:13:33	-100	-100	-100	-100
2019-12-08T20:13:43	-100	-100	-100	-100
2019-12-08T20:13:53	-100	-100	-100	-100
2019-12-08T20:14:03	-100	-100	-100	-100
2019-12-08T20:14:13	-100	-100	-100	-100
2019-12-08T20:14:23	-100	-100	-100	-100
2019-12-08T20:14:33	-100	-100	-100	-100
2019-12-08T20:14:43	-100	-100	-100	-100
2019-12-08T20:14:53	-100	-100	-100	-100
2019-12-08T20:15:03	-100	-100	-100	-100
2019-12-08T20:15:13	-100	-100	-100	-100
2019-12-08T20:15:23	-100	-100	-100	-100
2019-12-08T20:15:33	-100	-100	-100	-100
2019-12-08T20:15:43	-100	-100	-100	-100
2019-12-08T20:15:53	-100	-100	-100	-100
2019-12-08T20:16:03	-100	-100	-100	-100
2019-12-08T20:16:13	-100	-100	-100	-100
2019-12-08T20:16:23	-100	-100	-100	-100
2019-12-08T20:16:33	-100	-100	-100	-100
2019-12-08T20:16:43	-100	-100	-100	-100
2019-12-08T20:16:53	-100	-100	-100	-100
2019-12-08T20:17:03	-100	-100	-100	-100
2019-12-08T20:17:13	-100	-100	-100	-100
2019-12-08T20:17:23	-100	-100	-100	-100
2019-12-08T20:17:33	-100	-100	-100	-100
2019-12-08T20:17:43	-100	-100	-100	-100
2019-12-08T20:17:53	-100	-100	-100	-100
2019-12-08T20:18:03	-100	-100	-100	-100
2019-12-08T20:18:13	-100	-100	-100	-100
2019-12-08T20:18:23	-100	-100	-100	-100
2019-12-08T20:18:33	-100	-100	-100	-100
2019-12-08T20:18:43	-100	-100	-100	-100
2019-12-08T20:18:53	-100	-100	-100	-100
2019-12-08T20:19:03	-100	-100	-100	-100
2019-12-08T20:19:13	-100	-100	-100	-100
2019-12-08T20:19:23	-100	-100	-100	-100
2019-12-08T20:19:33	-100	-100	-100	-100
2019-12-08T20:19:43	-100	-100	-100	-100
2019-12-08T20:19:53	-100	-100	-100	-100
2019-12-08T20:20:03	-100	-100	-100	-100
2019-12-08T20:20:13	-100	-100	-100	-100
2019-12-08T20:20:23	-100	-100	-100	-100
2019-12-08T20:20:33	-100	-100	-100	-100
2019-12-08T20:20:43	-100	-100	-100	-100
2019-12-08T20:20:53	-100	-100	-100	-100
2019-12-08T20:21:03	-100	-100	-100	-100
2019-12-08T20:21:13	-100	-100	-100	-100
2019-12-08T20:21:23	-100	-100	-100	-100
2019-12-08T20:21:33	-100	-100	-100	-100
2019-12-08T20:21:43	-100	-100	-100	-100
2019-12-08T20:21:53	-100	-100	-100	-100
2019-12-08T20:22:03	-100	-100	-100	-100
2019-12-08T20:22:13	-100	-100	-100	-100
2019-12-08T20:22:23	-100	-100	-100	-100
2019-12-08T20:22:33	-100	-100	-100	-100
2019-12-08T20:22:43	-100	-100	-100	-100
2019-12-08T20:22:53	-100	-100	-100	-100
2019-12-08T20:23:03	-100	-100	-100	-100
2019-12-08T20:23:13	-100	-100	-100	-100
2019-12-08T20:23:23	-100	-100	-100	-100
2019-12-08T20:23:33	-100	-100	-100	-100
2019-12-08T20:23:43	-100	-100	-100	-100
2019-12-08T20:23:53	-100	-100	-100	-100
2019-12-08T20:24:03	-100	-100	-100	-100
2019-12-08T20:24:13	-100	-100	-100	-100
2019-12-08T20:24:23	-100	-100	-100	-100
2019-12-08T20:24:33	-100	-100	-100	-100
2019-12-08T20:24:43	-100	-100	-100	-100
2019-12-08T20:24:53	-100	-100	-100	-100
2019-12-08T20:25:03	-100	-100	-100	-100
2019-12-08T20:25:13	-100	-100	-100	-100
2019-12-08T20:25:23	-100	-100	-100	-100
2019-12-08T20:25:33	-100	-100	-100	-100
2019-12-08T20:25:43	-100	-100	-100	-100
2019-12-08T20:25:53	-100	-100	-100	-100
2019-12-08T20:26:03	-100	-100	-100	-100
2019-12-08T20:26:13	-100	-100	-100	-100
2019-12-08T20:26:23	-100	-100	-100	-100
2019-12-08T20:26:33	-100	-100	-100	-100
2019-12-08T20:26:43	-100	-100	-100	-100
2019-12-08T20:26:53	-100	-100	-100	-100
2019-12-08T20:27:03	-100	-100	-100	-100
2019-12-08T20:27:13	-100	-100	-100	-100
2019-12-08T20:27:23	-100	-100	-100	-100
2019-12-08T20:27:33	-100	-100	-100	-100
2019-12-08T20:27:43	-100	-100	-100	-100
2019-12-08T20:27:53	-100	-100	-100	-100
2019-12-08T20:28:03	-100	-100	-100	-100
2019-12-08T20:28:13	-100	-100	-100	-100
2019-12-08T20:28:23	-100	-100	-100	-100
2019-12-08T20:28:33	-100	-100	-100	-100
2019-12-08T20:28:43	-100	-100	-100	-100
2019-12-08T20:28:53	-100	-100	-100	-100
2019-12-08T20:29:03	-100	-100	-100	-100
2019-12-08T20:29:13	-100	-100	-100	-100
2019-12-08T20:29:23	-100	-100	-100	-100
2019-12-08T20:29:33	-100	-100	-100	-100
2019-12-08T20:29:43	-100	-100	-100	-100
2019-12-08T20:29:53	-100	-100	-100	-100
2019-12-08T20:30:03	-100	-100	-100	-100
2019-12-08T20:30:13	-100	-100	-100	-100
2019-12-08T20:30:23	-100	-100	-100	-100
2019-12-08T20:30:33	-100	-100	-100	-100
2019-12-08T20:30:43	-100	-100	-100	-100
2019-12-08T20:30:53	-100	-100	-100	-100
2019-12-08T20:31:03	-100	-100	-100	-100
2019-12-08T20:31:13	-100	-100	-100	-100
2019-12-08T20:31:23	-100	-100	-100	-100
2019-12-08T20:31:33	-100	-100	-100	-100
2019-12-08T20:31:43	-100	-100	-100	-100
2019-12-08T20:31:53	-100	-100	-100	-100
2019-12-08T20:32:03	-100	-100	-100	-100
2019-12-08T20:32:13	-100	-100	-100	-100
2019-12-08T20:32:23	-100	-100	-100	-100
2019-12-08T20:32:33	-100	-100	-100	-100
2019-12-08T20:32:43	-100	-100	-100	-100
2019-12-08T20:32:53	-100	-100	-100	-100
2019-12-08T20:33:03	-100	-100	-100	-100
2019-12-08T20:33:13	-100	-100	-100	-100
2019-12-08T20:33:23	-100	-100	-100	-100
2019-12-08T20:33:33	-100	-100	-100	-100
2019-12-08T20:33:43	-100	-100	-100	-100
2019-12-08T20:33:53	-100	-100	-100	-100
2019-12-08T20:34:03	-100	-100	-100	-100
2019-12-08T20:34:13	-100	-100	-100	-100
2019-12-08T20:34:23	-100	-100	-100	-100
2019-12-08T20:34:33	-100	-100	-100	-100
2019-12-08T20:34:43	-100	-100	-100	-100
2019-12-08T20:34:53	-100	-100	-100	-100
2019-12-08T20:35:03	-100	-100	-100	-100
2019-12-08T20:35:13	-100	-100	-100	-100
2019-12-08T20:35:23	-100	-100	-100	-100
2019-12-08T20:35:33	-100	-100	-100	-100
2019-12-08T20:35:43	-100	-100	-100	-100
2019-12-08T20:35:53	-100	-100	-100	-100
2019-12-08T20:36:03	-100	-100	-100	-100
2019-12-08T20:36:13	-100	-100	-100	-100
2019-12-08T20:36:23	-100	-100	-100	-100
2019-12-08T20:36:33	-100	-100	-100	-100
2019-12-08T20:36:43	-100	-100	-100	-100
2019-12-08T20:36:53	-100	-100	-100	-100
2019-12-08T20:37:03	-100	-100	-100	-100
2019-12-08T20:37:13	-100	-100	-100	-100
2019-12-08T20:37:23	-100	-100	-100	-100
2019-12-08T20:37:33	-100	-100	-100	-100
2019-12-08T20:37:43	-100	-100	-100	-100
2019-12-08T20:37:53	-100	-100	-100	-100
2019-12-08T20:38:03	-100	-100	-100	-100
2019-12-08T20:38:13	-100	-100	-100	-100
2019-12-08T20:38:23	-100	-100	-100	-100
2019-12-08T20:38:33	-100	-100	-100	-100
2019-12-08T20:38:43	-100	-100	-100	-100
2019-12-08T20:38:53	-100	-100	-100	-100
2019-12-08T20:39:03	-100	-100	-100	-100
2019-12-08T20:39:13	-100	-100	-100	-100
2019-12-08T20:39:23	-100	-100	-100	-100
2019-12-08T20:39:33	-100	-100	-100	-100
2019-12-08T20:39:43	-100	-100	-100	-100
2019-12-08T20:39:53	-100	-100	-100	-100
2019-12-08T20:40:03	-100	-100	-100	-100
2019-12-08T20:40:13	-100	-100	-100	-100
2019-12-08T20:40:23	-100	-100	-100	-100
2019-12-08T20:40:33	-100	-100	-100	-100
2019-12-08T20:40:43	-100	-100	-100	-100
2019-12-08T20:40:54	-100	-100	-100	-100
2019-12-08T20:41:03	-100	-100	-100	-100
2019-12-08T20:41:13	-100	-100	-100	-100
2019-12-08T20:41:24	-100	-100	-100	-100
2019-12-08T20:41:34	-100	-100	-100	-100
2019-12-08T20:41:44	-100	-100	-100	-100
2019-12-08T20:41:54	-100	-100	-100	-100
2019-12-08T20:42:04	-100	-100	-100	-100
2019-12-08T20:42:14	-100	-100	-100	-100
2019-12-08T20:42:24	-100	-100	-100	-100
2019-12-08T20:42:34	-100	-100	-100	-100
2019-12-08T20:42:44	-100	-100	-100	-100
2019-12-08T20:42:54	-100	-100	-100	-100
2019-12-08T20:43:04	-100	-100	-100	-100
2019-12-08T20:43:14	-100	-100	-100	-100
2019-12-08T20:43:24	-100	-100	-100	-100
2019-12-08T20:43:34	-100	-100	-100	-100
2019-12-08T20:43:44	-100	-100	-100	-100
2019-12-08T20:43:54	-100	-100	-100	-100
2019-12-08T20:44:04	-100	-100	-100	-100
2019-12-08T20:44:14	-100	-100	-100	-100
2019-12-08T20:44:24	-100	-100	-100	-100
2019-12-08T20:44:34	-100	-100	-100	-100
2019-12-08T20:44:44	-100	-100	-100	-100
2019-12-08T20:44:54	-100	-100	-100	-100
2019-12-08T20:45:04	-100	-100	-100	-100
2019-12-08T20:45:14	-100	-100	-100	-100
2019-12-08T20:45:24	-100	-100	-100	-100
2019-12-08T20:45:34	-100	-100	-100	-100
2019-12-08T20:45:44	-100	-100	-100	-100
2019-12-08T20:45:54	-100	-100	-100	-100
2019-12-08T20:46:04	-100	-100	-100	-100
2019-12-08T20:46:14	-100	-100	-100	-100
2019-12-08T20:46:24	-100	-100	-100	-100
2019-12-08T20:46:34	-100	-100	-100	-100
2019-12-08T20:46:44	-100	-100	-100	-100
2019-12-08T20:46:54	-100	-100	-100	-100
2019-12-08T20:47:04	-100	-100	-100	-100
2019-12-08T20:47:14	-100	-100	-100	-100
2019-12-08T20:47:24	-100	-100	-100	-100
2019-12-08T20:47:34	-100	-100	-100	-100
2019-12-08T20:47:44	-100	-100	-100	-100
2019-12-08T20:47:54	-100	-100	-100	-100
2019-12-08T20:48:04	-100	-100	-100	-100
2019-12-08T20:48:14	-100	-100	-100	-100
2019-12-08T20:48:24	-100	-100	-100	-100
2019-12-08T20:48:34	-100	-100	-100	-100
2019-12-08T20:48:44	-100	-100	-100	-100
2019-12-08T20:48:54	-100	-100	-100	-100
2019-12-08T20:49:04	-100	-100	-100	-100
2019-12-08T20:49:14	-100	-100	-100	-100
2019-12-08T20:49:24	-100	-100	-100	-100
2019-12-08T20:49:34	-100	-100	-100	-100
2019-12-08T20:49:44	-100	-100	-100	-100
2019-12-08T20:49:54	-100	-100	-100	-100
2019-12-08T20:50:04	-100	-100	-100	-100
2019-12-08T20:50:14	-100	-100	-100	-100
2019-12-08T20:50:24	-100	-100	-100	-100
2019-12-08T20:50:34	-100	-100	-100	-100
2019-12-08T20:50:44	-100	-100	-100	-100
2019-12-08T20:50:54	-100	-100	-100	-100
2019-12-08T20:51:04	-100	-100	-100	-100
2019-12-08T20:51:14	-100	-100	-100	-100
2019-12-08T20:51:24	-100	-100	-100	-100
2019-12-08T20:51:34	-100	-100	-100	-100
2019-12-08T20:51:44	-100	-100	-100	-100
2019-12-08T20:51:54	-100	-100	-100	-100
2019-12-08T20:52:04	-100	-100	-100	-100
2019-12-08T20:52:14	-100	-100	-100	-100
2019-12-08T20:52:24	-100	-100	-100	-100
2019-12-08T20:52:34	-100	-100	-100	-100
2019-12-08T20:52:44	-100	-100	-100	-100
2019-12-08T20:52:54	-100	-100	-100	-100
2019-12-08T20:53:04	-100	-100	-100	-100
2019-12-08T20:53:14	-100	-100	-100	-100
2019-12-08T20:53:24	-100	-100	-100	-100
2019-12-08T20:53:34	-100	-100	-100	-100
2019-12-08T20:53:44	-100	-100	-100	-100
2019-12-08T20:53:54	-100	-100	-100	-100
2019-12-08T20:54:04	-100	-100	-100	-100
2019-12-08T20:54:14	-100	-100	-100	-100
2019-12-08T20:54:24	-100	-100	-100	-100
2019-12-08T20:54:34	-100	-100	-100	-100
2019-12-08T20:54:44	-100	-100	-100	-100
2019-12-08T20:54:54	-100	-100	-100	-100
2019-12-08T20:55:04	-100	-100	-100	-100
2019-12-08T20:55:14	-100	-100	-100	-100
2019-12-08T20:55:24	-100	-100	-100	-100
2019-12-08T20:55:34	-100	-100	-100	-100
2019-12-08T20:55:44	-100	-100	-100	-100
2019-12-08T20:55:54	-100	-100	-100	-100
2019-12-08T20:56:04	-100	-100	-100	-100
2019-12-08T20:56:14	-100	-100	-100	-100
2019-12-08T20:56:24	-100	-100	-100	-100
2019-12-08T20:56:34	-100	-100	-100	-100
2019-12-08T20:56:44	-100	-100	-100	-100
2019-12-08T20:56:54	-100	-100	-100	-100
2019-12-08T20:57:04	-100	-100	-100	-100
2019-12-08T20:57:14	-100	-100	-100	-100
2019-12-08T20:57:24	-100	-100	-100	-100
2019-12-08T20:57:34	-100	-100	-100	-100
2019-12-08T20:57:44	-100	-100	-100	-100
2019-12-08T20:57:54	-100	-100	-100	-100
2019-12-08T20:58:04	-100	-100	-100	-100
2019-12-08T20:58:14	-100	-100	-100	-100
2019-12-08T20:58:24	-100	-100	-100	-100
2019-12-08T20:58:34	-100	-100	-100	-100
2019-12-08T20:58:44	-100	-100	-100	-100
2019-12-08T20:58:54	-100	-100	-100	-100
2019-12-08T20:59:04	-100	-100	-100	-100
2019-12-08T20:59:14	-100	-100	-100	-100
2019-12-08T20:59:24	-100	-100	-100	-100
2019-12-08T20:59:34	-100	-100	-100	-100
2019-12-08T20:59:44	-100	-100	-100	-100
2019-12-08T20:59:54	-100	-100	-100	-100
2019-12-08T21:00:04	-100	-100	-100	-100
2019-12-08T21:00:14	-100	-100	-100	-100
2019-12-08T21:00:24	-100	-100	-100	-100
2019-12-08T21:00:34	-100	-100	-100	-100
2019-12-08T21:00:44	-100	-100	-100	-100
2019-12-08T21:00:54	-100	-100	-100	-100
2019-12-08T21:01:04	-100	-100	-100	-100
2019-12-08T21:01:14	-100	-100	-100	-100
2019-12-08T21:01:24	-100	-100	-100	-100
2019-12-08T21:01:34	-100	-100	-100	-100
2019-12-08T21:01:44	-100	-100	-100	-100
2019-12-08T21:01:54	-100	-100	-100	-100
2019-12-08T21:02:04	-100	-100	-100	-100
2019-12-08T21:02:14	-100	-100	-100	-100
2019-12-08T21:02:24	-100	-100	-100	-100
2019-12-08T21:02:34	-100	-100	-100	-100
2019-12-08T21:02:44	-100	-100	-100	-100
2019-12-08T21:02:54	-100	-100	-100	-100
2019-12-08T21:03:04	-100	-100	-100	-100
2019-12-08T21:03:14	-100	-100	-100	-100
2019-12-08T21:03:24	-100	-100	-100	-100
2019-12-08T21:03:34	-100	-100	-100	-100
2019-12-08T21:03:44	-100	-100	-100	-100
2019-12-08T21:03:54	-100	-100	-100	-100
2019-12-08T21:04:04	-100	-100	-100	-100
2019-12-08T21:04:14	-100	-100	-100	-100
2019-12-08T21:04:24	-100	-100	-100	-100
2019-12-08T21:04:34	-100	-100	-100	-100
2019-12-08T21:04:44	-100	-100	-100	-100
2019-12-08T21:04:54	-100	-100	-100	-100
2019-12-08T21:05:04	-100	-100	-100	-100
2019-12-08T21:05:14	-100	-100	-100	-100
2019-12-08T21:05:24	-100	-100	-100	-100
2019-12-08T21:05:34	-100	-100	-100	-100
2019-12-08T21:05:44	-100	-100	-100	-100
2019-12-08T21:05:54	-100	-100	-100	-100
2019-12-08T21:06:04	-100	-100	-100	-100
2019-12-08T21:06:14	-100	-100	-100	-100
2019-12-08T21:06:24	-100	-100	-100	-100
2019-12-08T21:06:34	-100	-100	-100	-100
2019-12-08T21:06:44	-100	-100	-100	-100
2019-12-08T21:06:54	-100	-100	-100	-100
2019-12-08T21:07:04	-100	-100	-100	-100
2019-12-08T21:07:14	-100	-100	-100	-100
2019-12-08T21:07:24	-100	-100	-100	-100
2019-12-08T21:07:34	-100	-100	-100	-100
2019-12-08T21:07:44	-100	-100	-100	-100
2019-12-08T21:07:54	-100	-100	-100	-100
2019-12-08T21:08:04	-100	-100	-100	-100
2019-12-08T21:08:14	-100	-100	-100	-100
2019-12-08T21:08:24	-100	-100	-100	-100
2019-12-08T21:08:34	-100	-100	-100	-100
2019-12-08T21:08:44	-100	-100	-100	-100
2019-12-08T21:08:54	-100	-100	-100	-100
2019-12-08T21:09:04	-100	-100	-100	-100
2019-12-08T21:09:14	-100	-100	-100	-100
2019-12-08T21:09:24	-100	-100	-100	-100
2019-12-08T21:09:34	-100	-100	-100	-100
2019-12-08T21:09:44	-100	-100	-100	-100
2019-12-08T21:09:54	-100	-100	-100	-100
2019-12-08T21:10:04	-100	-100	-100	-100
2019-12-08T21:10:14	-100	-100	-100	-100
2019-12-08T21:10:24	-100	-100	-100	-100
2019-12-08T21:10:34	-100	-100	-100	-100
2019-12-08T21:10:44	-100	-100	-100	-100
2019-12-08T21:10:54	-100	-100	-100	-100
2019-12-08T21:11:04	-100	-100	-100	-100
2019-12-08T21:11:14	-100	-100	-100	-100
2019-12-08T21:11:24	-100	-100	-100	-100
2019-12-08T21:11:34	-100	-100	-100	-100
2019-12-08T21:11:44	-100	-100	-100	-100
2019-12-08T21:11:54	-100	-100	-100	-100
2019-12-08T21:12:04	-100	-100	-100	-100
2019-12-08T21:12:14	-100	-100	-100	-100
2019-12-08T21:12:24	-100	-100	-100	-100
2019-12-08T21:12:34	-100	-100	-100	-100
2019-12-08T21:12:44	-100	-100	-100	-100
2019-12-08T21:12:54	-100	-100	-100	-100
2019-12-08T21:13:04	-100	-100	-100	-100
2019-12-08T21:13:14	-100	-100	-100	-100
2019-12-08T21:13:24	-100	-100	-100	-100
2019-12-08T21:13:34	-100	-100	-100	-100
2019-12-08T21:13:44	-100	-100	-100	-100
2019-12-08T21:13:54	-100	-100	-100	-100
2019-12-08T21:14:04	-100	-100	-100	-100
2019-12-08T21:14:14	-100	-100	-100	-100
2019-12-08T21:14:24	-100	-100	-100	-100
2019-12-08T21:14:34	-100	-100	-100	-100
2019-12-08T21:14:44	-100	-100	-100	-100
2019-12-08T21:14:54	-100	-100	-100	-100
2019-12-08T21:15:04	-100	-100	-100	-100
2019-12-08T21:15:14	-100	-100	-100	-100
2019-12-08T21:15:24	-100	-100	-100	-100
2019-12-08T21:15:34	-100	-100	-100	-100
2019-12-08T21:15:44	-100	-100	-100	-100
2019-12-08T21:15:54	-100	-100	-100	-100
2019-12-08T21:16:04	-100	-100	-100	-100
2019-12-08T21:16:14	-100	-100	-100	-100
2019-12-08T21:16:24	-100	-100	-100	-100
2019-12-08T21:16:34	-100	-100	-100	-100
2019-12-08T21:16:44	-100	-100	-100	-100
2019-12-08T21:16:54	-100	-100	-100	-100
2019-12-08T21:17:04	-100	-100	-100	-100
2019-12-08T21:17:14	-100	-100	-100	-100
2019-12-08T21:17:24	-100	-100	-100	-100
2019-12-08T21:17:34	-100	-100	-100	-100
2019-12-08T21:17:44	-100	-100	-100	-100
2019-12-08T21:17:54	-100	-100	-100	-100
2019-12-08T21:18:04	-100	-100	-100	-100
2019-12-08T21:18:14	-100	-100	-100	-100
2019-12-08T21:18:24	-100	-100	-100	-100
2019-12-08T21:18:34	-100	-100	-100	-100
2019-12-08T21:18:44	-100	-100	-100	-100
2019-12-08T21:18:54	-100	-100	-100	-100
2019-12-08T21:19:04	-100	-100	-100	-100
2019-12-08T21:19:14	-100	-100	-100	-100
2019-12-08T21:19:24	-100	-100	-100	-100
2019-12-08T21:19:34	-100	-100	-100	-100
2019-12-08T21:19:44	-100	-100	-100	-100
2019-12-08T21:19:54	-100	-100	-100	-100
2019-12-08T21:20:04	-100	-100	-100	-100
2019-12-08T21:20:14	-100	-100	-100	-100
2019-12-08T21:20:24	-100	-100	-100	-100
2019-12-08T21:20:34	-100	-100	-100	-100
2019-12-08T21:20:44	-100	-100	-100	-100
2019-12-08T21:20:54	-100	-100	-100	-100
2019-12-08T21:21:04	-100	-100	-100	-100
2019-12-08T21:21:14	-100	-100	-100	-100
2019-12-08T21:21:24	-100	-100	-100	-100
2019-12-08T21:21:34	-100	-100	-100	-100
2019-12-08T21:21:44	-100	-100	-100	-100
2019-12-08T21:21:54	-100	-100	-100	-100
2019-12-08T21:22:04	-100	-100	-100	-100
2019-12-08T21:22:14	-100	-100	-100	-100
2019-12-08T21:22:24	-100	-100	-100	-100
2019-12-08T21:22:34	-100	-100	-100	-100
2019-12-08T21:22:44	-100	-100	-100	-100
2019-12-08T21:22:54	-100	-100	-100	-100
2019-12-08T21:23:04	-100	-100	-100	-100
2019-12-08T21:23:14	-100	-100	-100	-100
2019-12-08T21:23:24	-100	-100	-100	-100
2019-12-08T21:23:34	-100	-100	-100	-100
2019-12-08T21:23:44	-100	-100	-100	-100
2019-12-08T21:23:54	-100	-100	-100	-100
2019-12-08T21:24:04	-100	-100	-100	-100
2019-12-08T21:24:14	-100	-100	-100	-100
2019-12-08T21:24:24	-100	-100	-100	-100
2019-12-08T21:24:34	-100	-100	-100	-100
2019-12-08T21:24:44	-100	-100	-100	-100
2019-12-08T21:24:54	-100	-100	-100	-100
2019-12-08T21:25:04	-100	-100	-100	-100
2019-12-08T21:25:14	-100	-100	-100	-100
2019-12-08T21:25:24	-100	-100	-100	-100
2019-12-08T21:25:34	-100	-100	-100	-100
2019-12-08T21:25:44	-100	-100	-100	-100
2019-12-08T21:25:54	-100	-100	-100	-100
2019-12-08T21:26:04	-100	-100	-100	-100
2019-12-08T21:26:14	-100	-100	-100	-100
2019-12-08T21:26:24	-100	-100	-100	-100
2019-12-08T21:26:34	-100	-100	-100	-100
2019-12-08T21:26:44	-100	-100	-100	-100
2019-12-08T21:26:54	-100	-100	-100	-100
2019-12-08T21:27:04	-100	-100	-100	-100
2019-12-08T21:27:14	-100	-100	-100	-100
2019-12-08T21:27:24	-100	-100	-100	-100
2019-12-08T21:27:34	-100	-100	-100	-100
2019-12-08T21:27:44	-100	-100	-100	-100
2019-12-08T21:27:54	-100	-100	-100	-100
2019-12-08T21:28:04	-100	-100	-100	-100
2019-12-08T21:28:14	-100	-100	-100	-100
2019-12-08T21:28:24	-100	-100	-100	-100
2019-12-08T21:28:34	-100	-100	-100	-100
2019-12-08T21:28:44	-100	-100	-100	-100
2019-12-08T21:28:54	-100	-100	-100	-100
2019-12-08T21:29:04	-100	-100	-100	-100
2019-12-08T21:29:14	-100	-100	-100	-100
2019-12-08T21:29:24	-100	-100	-100	-100
2019-12-08T21:29:34	-100	-100	-100	-100
2019-12-08T21:29:44	-100	-100	-100	-100
2019-12-08T21:29:54	-100	-100	-100	-100
2019-12-08T21:30:04	-100	-100	-100	-100
2019-12-08T21:30:14	-100	-100	-100	-100
2019-12-08T21:30:24	-100	-100	-100	-100
2019-12-08T21:30:34	-100	-100	-100	-100
2019-12-08T21:30:44	-100	-100	-100	-100
2019-12-08T21:30:54	-100	-100	-100	-100
2019-12-08T21:31:04	-100	-100	-100	-100
2019-12-08T21:31:14	-100	-100	-100	-100
2019-12-08T21:31:24	-100	-100	-100	-100
2019-12-08T21:31:34	-100	-100	-100	-100
2019-12-08T21:31:44	-100	-100	-100	-100
2019-12-08T21:31:54	-100	-100	-100	-100
2019-12-08T21:32:04	-100	-100	-100	-100
2019-12-08T21:32:14	-100	-100	-100	-100
2019-12-08T21:32:24	-100	-100	-100	-100
2019-12-08T21:32:34	-100	-100	-100	-100
2019-12-08T21:32:44	-100	-100	-100	-100
2019-12-08T21:32:54	-100	-100	-100	-100
2019-12-08T21:33:04	-100	-100	-100	-100
2019-12-08T21:33:14	-100	-100	-100	-100
2019-12-08T21:33:24	-100	-100	-100	-100
2019-12-08T21:33:34	-100	-100	-100	-100
2019-12-08T21:33:44	-100	-100	-100	-100
2019-12-08T21:33:54	-100	-100	-100	-100
2019-12-08T21:34:04	-100	-100	-100	-100
2019-12-08T21:34:14	-100	-100	-100	-100
2019-12-08T21:34:24	-100	-100	-100	-100
2019-12-08T21:34:34	-100	-100	-100	-100
2019-12-08T21:34:44	-100	-100	-100	-100
2019-12-08T21:34:54	-100	-100	-100	-100
2019-12-08T21:35:04	-100	-100	-100	-100
2019-12-08T21:35:14	-100	-100	-100	-100
2019-12-08T21:35:24	-100	-100	-100	-100
2019-12-08T21:35:34	-100	-100	-100	-100
2019-12-08T21:35:44	-100	-100	-100	-100
2019-12-08T21:35:54	-100	-100	-100	-100
2019-12-08T21:36:04	-100	-100	-100	-100
2019-12-08T21:36:14	-100	-100	-100	-100
2019-12-08T21:36:24	-100	-100	-100	-100
2019-12-08T21:36:34	-100	-100	-100	-100
2019-12-08T21:36:44	-100	-100	-100	-100
2019-12-08T21:36:54	-100	-100	-100	-100
2019-12-08T21:37:04	-100	-100	-100	-100
2019-12-08T21:37:14	-100	-100	-100	-100
2019-12-08T21:37:24	-100	-100	-100	-100
2019-12-08T21:37:34	-100	-100	-100	-100
2019-12-08T21:37:44	-100	-100	-100	-100
2019-12-08T21:37:54	-100	-100	-100	-100
2019-12-08T21:38:04	-100	-100	-100	-100
2019-12-08T21:38:14	-100	-100	-100	-100
2019-12-08T21:38:24	-100	-100	-100	-100
2019-12-08T21:38:34	-100	-100	-100	-100
2019-12-08T21:38:44	-100	-100	-100	-100
2019-12-08T21:38:54	-100	-100	-100	-100
2019-12-08T21:39:04	-100	-100	-100	-100
2019-12-08T21:39:14	-100	-100	-100	-100
2019-12-08T21:39:24	-100	-100	-100	-100
2019-12-08T21:39:34	-100	-100	-100	-100
2019-12-08T21:39:44	-100	-100	-100	-100
2019-12-08T21:39:54	-100	-100	-100	-100
2019-12-08T21:40:04	-100	-100	-100	-100
2019-12-08T21:40:14	-100	-100	-100	-100
2019-12-08T21:40:24	-100	-100	-100	-100
2019-12-08T21:40:34	-100	-100	-100	-100
2019-12-08T21:40:44	-100	-100	-100	-100
2019-12-08T21:40:54	-100	-100	-100	-100
2019-12-08T21:41:04	-100	-100	-100	-100
2019-12-08T21:41:14	-100	-100	-100	-100
2019-12-08T21:41:24	-100	-100	-100	-100
2019-12-08T21:41:34	-100	-100	-100	-100
2019-12-08T21:41:44	-100	-100	-100	-100
2019-12-08T21:41:54	-100	-100	-100	-100
2019-12-08T21:42:04	-100	-100	-100	-100
2019-12-08T21:42:14	-100	-100	-100	-100
2019-12-08T21:42:24	-100	-100	-100	-100
2019-12-08T21:42:34	-100	-100	-100	-100
2019-12-08T21:42:44	-100	-100	-100	-100
2019-12-08T21:42:54	-100	-100	-100	-100
2019-12-08T21:43:04	-100	-100	-100	-100
2019-12-08T21:43:14	-100	-100	-100	-100
2019-12-08T21:43:24	-100	-100	-100	-100
2019-12-08T21:43:34	-100	-100	-100	-100
2019-12-08T21:43:44	-100	-100	-100	-100
2019-12-08T21:43:54	-100	-100	-100	-100
2019-12-08T21:44:04	-100	-100	-100	-100
2019-12-08T21:44:14	-100	-100	-100	-100
2019-12-08T21:44:24	-100	-100	-100	-100
2019-12-08T21:44:34	-100	-100	-100	-100
2019-12-08T21:44:44	-100	-100	-100	-100
2019-12-08T21:44:54	-100	-100	-100	-100
2019-12-08T21:45:04	-100	-100	-100	-100
2019-12-08T21:45:14	-100	-100	-100	-100
2019-12-08T21:45:24	-100	-100	-100	-100
2019-12-08T21:45:34	-100	-100	-100	-100
2019-12-08T21:45:44	-100	-100	-100	-100
2019-12-08T21:45:54	-100	-100	-100	-100
2019-12-08T21:46:04	-100	-100	-100	-100
2019-12-08T21:46:14	-100	-100	-100	-100
2019-12-08T21:46:24	-100	-100	-100	-100
2019-12-08T21:46:34	-100	-100	-100	-100
2019-12-08T21:46:44	-100	-100	-100	-100
2019-12-08T21:46:54	-100	-100	-100	-100
2019-12-08T21:47:04	-100	-100	-100	-100
2019-12-08T21:47:14	-100	-100	-100	-100
2019-12-08T21:47:24	-100	-100	-100	-100
2019-12-08T21:47:34	-100	-100	-100	-100
2019-12-08T21:47:44	-100	-100	-100	-100
2019-12-08T21:47:54	-100	-100	-100	-100
2019-12-08T21:48:04	-100	-100	-100	-100
2019-12-08T21:48:14	-100	-100	-100	-100
2019-12-08T21:48:24	-100	-100	-100	-100
2019-12-08T21:48:34	-100	-100	-100	-100
2019-12-08T21:48:44	-100	-100	-100	-100
2019-12-08T21:48:54	-100	-100	-100	-100
2019-12-08T21:49:04	-100	-100	-100	-100
2019-12-08T21:49:14	-100	-100	-100	-100
2019-12-08T21:49:24	-100	-100	-100	-100
2019-12-08T21:49:34	-100	-100	-100	-100
2019-12-08T21:49:44	-100	-100	-100	-100
2019-12-08T21:49:54	-100	-100	-100	-100
2019-12-08T21:50:04	-100	-100	-100	-100
2019-12-08T21:50:14	-100	-100	-100	-100
2019-12-08T21:50:24	-100	-100	-100	-100
2019-12-08T21:50:34	-100	-100	-100	-100
2019-12-08T21:50:44	-100	-100	-100	-100
2019-12-08T21:50:54	-100	-100	-100	-100
2019-12-08T21:51:04	-100	-100	-100	-100
2019-12-08T21:51:14	-100	-100	-100	-100
2019-12-08T21:51:24	-100	-100	-100	-100
2019-12-08T21:51:34	-100	-100	-100	-100
2019-12-08T21:51:44	-100	-100	-100	-100
2019-12-08T21:51:54	-100	-100	-100	-100
2019-12-08T21:52:04	-100	-100	-100	-100
2019-12-08T21:52:14	-100	-100	-100	-100
2019-12-08T21:52:24	-100	-100	-100	-100
2019-12-08T21:52:34	-100	-100	-100	-100
2019-12-08T21:52:44	-100	-100	-100	-100
2019-12-08T21:52:54	-100	-100	-100	-100
2019-12-08T21:53:04	-100	-100	-100	-100
2019-12-08T21:53:14	-100	-100	-100	-100
2019-12-08T21:53:24	-100	-100	-100	-100
2019-12-08T21:53:34	-100	-100	-100	-100
2019-12-08T21:53:44	-100	-100	-100	-100
2019-12-08T21:53:54	-100	-100	-100	-100
2019-12-08T21:54:04	-100	-100	-100	-100
2019-12-08T21:54:14	-100	-100	-100	-100
2019-12-08T21:54:24	-100	-100	-100	-100
2019-12-08T21:54:34	-100	-100	-100	-100
2019-12-08T21:54:44	-100	-100	-100	-100
2019-12-08T21:54:54	-100	-100	-100	-100
2019-12-08T21:55:04	-100	-100	-100	-100
2019-12-08T21:55:14	-100	-100	-100	-100
2019-12-08T21:55:24	-100	-100	-100	-100
2019-12-08T21:55:34	-100	-100	-100	-100
2019-12-08T21:55:44	-100	-100	-100	-100
2019-12-08T21:55:54	-100	-100	-100	-100
2019-12-08T21:56:04	-100	-100	-100	-100
2019-12-08T21:56:14	-100	-100	-100	-100
2019-12-08T21:56:24	-100	-100	-100	-100
2019-12-08T21:56:34	-100	-100	-100	-100
2019-12-08T21:56:44	-100	-100	-100	-100
2019-12-08T21:56:54	-100	-100	-100	-100
2019-12-08T21:57:04	-100	-100	-100	-100
2019-12-08T21:57:14	-100	-100	-100	-100
2019-12-08T21:57:24	-100	-100	-100	-100
2019-12-08T21:57:34	-100	-100	-100	-100
2019-12-08T21:57:44	-100	-100	-100	-100
2019-12-08T21:57:54	-100	-100	-100	-100
2019-12-08T21:58:04	-100	-100	-100	-100
2019-12-08T21:58:14	-100	-100	-100	-100
2019-12-08T21:58:24	-100	-100	-100	-100
2019-12-08T21:58:34	-100	-100	-100	-100
2019-12-08T21:58:44	-100	-100	-100	-100
2019-12-08T21:58:54	-100	-100	-100	-100
2019-12-08T21:59:04	-100	-100	-100	-100
2019-12-08T21:59:14	-100	-100	-100	-100
2019-12-08T21:59:24	-100	-100	-100	-100
2019-12-08T21:59:34	-100	-100	-100	-100
2019-12-08T21:59:44	-100	-100	-100	-100
2019-12-08T21:59:54	-100	-100	-100	-100
2019-12-08T22:00:04	-100	-100	-100	-100
2019-12-08T22:00:14	-100	-100	-100	-100
2019-12-08T22:00:24	-100	-100	-100	-100
2019-12-08T22:00:34	-100	-100	-100	-100
2019-12-08T22:00:44	-100	-100	-100	-100
2019-12-08T22:00:54	-100	-100	-100	-100
2019-12-08T22:01:04	-100	-100	-100	-100
2019-12-08T22:01:14	-100	-100	-100	-100
2019-12-08T22:01:24	-100	-100	-100	-100
2019-12-08T22:01:34	-100	-100	-100	-100
2019-12-08T22:01:44	-100	-100	-100	-100
2019-12-08T22:01:54	-100	-100	-100	-100
2019-12-08T22:02:04	-100	-100	-100	-100
2019-12-08T22:02:14	-100	-100	-100	-100
2019-12-08T22:02:24	-100	-100	-100	-100
2019-12-08T22:02:34	-100	-100	-100	-100
2019-12-08T22:02:44	-100	-100	-100	-100
2019-12-08T22:02:54	-100	-100	-100	-100
2019-12-08T22:03:04	-100	-100	-100	-100
2019-12-08T22:03:14	-100	-100	-100	-100
2019-12-08T22:03:24	-100	-100	-100	-100
2019-12-08T22:03:34	-100	-100	-100	-100
2019-12-08T22:03:44	-100	-100	-100	-100
2019-12-08T22:03:54	-100	-100	-100	-100
2019-12-08T22:04:04	-100	-100	-100	-100
2019-12-08T22:04:14	-100	-100	-100	-100
2019-12-08T22:04:24	-100	-100	-100	-100
2019-12-08T22:04:34	-100	-100	-100	-100
2019-12-08T22:04:44	-100	-100	-100	-100
2019-12-08T22:04:54	-100	-100	-100	-100
2019-12-08T22:05:04	-100	-100	-100	-100
2019-12-08T22:05:14	-100	-100	-100	-100
2019-12-08T22:05:24	-100	-100	-100	-100
2019-12-08T22:05:34	-100	-100	-100	-100
2019-12-08T22:05:44	-100	-100	-100	-100
2019-12-08T22:05:54	-100	-100	-100	-100
2019-12-08T22:06:04	-100	-100	-100	-100
2019-12-08T22:06:14	-100	-100	-100	-100
2019-12-08T22:06:24	-100	-100	-100	-100
2019-12-08T22:06:34	-100	-100	-100	-100
2019-12-08T22:06:44	-100	-100	-100	-100
2019-12-08T22:06:54	-100	-100	-100	-100
2019-12-08T22:07:04	-100	-100	-100	-100
2019-12-08T22:07:14	-100	-100	-100	-100
2019-12-08T22:07:24	-100	-100	-100	-100
2019-12-08T22:07:34	-100	-100	-100	-100
2019-12-08T22:07:44	-100	-100	-100	-100
2019-12-08T22:07:54	-100	-100	-100	-100
2019-12-08T22:08:04	-100	-100	-100	-100
2019-12-08T22:08:14	-100	-100	-100	-100
2019-12-08T22:08:24	-100	-100	-100	-100
2019-12-08T22:08:34	-100	-100	-100	-100
2019-12-08T22:08:44	-100	-100	-100	-100
2019-12-08T22:08:54	-100	-100	-100	-100
2019-12-08T22:09:04	-100	-100	-100	-100
2019-12-08T22:09:14	-100	-100	-100	-100
2019-12-08T22:09:24	-100	-100	-100	-100
2019-12-08T22:09:34	-100	-100	-100	-100
2019-12-08T22:09:44	-100	-100	-100	-100
2019-12-08T22:09:54	-100	-100	-100	-100
2019-12-08T22:10:04	-100	-100	-100	-100
2019-12-08T22:10:14	-100	-100	-100	-100
2019-12-08T22:10:24	-100	-100	-100	-100
2019-12-08T22:10:34	-100	-100	-100	-100
2019-12-08T22:10:44	-100	-100	-100	-100
2019-12-08T22:10:54	-100	-100	-100	-100
2019-12-08T22:11:04	-100	-100	-100	-100
2019-12-08T22:11:14	-100	-100	-100	-100
2019-12-08T22:11:24	-100	-100	-100	-100
2019-12-08T22:11:34	-100	-100	-100	-100
2019-12-08T22:11:44	-100	-100	-100	-100
2019-12-08T22:11:54	-100	-100	-100	-100
2019-12-08T22:12:04	-100	-100	-100	-100
2019-12-08T22:12:14	-100	-100	-100	-100
2019-12-08T22:12:24	-100	-100	-100	-100
2019-12-08T22:12:34	-100	-100	-100	-100
2019-12-08T22:12:44	-100	-100	-100	-100
2019-12-08T22:12:54	-100	-100	-100	-100
2019-12-08T22:13:04	-100	-100	-100	-100
2019-12-08T22:13:14	-100	-100	-100	-100
2019-12-08T22:13:24	-100	-100	-100	-100
2019-12-08T22:13:34	-100	-100	-100	-100
2019-12-08T22:13:44	-100	-100	-100	-100
2019-12-08T22:13:54	-100	-100	-100	-100
2019-12-08T22:14:04	-100	-100	-100	-100
2019-12-08T22:14:14	-100	-100	-100	-100
2019-12-08T22:14:24	-100	-100	-100	-100
2019-12-08T22:14:34	-100	-100	-100	-100
2019-12-08T22:14:44	-100	-100	-100	-100
2019-12-08T22:14:54	-100	-100	-100	-100
2019-12-08T22:15:04	-100	-100	-100	-100
2019-12-08T22:15:14	-100	-100	-100	-100
2019-12-08T22:15:24	-100	-100	-100	-100
2019-12-08T22:15:34	-100	-100	-100	-100
2019-12-08T22:15:44	-100	-100	-100	-100
2019-12-08T22:15:54	-100	-100	-100	-100
2019-12-08T22:16:04	-100	-100	-100	-100
2019-12-08T22:16:14	-100	-100	-100	-100
2019-12-08T22:16:24	-100	-100	-100	-100
2019-12-08T22:16:34	-100	-100	-100	-100
2019-12-08T22:16:44	-100	-100	-100	-100
2019-12-08T22:16:54	-100	-100	-100	-100
2019-12-08T22:17:04	-100	-100	-100	-100
2019-12-08T22:17:14	-100	-100	-100	-100
2019-12-08T22:17:24	-100	-100	-100	-100
2019-12-08T22:17:34	-100	-100	-100	-100
2019-12-08T22:17:44	-100	-100	-100	-100
2019-12-08T22:17:54	-100	-100	-100	-100
2019-12-08T22:18:04	-100	-100	-100	-100
2019-12-08T22:18:14	-100	-100	-100	-100
2019-12-08T22:18:24	-100	-100	-100	-100
2019-12-08T22:18:34	-100	-100	-100	-100
2019-12-08T22:18:44	-100	-100	-100	-100
2019-12-08T22:18:54	-100	-100	-100	-100
2019-12-08T22:19:04	-100	-100	-100	-100
2019-12-08T22:19:14	-100	-100	-100	-100
2019-12-08T22:19:24	-100	-100	-100	-100
2019-12-08T22:19:34	-100	-100	-100	-100
2019-12-08T22:19:44	-100	-100	-100	-100
2019-12-08T22:19:54	-100	-100	-100	-100
2019-12-08T22:20:04	-100	-100	-100	-100
2019-12-08T22:20:14	-100	-100	-100	-100
2019-12-08T22:20:24	-100	-100	-100	-100
2019-12-08T22:20:34	-100	-100	-100	-100
2019-12-08T22:20:44	-100	-100	-100	-100
2019-12-08T22:20:54	-100	-100	-100	-100
2019-12-08T22:21:04	-100	-100	-100	-100
2019-12-08T22:21:14	-100	-100	-100	-100
2019-12-08T22:21:24	-100	-100	-100	-100
2019-12-08T22:21:34	-100	-100	-100	-100
2019-12-08T22:21:44	-100	-100	-100	-100
2019-12-08T22:21:54	-100	-100	-100	-100
2019-12-08T22:22:04	-100	-100	-100	-100
2019-12-08T22:22:14	-100	-100	-100	-100
2019-12-08T22:22:24	-100	-100	-100	-100
2019-12-08T22:22:34	-100	-100	-100	-100
2019-12-08T22:22:44	-100	-100	-100	-100
2019-12-08T22:22:54	-100	-100	-100	-100
2019-12-08T22:23:04	-100	-100	-100	-100
2019-12-08T22:23:14	-100	-100	-100	-100
2019-12-08T22:23:24	-100	-100	-100	-100
2019-12-08T22:23:34	-100	-100	-100	-100
2019-12-08T22:23:44	-100	-100	-100	-100
2019-12-08T22:23:54	-100	-100	-100	-100
2019-12-08T22:24:04	-100	-100	-100	-100
2019-12-08T22:24:14	-100	-100	-100	-100
2019-12-08T22:24:24	-100	-100	-100	-100
2019-12-08T22:24:34	-100	-100	-100	-100
2019-12-08T22:24:44	-100	-100	-100	-100
2019-12-08T22:24:54	-100	-100	-100	-100
2019-12-08T22:25:04	-100	-100	-100	-100
2019-12-08T22:25:14	-100	-100	-100	-100
2019-12-08T22:25:24	-100	-100	-100	-100
2019-12-08T22:25:34	-100	-100	-100	-100
2019-12-08T22:25:44	-100	-100	-100	-100
2019-12-08T22:25:54	-100	-100	-100	-100
2019-12-08T22:26:04	-100	-100	-100	-100
2019-12-08T22:26:14	-100	-100	-100	-100
2019-12-08T22:26:24	-100	-100	-100	-100
2019-12-08T22:26:34	-100	-100	-100	-100
2019-12-08T22:26:44	-100	-100	-100	-100
2019-12-08T22:26:54	-100	-100	-100	-100
2019-12-08T22:27:04	-100	-100	-100	-100
2019-12-08T22:27:14	-100	-100	-100	-100
2019-12-08T22:27:24	-100	-100	-100	-100
2019-12-08T22:27:34	-100	-100	-100	-100
2019-12-08T22:27:44	-100	-100	-100	-100
2019-12-08T22:27:54	-100	-100	-100	-100
2019-12-08T22:28:04	-100	-100	-100	-100
2019-12-08T22:28:14	-100	-100	-100	-100
2019-12-08T22:28:24	-100	-100	-100	-100
2019-12-08T22:28:34	-100	-100	-100	-100
2019-12-08T22:28:44	-100	-100	-100	-100
2019-12-08T22:28:54	-100	-100	-100	-100
2019-12-08T22:29:04	-100	-100	-100	-100
2019-12-08T22:29:14	-100	-100	-100	-100
2019-12-08T22:29:24	-100	-100	-100	-100
2019-12-08T22:29:34	-100	-100	-100	-100
2019-12-08T22:29:44	-100	-100	-100	-100
2019-12-08T22:29:54	-100	-100	-100	-100
2019-12-08T22:30:04	-100	-100	-100	-100
2019-12-08T22:30:14	-100	-100	-100	-100
2019-12-08T22:30:24	-100	-100	-100	-100
2019-12-08T22:30:34	-100	-100	-100	-100
2019-12-08T22:30:44	-100	-100	-100	-100
2019-12-08T22:30:54	-100	-100	-100	-100
2019-12-08T22:31:04	-100	-100	-100	-100
2019-12-08T22:31:14	-100	-100	-100	-100
2019-12-08T22:31:24	-100	-100	-100	-100
2019-12-08T22:31:34	-100	-100	-100	-100
2019-12-08T22:31:44	-100	-100	-100	-100
2019-12-08T22:31:54	-100	-100	-100	-100
2019-12-08T22:32:04	-100	-100	-100	-100
2019-12-08T22:32:14	-100	-100	-100	-100
2019-12-08T22:32:24	-100	-100	-100	-100
2019-12-08T22:32:34	-100	-100	-100	-100
2019-12-08T22:32:44	-100	-100	-100	-100
2019-12-08T22:32:54	-100	-100	-100	-100
2019-12-08T22:33:04	-100	-100	-100	-100
2019-12-08T22:33:14	-100	-100	-100	-100
2019-12-08T22:33:24	-100	-100	-100	-100
2019-12-08T22:33:34	-100	-100	-100	-100
2019-12-08T22:33:44	-100	-100	-100	-100
2019-12-08T22:33:54	-100	-100	-100	-100
2019-12-08T22:34:04	-100	-100	-100	-100
2019-12-08T22:34:14	-100	-100	-100	-100
2019-12-08T22:34:24	-100	-100	-100	-100
2019-12-08T22:34:34	-100	-100	-100	-100
2019-12-08T22:34:44	-100	-100	-100	-100
2019-12-08T22:34:54	-100	-100	-100	-100
2019-12-08T22:35:04	-100	-100	-100	-100
2019-12-08T22:35:14	-100	-100	-100	-100
2019-12-08T22:35:24	-100	-100	-100	-100
2019-12-08T22:35:34	-100	-100	-100	-100
2019-12-08T22:35:44	-100	-100	-100	-100
2019-12-08T22:35:54	-100	-100	-100	-100
2019-12-08T22:36:04	-100	-100	-100	-100
2019-12-08T22:36:14	-100	-100	-100	-100
2019-12-08T22:36:24	-100	-100	-100	-100
2019-12-08T22:36:34	-100	-100	-100	-100
2019-12-08T22:36:44	-100	-100	-100	-100
2019-12-08T22:36:54	-100	-100	-100	-100
2019-12-08T22:37:04	-100	-100	-100	-100
2019-12-08T22:37:14	-100	-100	-100	-100
2019-12-08T22:37:24	-100	-100	-100	-100
2019-12-08T22:37:34	-100	-100	-100	-100
2019-12-08T22:37:44	-100	-100	-100	-100
2019-12-08T22:37:54	-100	-100	-100	-100
2019-12-08T22:38:04	-100	-100	-100	-100
2019-12-08T22:38:14	-100	-100	-100	-100
2019-12-08T22:38:24	-100	-100	-100	-100
2019-12-08T22:38:34	-100	-100	-100	-100
2019-12-08T22:38:44	-100	-100	-100	-100
2019-12-08T22:38:54	-100	-100	-100	-100
2019-12-08T22:39:04	-100	-100	-100	-100
2019-12-08T22:39:14	-100	-100	-100	-100
2019-12-08T22:39:24	-100	-100	-100	-100
2019-12-08T22:39:34	-100	-100	-100	-100
2019-12-08T22:39:44	-100	-100	-100	-100
2019-12-08T22:39:54	-100	-100	-100	-100
2019-12-08T22:40:04	-100	-100	-100	-100
2019-12-08T22:40:14	-100	-100	-100	-100
2019-12-08T22:40:24	-100	-100	-100	-100
2019-12-08T22:40:34	-100	-100	-100	-100
2019-12-08T22:40:44	-100	-100	-100	-100
2019-12-08T22:40:54	-100	-100	-100	-100
2019-12-08T22:41:04	-100	-100	-100	-100
2019-12-08T22:41:14	-100	-100	-100	-100
2019-12-08T22:41:24	-100	-100	-100	-100
2019-12-08T22:41:34	-100	-100	-100	-100
2019-12-08T22:41:44	-100	-100	-100	-100
2019-12-08T22:41:54	-100	-100	-100	-100
2019-12-08T22:42:04	-100	-100	-100	-100
2019-12-08T22:42:14	-100	-100	-100	-100
2019-12-08T22:42:24	-100	-100	-100	-100
2019-12-08T22:42:34	-100	-100	-100	-100
2019-12-08T22:42:44	-100	-100	-100	-100
2019-12-08T22:42:54	-100	-100	-100	-100
2019-12-08T22:43:04	-100	-100	-100	-100
2019-12-08T22:43:14	-100	-100	-100	-100
2019-12-08T22:43:24	-100	-100	-100	-100
2019-12-08T22:43:34	-100	-100	-100	-100
2019-12-08T22:43:44	-100	-100	-100	-100
2019-12-08T22:43:54	-100	-100	-100	-100
2019-12-08T22:44:04	-100	-100	-100	-100
2019-12-08T22:44:14	-100	-100	-100	-100
2019-12-08T22:44:24	-100	-100	-100	-100
2019-12-08T22:44:34	-100	-100	-100	-100
2019-12-08T22:44:44	-100	-100	-100	-100
2019-12-08T22:44:54	-100	-100	-100	-100
2019-12-08T22:45:04	-100	-100	-100	-100
2019-12-08T22:45:14	-100	-100	-100	-100
2019-12-08T22:45:24	-100	-100	-100	-100
2019-12-08T22:45:34	-100	-100	-100	-100
2019-12-08T22:45:44	-100	-100	-100	-100
2019-12-08T22:45:54	-100	-100	-100	-100
2019-12-08T22:46:04	-100	-100	-100	-100
2019-12-08T22:46:14	-100	-100	-100	-100
2019-12-08T22:46:24	-100	-100	-100	-100
2019-12-08T22:46:34	-100	-100	-100	-100
2019-12-08T22:46:44	-100	-100	-100	-100
2019-12-08T22:46:54	-100	-100	-100	-100
2019-12-08T22:47:04	-100	-100	-100	-100
2019-12-08T22:47:14	-100	-100	-100	-100
2019-12-08T22:47:24	-100	-100	-100	-100
2019-12-08T22:47:34	-100	-100	-100	-100
2019-12-08T22:47:44	-100	-100	-100	-100
2019-12-08T22:47:54	-100	-100	-100	-100
2019-12-08T22:48:04	-100	-100	-100	-100
2019-12-08T22:48:14	-100	-100	-100	-100
2019-12-08T22:48:24	-100	-100	-100	-100
2019-12-08T22:48:34	-100	-100	-100	-100
2019-12-08T22:48:44	-100	-100	-100	-100
2019-12-08T22:48:54	-100	-100	-100	-100
2019-12-08T22:49:04	-100	-100	-100	-100
2019-12-08T22:49:14	-100	-100	-100	-100
2019-12-08T22:49:24	-100	-100	-100	-100
2019-12-08T22:49:34	-100	-100	-100	-100
2019-12-08T22:49:44	-100	-100	-100	-100
2019-12-08T22:49:54	-100	-100	-100	-100
2019-12-08T22:50:04	-100	-100	-100	-100
2019-12-08T22:50:14	-100	-100	-100	-100
2019-12-08T22:50:24	-100	-100	-100	-100
2019-12-08T22:50:34	-100	-100	-100	-100
2019-12-08T22:50:44	-100	-100	-100	-100
2019-12-08T22:50:54	-100	-100	-100	-100
2019-12-08T22:51:04	-100	-100	-100	-100
2019-12-08T22:51:14	-100	-100	-100	-100
2019-12-08T22:51:24	-100	-100	-100	-100
2019-12-08T22:51:34	-100	-100	-100	-100
2019-12-08T22:51:44	-100	-100	-100	-100
2019-12-08T22:51:54	-100	-100	-100	-100
2019-12-08T22:52:04	-100	-100	-100	-100
2019-12-08T22:52:14	-100	-100	-100	-100
2019-12-08T22:52:24	-100	-100	-100	-100
2019-12-08T22:52:34	-100	-100	-100	-100
2019-12-08T22:52:44	-100	-100	-100	-100
2019-12-08T22:52:54	-100	-100	-100	-100
2019-12-08T22:53:04	-100	-100	-100	-100
2019-12-08T22:53:14	-100	-100	-100	-100
2019-12-08T22:53:24	-100	-100	-100	-100
2019-12-08T22:53:34	-100	-100	-100	-100
2019-12-08T22:53:44	-100	-100	-100	-100
2019-12-08T22:53:54	-100	-100	-100	-100
2019-12-08T22:54:04	-100	-100	-100	-100
2019-12-08T22:54:14	-100	-100	-100	-100
2019-12-08T22:54:24	-100	-100	-100	-100
2019-12-08T22:54:34	-100	-100	-100	-100
2019-12-08T22:54:44	-100	-100	-100	-100
2019-12-08T22:54:54	-100	-100	-100	-100
2019-12-08T22:55:04	-100	-100	-100	-100
2019-12-08T22:55:14	-100	-100	-100	-100
2019-12-08T22:55:24	-100	-100	-100	-100
2019-12-08T22:55:34	-100	-100	-100	-100
2019-12-08T22:55:44	-100	-100	-100	-100
2019-12-08T22:55:54	-100	-100	-100	-100
2019-12-08T22:56:04	-100	-100	-100	-100
2019-12-08T22:56:14	-100	-100	-100	-100
2019-12-08T22:56:24	-100	-100	-100	-100
2019-12-08T22:56:34	-100	-100	-100	-100
2019-12-08T22:56:44	-100	-100	-100	-100
2019-12-08T22:56:54	-100	-100	-100	-100
2019-12-08T22:57:04	-100	-100	-100	-100
2019-12-08T22:57:14	-100	-100	-100	-100
2019-12-08T22:57:24	-100	-100	-100	-100
2019-12-08T22:57:34	-100	-100	-100	-100
2019-12-08T22:57:44	-100	-100	-100	-100
2019-12-08T22:57:54	-100	-100	-100	-100
2019-12-08T22:58:04	-100	-100	-100	-100
2019-12-08T22:58:14	-100	-100	-100	-100
2019-12-08T22:58:24	-100	-100	-100	-100
2019-12-08T22:58:34	-100	-100	-100	-100
2019-12-08T22:58:44	-100	-100	-100	-100
2019-12-08T22:58:54	-100	-100	-100	-100
2019-12-08T22:59:04	-100	-100	-100	-100
2019-12-08T22:59:14	-100	-100	-100	-100
2019-12-08T22:59:24	-100	-100	-100	-100
2019-12-08T22:59:34	-100	-100	-100	-100
2019-12-08T22:59:44	-100	-100	-100	-100
2019-12-08T22:59:54	-100	-100	-100	-100
2019-12-08T23:00:04	-100	-100	-100	-100
2019-12-08T23:00:14	-100	-100	-100	-100
2019-12-08T23:00:24	-100	-100	-100	-100
2019-12-08T23:00:34	-100	-100	-100	-100
2019-12-08T23:00:44	-100	-100	-100	-100
2019-12-08T23:00:54	-100	-100	-100	-100
2019-12-08T23:01:04	-100	-100	-100	-100
2019-12-08T23:01:14	-100	-100	-100	-100
2019-12-08T23:01:24	-100	-100	-100	-100
2019-12-08T23:01:34	-100	-100	-100	-100
2019-12-08T23:01:44	-100	-100	-100	-100
2019-12-08T23:01:54	-100	-100	-100	-100
2019-12-08T23:02:04	-100	-100	-100	-100
2019-12-08T23:02:14	-100	-100	-100	-100
2019-12-08T23:02:24	-100	-100	-100	-100
2019-12-08T23:02:34	-100	-100	-100	-100
2019-12-08T23:02:44	-100	-100	-100	-100
2019-12-08T23:02:54	-100	-100	-100	-100
2019-12-08T23:03:04	-100	-100	-100	-100
2019-12-08T23:03:14	-100	-100	-100	-100
2019-12-08T23:03:24	-100	-100	-100	-100
2019-12-08T23:03:34	-100	-100	-100	-100
2019-12-08T23:03:44	-100	-100	-100	-100
2019-12-08T23:03:54	-100	-100	-100	-100
2019-12-08T23:04:04	-100	-100	-100	-100
2019-12-08T23:04:14	-100	-100	-100	-100
2019-12-08T23:04:24	-100	-100	-100	-100
2019-12-08T23:04:34	-100	-100	-100	-100
2019-12-08T23:04:44	-100	-100	-100	-100
2019-12-08T23:04:54	-100	-100	-100	-100
2019-12-08T23:05:04	-100	-100	-100	-100
2019-12-08T23:05:14	-100	-100	-100	-100
2019-12-08T23:05:24	-100	-100	-100	-100
2019-12-08T23:05:34	-100	-100	-100	-100
2019-12-08T23:05:44	-100	-100	-100	-100
2019-12-08T23:05:54	-100	-100	-100	-100
2019-12-08T23:06:04	-100	-100	-100	-100
2019-12-08T23:06:14	-100	-100	-100	-100
2019-12-08T23:06:24	-100	-100	-100	-100
2019-12-08T23:06:34	-100	-100	-100	-100
2019-12-08T23:06:44	-100	-100	-100	-100
2019-12-08T23:06:54	-100	-100	-100	-100
2019-12-08T23:07:04	-100	-100	-100	-100
2019-12-08T23:07:14	-100	-100	-100	-100
2019-12-08T23:07:24	-100	-100	-100	-100
2019-12-08T23:07:34	-100	-100	-100	-100
2019-12-08T23:07:44	-100	-100	-100	-100
2019-12-08T23:07:54	-100	-100	-100	-100
2019-12-08T23:08:04	-100	-100	-100	-100
2019-12-08T23:08:14	-100	-100	-100	-100
2019-12-08T23:08:24	-100	-100	-100	-100
2019-12-08T23:08:34	-100	-100	-100	-100
2019-12-08T23:08:44	-100	-100	-100	-100
2019-12-08T23:08:54	-100	-100	-100	-100
2019-12-08T23:09:04	-100	-100	-100	-100
2019-12-08T23:09:14	-100	-100	-100	-100
2019-12-08T23:09:24	-100	-100	-100	-100
2019-12-08T23:09:34	-100	-100	-100	-100
2019-12-08T23:09:44	-100	-100	-100	-100
2019-12-08T23:09:54	-100	-100	-100	-100
2019-12-08T23:10:04	-100	-100	-100	-100
2019-12-08T23:10:14	-100	-100	-100	-100
2019-12-08T23:10:24	-100	-100	-100	-100
2019-12-08T23:10:34	-100	-100	-100	-100
2019-12-08T23:10:44	-100	-100	-100	-100
2019-12-08T23:10:54	-100	-100	-100	-100
2019-12-08T23:11:04	-100	-100	-100	-100
2019-12-08T23:11:14	-100	-100	-100	-100
2019-12-08T23:11:24	-100	-100	-100	-100
2019-12-08T23:11:34	-100	-100	-100	-100
2019-12-08T23:11:44	-100	-100	-100	-100
2019-12-08T23:11:54	-100	-100	-100	-100
2019-12-08T23:12:04	-100	-100	-100	-100
2019-12-08T23:12:14	-100	-100	-100	-100
2019-12-08T23:12:24	-100	-100	-100	-100
2019-12-08T23:12:34	-100	-100	-100	-100
2019-12-08T23:12:44	-100	-100	-100	-100
2019-12-08T23:12:54	-100	-100	-100	-100
2019-12-08T23:13:04	-100	-100	-100	-100
2019-12-08T23:13:14	-100	-100	-100	-100
2019-12-08T23:13:24	-100	-100	-100	-100
2019-12-08T23:13:34	-100	-100	-100	-100
2019-12-08T23:13:44	-100	-100	-100	-100
2019-12-08T23:13:54	-100	-100	-100	-100
2019-12-08T23:14:04	-100	-100	-100	-100
2019-12-08T23:14:14	-100	-100	-100	-100
2019-12-08T23:14:24	-100	-100	-100	-100
2019-12-08T23:14:34	-100	-100	-100	-100
2019-12-08T23:14:44	-100	-100	-100	-100
2019-12-08T23:14:54	-100	-100	-100	-100
2019-12-08T23:15:04	-100	-100	-100	-100
2019-12-08T23:15:14	-100	-100	-100	-100
2019-12-08T23:15:24	-100	-100	-100	-100
2019-12-08T23:15:34	-100	-100	-100	-100
2019-12-08T23:15:44	-100	-100	-100	-100
2019-12-08T23:15:54	-100	-100	-100	-100
2019-12-08T23:16:04	-100	-100	-100	-100
2019-12-08T23:16:14	-100	-100	-100	-100
2019-12-08T23:16:24	-100	-100	-100	-100
2019-12-08T23:16:34	-100	-100	-100	-100
2019-12-08T23:16:44	-100	-100	-100	-100
2019-12-08T23:16:54	-100	-100	-100	-100
2019-12-08T23:17:04	-100	-100	-100	-100
2019-12-08T23:17:14	-100	-100	-100	-100
2019-12-08T23:17:24	-100	-100	-100	-100
2019-12-08T23:17:34	-100	-100	-100	-100
2019-12-08T23:17:44	-100	-100	-100	-100
2019-12-08T23:17:54	-100	-100	-100	-100
2019-12-08T23:18:04	-100	-100	-100	-100
2019-12-08T23:18:14	-100	-100	-100	-100
2019-12-08T23:18:24	-100	-100	-100	-100
2019-12-08T23:18:34	-100	-100	-100	-100
2019-12-08T23:18:44	-100	-100	-100	-100
2019-12-08T23:18:54	-100	-100	-100	-100
2019-12-08T23:19:04	-100	-100	-100	-100
2019-12-08T23:19:14	-100	-100	-100	-100
2019-12-08T23:19:24	-100	-100	-100	-100
2019-12-08T23:19:34	-100	-100	-100	-100
2019-12-08T23:19:44	-100	-100	-100	-100
2019-12-08T23:19:54	-100	-100	-100	-100
2019-12-08T23:20:04	-100	-100	-100	-100
2019-12-08T23:20:14	-100	-100	-100	-100
2019-12-08T23:20:24	-100	-100	-100	-100
2019-12-08T23:20:34	-100	-100	-100	-100
2019-12-08T23:20:44	-100	-100	-100	-100
2019-12-08T23:20:54	-100	-100	-100	-100
2019-12-08T23:21:04	-100	-100	-100	-100
2019-12-08T23:21:14	-100	-100	-100	-100
2019-12-08T23:21:24	-100	-100	-100	-100
2019-12-08T23:21:34	-100	-100	-100	-100
2019-12-08T23:21:44	-100	-100	-100	-100
2019-12-08T23:21:54	-100	-100	-100	-100
2019-12-08T23:22:04	-100	-100	-100	-100
2019-12-08T23:22:14	-100	-100	-100	-100
2019-12-08T23:22:24	-100	-100	-100	-100
2019-12-08T23:22:34	-100	-100	-100	-100
2019-12-08T23:22:44	-100	-100	-100	-100
2019-12-08T23:22:54	-100	-100	-100	-100
2019-12-08T23:23:04	-100	-100	-100	-100
2019-12-08T23:23:14	-100	-100	-100	-100
2019-12-08T23:23:24	-100	-100	-100	-100
2019-12-08T23:23:34	-100	-100	-100	-100
2019-12-08T23:23:44	-100	-100	-100	-100
2019-12-08T23:23:54	-100	-100	-100	-100
2019-12-08T23:24:04	-100	-100	-100	-100
2019-12-08T23:24:14	-100	-100	-100	-100
2019-12-08T23:24:24	-100	-100	-100	-100
2019-12-08T23:24:34	-100	-100	-100	-100
2019-12-08T23:24:44	-100	-100	-100	-100
2019-12-08T23:24:54	-100	-100	-100	-100
2019-12-08T23:25:04	-100	-100	-100	-100
2019-12-08T23:25:14	-100	-100	-100	-100
2019-12-08T23:25:24	-100	-100	-100	-100
2019-12-08T23:25:34	-100	-100	-100	-100
2019-12-08T23:25:44	-100	-100	-100	-100
2019-12-08T23:25:54	-100	-100	-100	-100
2019-12-08T23:26:04	-100	-100	-100	-100
2019-12-08T23:26:14	-100	-100	-100	-100
2019-12-08T23:26:24	-100	-100	-100	-100
2019-12-08T23:26:34	-100	-100	-100	-100
2019-12-08T23:26:44	-100	-100	-100	-100
2019-12-08T23:26:54	-100	-100	-100	-100
2019-12-08T23:27:04	-100	-100	-100	-100
2019-12-08T23:27:14	-100	-100	-100	-100
2019-12-08T23:27:24	-100	-100	-100	-100
2019-12-08T23:27:34	-100	-100	-100	-100
2019-12-08T23:27:44	-100	-100	-100	-100
2019-12-08T23:27:54	-100	-100	-100	-100
2019-12-08T23:28:04	-100	-100	-100	-100
2019-12-08T23:28:14	-100	-100	-100	-100
2019-12-08T23:28:24	-100	-100	-100	-100
2019-12-08T23:28:34	-100	-100	-100	-100
2019-12-08T23:28:44	-100	-100	-100	-100
2019-12-08T23:28:54	-100	-100	-100	-100
2019-12-08T23:29:04	-100	-100	-100	-100
2019-12-08T23:29:14	-100	-100	-100	-100
2019-12-08T23:29:24	-100	-100	-100	-100
2019-12-08T23:29:34	-100	-100	-100	-100
2019-12-08T23:29:44	-100	-100	-100	-100
2019-12-08T23:29:54	-100	-100	-100	-100
2019-12-08T23:30:04	-100	-100	-100	-100
2019-12-08T23:30:14	-100	-100	-100	-100
2019-12-08T23:30:24	-100	-100	-100	-100
2019-12-08T23:30:34	-100	-100	-100	-100
2019-12-08T23:30:44	-100	-100	-100	-100
2019-12-08T23:30:54	-100	-100	-100	-100
2019-12-08T23:31:04	-100	-100	-100	-100
2019-12-08T23:31:14	-100	-100	-100	-100
2019-12-08T23:31:24	-100	-100	-100	-100
2019-12-08T23:31:34	-100	-100	-100	-100
2019-12-08T23:31:44	-100	-100	-100	-100
2019-12-08T23:31:54	-100	-100	-100	-100
2019-12-08T23:32:04	-100	-100	-100	-100
2019-12-08T23:32:14	-100	-100	-100	-100
2019-12-08T23:32:24	-100	-100	-100	-100
2019-12-08T23:32:34	-100	-100	-100	-100
2019-12-08T23:32:44	-100	-100	-100	-100
2019-12-08T23:32:54	-100	-100	-100	-100
2019-12-08T23:33:04	-100	-100	-100	-100
2019-12-08T23:33:14	-100	-100	-100	-100
2019-12-08T23:33:24	-100	-100	-100	-100
2019-12-08T23:33:34	-100	-100	-100	-100
2019-12-08T23:33:44	-100	-100	-100	-100
2019-12-08T23:33:54	-100	-100	-100	-100
2019-12-08T23:34:04	-100	-100	-100	-100
2019-12-08T23:34:14	-100	-100	-100	-100
2019-12-08T23:34:24	-100	-100	-100	-100
2019-12-08T23:34:34	-100	-100	-100	-100
2019-12-08T23:34:44	-100	-100	-100	-100
2019-12-08T23:34:54	-100	-100	-100	-100
2019-12-08T23:35:04	-100	-100	-100	-100
2019-12-08T23:35:14	-100	-100	-100	-100
2019-12-08T23:35:24	-100	-100	-100	-100
2019-12-08T23:35:34	-100	-100	-100	-100
2019-12-08T23:35:44	-100	-100	-100	-100
2019-12-08T23:35:54	-100	-100	-100	-100
2019-12-08T23:36:04	-100	-100	-100	-100
2019-12-08T23:36:14	-100	-100	-100	-100
2019-12-08T23:36:25	-100	-100	-100	-100
2019-12-08T23:36:35	-100	-100	-100	-100
2019-12-08T23:36:45	-100	-100	-100	-100
2019-12-08T23:36:55	-100	-100	-100	-100
2019-12-08T23:37:05	-100	-100	-100	-100
2019-12-08T23:37:15	-100	-100	-100	-100
2019-12-08T23:37:25	-100	-100	-100	-100
2019-12-08T23:37:35	-100	-100	-100	-100
2019-12-08T23:37:45	-100	-100	-100	-100
2019-12-08T23:37:55	-100	-100	-100	-100
2019-12-08T23:38:05	-100	-100	-100	-100
2019-12-08T23:38:15	-100	-100	-100	-100
2019-12-08T23:38:25	-100	-100	-100	-100
2019-12-08T23:38:35	-100	-100	-100	-100
2019-12-08T23:38:45	-100	-100	-100	-100
2019-12-08T23:38:55	-100	-100	-100	-100
2019-12-08T23:39:05	-100	-100	-100	-100
2019-12-08T23:39:15	-100	-100	-100	-100
2019-12-08T23:39:25	-100	-100	-100	-100
2019-12-08T23:39:35	-100	-100	-100	-100
2019-12-08T23:39:45	-100	-100	-100	-100
2019-12-08T23:39:55	-100	-100	-100	-100
2019-12-08T23:40:05	-100	-100	-100	-100
2019-12-08T23:40:15	-100	-100	-100	-100
2019-12-08T23:40:25	-100	-100	-100	-100
2019-12-08T23:40:35	-100	-100	-100	-100
2019-12-08T23:40:45	-100	-100	-100	-100
2019-12-08T23:40:55	-100	-100	-100	-100
2019-12-08T23:41:05	-100	-100	-100	-100
2019-12-08T23:41:15	-100	-100	-100	-100
2019-12-08T23:41:25	-100	-100	-100	-100
2019-12-08T23:41:35	-100	-100	-100	-100
2019-12-08T23:41:45	-100	-100	-100	-100
2019-12-08T23:41:55	-100	-100	-100	-100
2019-12-08T23:42:05	-100	-100	-100	-100
2019-12-08T23:42:15	-100	-100	-100	-100
2019-12-08T23:42:25	-100	-100	-100	-100
2019-12-08T23:42:35	-100	-100	-100	-100
2019-12-08T23:42:45	-100	-100	-100	-100
2019-12-08T23:42:55	-100	-100	-100	-100
2019-12-08T23:43:05	-100	-100	-100	-100
2019-12-08T23:43:15	-100	-100	-100	-100
2019-12-08T23:43:25	-100	-100	-100	-100
2019-12-08T23:43:35	-100	-100	-100	-100
2019-12-08T23:43:45	-100	-100	-100	-100
2019-12-08T23:43:55	-100	-100	-100	-100
2019-12-08T23:44:05	-100	-100	-100	-100
2019-12-08T23:44:15	-100	-100	-100	-100
2019-12-08T23:44:25	-100	-100	-100	-100
2019-12-08T23:44:35	-100	-100	-100	-100
2019-12-08T23:44:45	-100	-100	-100	-100
2019-12-08T23:44:55	-100	-100	-100	-100
2019-12-08T23:45:05	-100	-100	-100	-100
2019-12-08T23:45:15	-100	-100	-100	-100
2019-12-08T23:45:25	-100	-100	-100	-100
2019-12-08T23:45:35	-100	-100	-100	-100
2019-12-08T23:45:45	-100	-100	-100	-100
2019-12-08T23:45:55	-100	-100	-100	-100
2019-12-08T23:46:05	-100	-100	-100	-100
2019-12-08T23:46:15	-100	-100	-100	-100
2019-12-08T23:46:25	-100	-100	-100	-100
2019-12-08T23:46:35	-100	-100	-100	-100
2019-12-08T23:46:45	-100	-100	-100	-100
2019-12-08T23:46:55	-100	-100	-100	-100
2019-12-08T23:47:05	-100	-100	-100	-100
2019-12-08T23:47:15	-100	-100	-100	-100
2019-12-08T23:47:25	-100	-100	-100	-100
2019-12-08T23:47:35	-100	-100	-100	-100
2019-12-08T23:47:45	-100	-100	-100	-100
2019-12-08T23:47:55	-100	-100	-100	-100
2019-12-08T23:48:05	-100	-100	-100	-100
2019-12-08T23:48:16	-100	-100	-100	-100
2019-12-08T23:48:26	-100	-100	-100	-100
2019-12-08T23:48:36	-100	-100	-100	-100
2019-12-08T23:48:46	-100	-100	-100	-100
2019-12-08T23:48:56	-100	-100	-100	-100
2019-12-08T23:49:06	-100	-100	-100	-100
2019-12-08T23:49:16	-100	-100	-100	-100
2019-12-08T23:49:26	-100	-100	-100	-100
2019-12-08T23:49:36	-100	-100	-100	-100
2019-12-08T23:49:46	-100	-100	-100	-100
2019-12-08T23:49:56	-100	-100	-100	-100
2019-12-08T23:50:06	-100	-100	-100	-100
