Время	T1	T2	T3	T4
2019-12-09T19:52:03	-100	-100	-100	-100
2019-12-09T19:52:13	-100	-100	-100	-100
2019-12-09T19:52:23	-100	-100	-100	-100
2019-12-09T19:52:33	-100	-100	-100	-100
2019-12-09T19:52:43	-100	-100	-100	-100
2019-12-09T19:52:53	-100	-100	-100	-100
2019-12-09T19:53:03	-100	-100	-100	-100
2019-12-09T19:53:13	-100	-100	-100	-100
2019-12-09T19:53:23	-100	-100	-100	-100
2019-12-09T19:53:33	-100	-100	-100	-100
2019-12-09T19:53:43	-100	-100	-100	-100
2019-12-09T19:53:53	-100	-100	-100	-100
2019-12-09T19:54:03	-100	-100	-100	-100
2019-12-09T19:54:13	-100	-100	-100	-100
2019-12-09T19:54:23	-100	-100	-100	-100
2019-12-09T19:54:33	-100	-100	-100	-100
2019-12-09T19:54:43	-100	-100	-100	-100
2019-12-09T19:54:53	-100	-100	-100	-100
2019-12-09T19:55:03	-100	-100	-100	-100
2019-12-09T19:55:13	-100	-100	-100	-100
2019-12-09T19:55:23	-100	-100	-100	-100
2019-12-09T19:55:33	-100	-100	-100	-100
2019-12-09T19:55:43	-100	-100	-100	-100
2019-12-09T19:55:53	-100	-100	-100	-100
2019-12-09T19:56:03	-100	-100	-100	-100
2019-12-09T19:56:13	-100	-100	-100	-100
2019-12-09T19:56:23	-100	-100	-100	-100
2019-12-09T19:56:33	-100	-100	-100	-100
2019-12-09T19:56:43	-100	-100	-100	-100
2019-12-09T19:56:53	-100	-100	-100	-100
2019-12-09T19:57:03	-100	-100	-100	-100
2019-12-09T19:57:13	-100	-100	-100	-100
2019-12-09T19:57:23	-100	-100	-100	-100
2019-12-09T19:57:33	-100	-100	-100	-100
2019-12-09T19:57:43	-100	-100	-100	-100
2019-12-09T19:57:53	-100	-100	-100	-100
2019-12-09T19:58:03	-100	-100	-100	-100
2019-12-09T19:58:13	-100	-100	-100	-100
2019-12-09T19:58:23	-100	-100	-100	-100
2019-12-09T19:58:33	-100	-100	-100	-100
2019-12-09T19:58:43	-100	-100	-100	-100
2019-12-09T19:58:53	-100	-100	-100	-100
2019-12-09T19:59:03	-100	-100	-100	-100
2019-12-09T19:59:13	-100	-100	-100	-100
2019-12-09T19:59:23	-100	-100	-100	-100
2019-12-09T19:59:33	-100	-100	-100	-100
2019-12-09T19:59:43	-100	-100	-100	-100
2019-12-09T19:59:53	-100	-100	-100	-100
2019-12-09T20:00:03	-100	-100	-100	-100
2019-12-09T20:00:13	-100	-100	-100	-100
2019-12-09T20:00:23	-100	-100	-100	-100
2019-12-09T20:00:33	-100	-100	-100	-100
2019-12-09T20:00:43	-100	-100	-100	-100
2019-12-09T20:00:53	-100	-100	-100	-100
2019-12-09T20:01:03	-100	-100	-100	-100
2019-12-09T20:01:13	-100	-100	-100	-100
2019-12-09T20:01:23	-100	-100	-100	-100
2019-12-09T20:01:33	-100	-100	-100	-100
2019-12-09T20:01:43	-100	-100	-100	-100
2019-12-09T20:01:53	-100	-100	-100	-100
2019-12-09T20:02:03	-100	-100	-100	-100
2019-12-09T20:02:13	-100	-100	-100	-100
2019-12-09T20:02:23	-100	-100	-100	-100
2019-12-09T20:02:33	-100	-100	-100	-100
2019-12-09T20:02:43	-100	-100	-100	-100
2019-12-09T20:02:53	-100	-100	-100	-100
2019-12-09T20:03:03	-100	-100	-100	-100
2019-12-09T20:03:13	-100	-100	-100	-100
2019-12-09T20:03:23	-100	-100	-100	-100
2019-12-09T20:03:33	-100	-100	-100	-100
2019-12-09T20:03:43	-100	-100	-100	-100
2019-12-09T20:03:53	-100	-100	-100	-100
2019-12-09T20:04:03	-100	-100	-100	-100
2019-12-09T20:04:13	-100	-100	-100	-100
2019-12-09T20:04:23	-100	-100	-100	-100
2019-12-09T20:04:33	-100	-100	-100	-100
2019-12-09T20:04:43	-100	-100	-100	-100
2019-12-09T20:04:53	-100	-100	-100	-100
2019-12-09T20:05:03	-100	-100	-100	-100
2019-12-09T20:05:13	-100	-100	-100	-100
2019-12-09T20:05:23	-100	-100	-100	-100
2019-12-09T20:05:33	-100	-100	-100	-100
2019-12-09T20:05:43	-100	-100	-100	-100
2019-12-09T20:05:53	-100	-100	-100	-100
2019-12-09T20:06:03	-100	-100	-100	-100
2019-12-09T20:06:13	-100	-100	-100	-100
2019-12-09T20:06:23	-100	-100	-100	-100
2019-12-09T20:06:33	-100	-100	-100	-100
2019-12-09T20:06:43	-100	-100	-100	-100
2019-12-09T20:06:53	-100	-100	-100	-100
2019-12-09T20:07:03	-100	-100	-100	-100
2019-12-09T20:07:13	-100	-100	-100	-100
2019-12-09T20:07:23	-100	-100	-100	-100
2019-12-09T20:07:33	-100	-100	-100	-100
2019-12-09T20:07:43	-100	-100	-100	-100
2019-12-09T20:07:53	-100	-100	-100	-100
2019-12-09T20:08:03	-100	-100	-100	-100
2019-12-09T20:08:13	-100	-100	-100	-100
2019-12-09T20:08:23	-100	-100	-100	-100
2019-12-09T20:08:33	-100	-100	-100	-100
2019-12-09T20:08:43	-100	-100	-100	-100
2019-12-09T20:08:53	-100	-100	-100	-100
2019-12-09T20:09:03	-100	-100	-100	-100
2019-12-09T20:09:13	-100	-100	-100	-100
2019-12-09T20:09:23	-100	-100	-100	-100
2019-12-09T20:09:33	-100	-100	-100	-100
2019-12-09T20:09:43	-100	-100	-100	-100
2019-12-09T20:09:53	-100	-100	-100	-100
2019-12-09T20:10:03	-100	-100	-100	-100
2019-12-09T20:10:13	-100	-100	-100	-100
2019-12-09T20:10:23	-100	-100	-100	-100
2019-12-09T20:10:33	-100	-100	-100	-100
2019-12-09T20:10:43	-100	-100	-100	-100
2019-12-09T20:10:53	-100	-100	-100	-100
2019-12-09T20:11:03	-100	-100	-100	-100
2019-12-09T20:11:13	-100	-100	-100	-100
2019-12-09T20:11:23	-100	-100	-100	-100
2019-12-09T20:11:33	-100	-100	-100	-100
2019-12-09T20:11:43	-100	-100	-100	-100
2019-12-09T20:11:53	-100	-100	-100	-100
2019-12-09T20:12:03	-100	-100	-100	-100
2019-12-09T20:12:13	-100	-100	-100	-100
2019-12-09T20:12:23	-100	-100	-100	-100
2019-12-09T20:12:33	-100	-100	-100	-100
2019-12-09T21:50:41	-100	-100	-100	-100
2019-12-09T21:50:53	-100	-100	-100	-100
2019-12-09T21:51:03	-100	-100	-100	-100
2019-12-09T21:51:13	-100	-100	-100	-100
2019-12-09T21:51:23	-100	-100	-100	-100
2019-12-09T21:51:33	-100	-100	-100	-100
2019-12-09T21:51:43	-100	-100	-100	-100
2019-12-09T21:51:53	-100	-100	-100	-100
2019-12-09T21:52:03	-100	-100	-100	-100
2019-12-09T21:52:13	-100	-100	-100	-100
2019-12-09T21:52:23	-100	-100	-100	-100
2019-12-09T21:52:33	-100	-100	-100	-100
2019-12-09T21:52:43	-100	-100	-100	-100
2019-12-09T21:53:20	-100	-100	-100	-100
2019-12-09T21:53:30	-100	-100	-100	-100
2019-12-09T21:53:40	-100	-100	-100	-100
2019-12-09T21:53:50	-100	-100	-100	-100
2019-12-09T21:54:00	-100	-100	-100	-100
2019-12-09T21:54:10	-100	-100	-100	-100
2019-12-09T21:54:20	-100	-100	-100	-100
2019-12-09T21:54:30	-100	-100	-100	-100
2019-12-09T21:54:40	-100	-100	-100	-100
2019-12-09T21:54:50	-100	-100	-100	-100
2019-12-09T21:55:00	-100	-100	-100	-100
2019-12-09T21:55:10	-100	-100	-100	-100
2019-12-09T21:55:20	-100	-100	-100	-100
2019-12-09T21:55:30	-100	-100	-100	-100
2019-12-09T21:55:40	-100	-100	-100	-100
2019-12-09T21:55:50	-100	-100	-100	-100
2019-12-09T21:56:00	-100	-100	-100	-100
2019-12-09T21:56:10	-100	-100	-100	-100
2019-12-09T21:56:20	-100	-100	-100	-100
2019-12-09T21:56:30	-100	-100	-100	-100
2019-12-09T21:56:40	-100	-100	-100	-100
2019-12-09T21:56:50	-100	-100	-100	-100
2019-12-09T21:57:00	-100	-100	-100	-100
2019-12-09T21:57:10	-100	-100	-100	-100
2019-12-09T21:57:20	-100	-100	-100	-100
2019-12-09T21:57:30	-100	-100	-100	-100
2019-12-09T21:57:40	-100	-100	-100	-100
2019-12-09T21:57:50	-100	-100	-100	-100
2019-12-09T21:58:00	-100	-100	-100	-100
2019-12-09T21:58:10	-100	-100	-100	-100
2019-12-09T21:58:20	-100	-100	-100	-100
2019-12-09T21:58:30	-100	-100	-100	-100
2019-12-09T21:58:40	-100	-100	-100	-100
2019-12-09T21:58:50	-100	-100	-100	-100
2019-12-09T21:59:00	-100	-100	-100	-100
2019-12-09T21:59:10	-100	-100	-100	-100
2019-12-09T21:59:20	-100	-100	-100	-100
2019-12-09T21:59:30	-100	-100	-100	-100
2019-12-09T21:59:40	-100	-100	-100	-100
2019-12-09T21:59:50	-100	-100	-100	-100
2019-12-09T22:00:00	-100	-100	-100	-100
2019-12-09T22:00:10	-100	-100	-100	-100
2019-12-09T22:00:20	-100	-100	-100	-100
2019-12-09T22:00:30	-100	-100	-100	-100
2019-12-09T22:00:40	-100	-100	-100	-100
2019-12-09T22:00:50	-100	-100	-100	-100
2019-12-09T22:01:00	-100	-100	-100	-100
2019-12-09T22:01:10	-100	-100	-100	-100
2019-12-09T22:01:20	-100	-100	-100	-100
2019-12-09T22:01:30	-100	-100	-100	-100
2019-12-09T22:01:40	-100	-100	-100	-100
2019-12-09T22:01:50	-100	-100	-100	-100
2019-12-09T22:02:00	-100	-100	-100	-100
2019-12-09T22:02:10	-100	-100	-100	-100
2019-12-09T22:02:20	-100	-100	-100	-100
2019-12-09T22:02:30	-100	-100	-100	-100
2019-12-09T22:02:40	-100	-100	-100	-100
2019-12-09T22:02:50	-100	-100	-100	-100
2019-12-09T22:03:00	-100	-100	-100	-100
2019-12-09T22:03:10	-100	-100	-100	-100
2019-12-09T22:03:20	-100	-100	-100	-100
2019-12-09T22:03:30	-100	-100	-100	-100
2019-12-09T22:03:40	-100	-100	-100	-100
2019-12-09T22:03:50	-100	-100	-100	-100
2019-12-09T22:04:00	-100	-100	-100	-100
2019-12-09T22:04:10	-100	-100	-100	-100
2019-12-09T22:04:20	-100	-100	-100	-100
2019-12-09T22:04:30	-100	-100	-100	-100
2019-12-09T22:04:40	-100	-100	-100	-100
2019-12-09T22:04:50	-100	-100	-100	-100
2019-12-09T22:05:00	-100	-100	-100	-100
2019-12-09T22:05:10	-100	-100	-100	-100
2019-12-09T22:05:20	-100	-100	-100	-100
2019-12-09T22:05:30	-100	-100	-100	-100
2019-12-09T22:05:40	-100	-100	-100	-100
2019-12-09T22:05:50	-100	-100	-100	-100
2019-12-09T22:06:00	-100	-100	-100	-100
2019-12-09T22:06:10	-100	-100	-100	-100
2019-12-09T22:06:20	-100	-100	-100	-100
2019-12-09T22:06:30	-100	-100	-100	-100
2019-12-09T22:06:40	-100	-100	-100	-100
2019-12-09T22:06:50	-100	-100	-100	-100
2019-12-09T22:07:00	-100	-100	-100	-100
2019-12-09T22:07:10	-100	-100	-100	-100
2019-12-09T22:07:20	-100	-100	-100	-100
2019-12-09T22:07:30	-100	-100	-100	-100
2019-12-09T22:07:40	-100	-100	-100	-100
2019-12-09T22:07:50	-100	-100	-100	-100
2019-12-09T22:08:00	-100	-100	-100	-100
2019-12-09T22:08:10	-100	-100	-100	-100
2019-12-09T22:08:20	-100	-100	-100	-100
2019-12-09T22:08:30	-100	-100	-100	-100
2019-12-09T22:08:40	-100	-100	-100	-100
2019-12-09T22:08:50	-100	-100	-100	-100
2019-12-09T22:09:00	-100	-100	-100	-100
2019-12-09T22:09:10	-100	-100	-100	-100
2019-12-09T22:09:20	-100	-100	-100	-100
2019-12-09T22:09:30	-100	-100	-100	-100
2019-12-09T22:09:40	-100	-100	-100	-100
2019-12-09T22:09:50	-100	-100	-100	-100
2019-12-09T22:10:00	-100	-100	-100	-100
2019-12-09T22:10:10	-100	-100	-100	-100
2019-12-09T22:10:20	-100	-100	-100	-100
2019-12-09T22:10:30	-100	-100	-100	-100
2019-12-09T22:10:40	-100	-100	-100	-100
2019-12-09T22:10:50	-100	-100	-100	-100
2019-12-09T22:11:00	-100	-100	-100	-100
2019-12-09T22:11:10	-100	-100	-100	-100
2019-12-09T22:11:20	-100	-100	-100	-100
2019-12-09T22:11:30	-100	-100	-100	-100
2019-12-09T22:11:40	-100	-100	-100	-100
2019-12-09T22:11:50	-100	-100	-100	-100
2019-12-09T22:12:00	-100	-100	-100	-100
2019-12-09T22:12:10	-100	-100	-100	-100
2019-12-09T22:12:20	-100	-100	-100	-100
2019-12-09T22:12:30	-100	-100	-100	-100
2019-12-09T22:12:40	-100	-100	-100	-100
2019-12-09T22:12:50	-100	-100	-100	-100
2019-12-09T22:13:00	-100	-100	-100	-100
2019-12-09T22:13:10	-100	-100	-100	-100
2019-12-09T22:13:20	-100	-100	-100	-100
2019-12-09T22:13:30	-100	-100	-100	-100
2019-12-09T22:13:40	-100	-100	-100	-100
2019-12-09T22:13:50	-100	-100	-100	-100
2019-12-09T22:14:00	-100	-100	-100	-100
2019-12-09T22:14:10	-100	-100	-100	-100
2019-12-09T22:14:20	-100	-100	-100	-100
2019-12-09T22:14:30	-100	-100	-100	-100
2019-12-09T22:14:40	-100	-100	-100	-100
2019-12-09T22:14:50	-100	-100	-100	-100
2019-12-09T22:15:00	-100	-100	-100	-100
2019-12-09T22:15:10	-100	-100	-100	-100
2019-12-09T22:15:20	-100	-100	-100	-100
2019-12-09T22:15:30	-100	-100	-100	-100
2019-12-09T22:15:40	-100	-100	-100	-100
2019-12-09T22:15:50	-100	-100	-100	-100
2019-12-09T22:16:00	-100	-100	-100	-100
2019-12-09T22:16:10	-100	-100	-100	-100
2019-12-09T22:16:20	-100	-100	-100	-100
2019-12-09T22:16:30	-100	-100	-100	-100
2019-12-09T22:16:40	-100	-100	-100	-100
2019-12-09T22:16:50	-100	-100	-100	-100
2019-12-09T22:17:00	-100	-100	-100	-100
2019-12-09T22:17:10	-100	-100	-100	-100
2019-12-09T22:17:20	-100	-100	-100	-100
2019-12-09T22:17:30	-100	-100	-100	-100
2019-12-09T22:17:40	-100	-100	-100	-100
2019-12-09T22:17:50	-100	-100	-100	-100
2019-12-09T22:18:00	-100	-100	-100	-100
2019-12-09T22:18:10	-100	-100	-100	-100
2019-12-09T22:18:20	-100	-100	-100	-100
2019-12-09T22:18:30	-100	-100	-100	-100
2019-12-09T22:18:40	-100	-100	-100	-100
2019-12-09T22:18:50	-100	-100	-100	-100
2019-12-09T22:19:00	-100	-100	-100	-100
2019-12-09T22:19:10	-100	-100	-100	-100
2019-12-09T22:19:20	-100	-100	-100	-100
2019-12-09T22:19:30	-100	-100	-100	-100
2019-12-09T22:19:40	-100	-100	-100	-100
2019-12-09T22:19:50	-100	-100	-100	-100
2019-12-09T22:20:00	-100	-100	-100	-100
2019-12-09T22:20:10	-100	-100	-100	-100
2019-12-09T22:20:20	-100	-100	-100	-100
2019-12-09T22:20:30	-100	-100	-100	-100
2019-12-09T22:20:40	-100	-100	-100	-100
2019-12-09T22:20:50	-100	-100	-100	-100
2019-12-09T22:21:00	-100	-100	-100	-100
2019-12-09T22:21:10	-100	-100	-100	-100
2019-12-09T22:21:20	-100	-100	-100	-100
2019-12-09T22:21:30	-100	-100	-100	-100
2019-12-09T22:21:40	-100	-100	-100	-100
2019-12-09T22:21:50	-100	-100	-100	-100
2019-12-09T22:22:00	-100	-100	-100	-100
2019-12-09T22:22:10	-100	-100	-100	-100
2019-12-09T22:22:20	-100	-100	-100	-100
2019-12-09T22:22:30	-100	-100	-100	-100
2019-12-09T22:22:40	-100	-100	-100	-100
2019-12-09T22:22:50	-100	-100	-100	-100
2019-12-09T22:23:00	-100	-100	-100	-100
2019-12-09T22:23:10	-100	-100	-100	-100
2019-12-09T22:23:20	-100	-100	-100	-100
2019-12-09T22:23:30	-100	-100	-100	-100
2019-12-09T22:23:40	-100	-100	-100	-100
2019-12-09T22:23:50	-100	-100	-100	-100
2019-12-09T22:24:00	-100	-100	-100	-100
2019-12-09T22:24:10	-100	-100	-100	-100
2019-12-09T22:24:20	-100	-100	-100	-100
2019-12-09T22:24:30	-100	-100	-100	-100
2019-12-09T22:24:40	-100	-100	-100	-100
2019-12-09T22:24:51	-100	-100	-100	-100
2019-12-09T22:25:01	-100	-100	-100	-100
2019-12-09T22:25:11	-100	-100	-100	-100
2019-12-09T22:25:21	-100	-100	-100	-100
2019-12-09T22:25:31	-100	-100	-100	-100
2019-12-09T22:25:41	-100	-100	-100	-100
2019-12-09T22:25:51	-100	-100	-100	-100
2019-12-09T22:26:01	-100	-100	-100	-100
2019-12-09T22:26:17	-100	-100	-100	-100
2019-12-09T22:26:27	-100	-100	-100	-100
2019-12-09T22:26:37	-100	-100	-100	-100
2019-12-09T22:26:47	-100	-100	-100	-100
2019-12-09T22:26:57	-100	-100	-100	-100
2019-12-09T22:27:07	-100	-100	-100	-100
2019-12-09T22:27:17	-100	-100	-100	-100
2019-12-09T22:27:27	-100	-100	-100	-100
2019-12-09T22:27:37	-100	-100	-100	-100
2019-12-09T22:27:47	-100	-100	-100	-100
2019-12-09T22:27:57	-100	-100	-100	-100
2019-12-09T22:28:07	-100	-100	-100	-100
2019-12-09T22:28:17	-100	-100	-100	-100
2019-12-09T22:28:27	-100	-100	-100	-100
2019-12-09T22:28:37	-100	-100	-100	-100
2019-12-09T22:28:47	-100	-100	-100	-100
2019-12-09T22:28:57	-100	-100	-100	-100
2019-12-09T22:29:07	-100	-100	-100	-100
2019-12-09T22:29:17	-100	-100	-100	-100
2019-12-09T22:29:27	-100	-100	-100	-100
2019-12-09T22:29:37	-100	-100	-100	-100
2019-12-09T22:29:47	-100	-100	-100	-100
2019-12-09T22:29:57	-100	-100	-100	-100
2019-12-09T22:30:07	-100	-100	-100	-100
2019-12-09T22:30:17	-100	-100	-100	-100
2019-12-09T22:30:27	-100	-100	-100	-100
2019-12-09T22:30:37	-100	-100	-100	-100
2019-12-09T22:30:47	-100	-100	-100	-100
2019-12-09T22:30:57	-100	-100	-100	-100
2019-12-09T22:31:07	-100	-100	-100	-100
2019-12-09T22:31:17	-100	-100	-100	-100
2019-12-09T22:31:27	-100	-100	-100	-100
2019-12-09T22:31:37	-100	-100	-100	-100
2019-12-09T22:31:47	-100	-100	-100	-100
2019-12-09T22:31:57	-100	-100	-100	-100
2019-12-09T22:32:07	-100	-100	-100	-100
2019-12-09T22:32:17	-100	-100	-100	-100
2019-12-09T22:32:27	-100	-100	-100	-100
2019-12-09T22:32:37	-100	-100	-100	-100
2019-12-09T22:32:47	-100	-100	-100	-100
2019-12-09T22:32:57	-100	-100	-100	-100
2019-12-09T22:33:07	-100	-100	-100	-100
2019-12-09T22:33:17	-100	-100	-100	-100
2019-12-09T22:33:27	-100	-100	-100	-100
2019-12-09T22:33:38	-100	-100	-100	-100
2019-12-09T22:33:48	-100	-100	-100	-100
2019-12-09T22:33:58	-100	-100	-100	-100
2019-12-09T22:34:08	-100	-100	-100	-100
2019-12-09T22:34:18	-100	-100	-100	-100
2019-12-09T22:34:28	-100	-100	-100	-100
2019-12-09T22:34:38	-100	-100	-100	-100
2019-12-09T22:34:48	-100	-100	-100	-100
2019-12-09T22:34:58	-100	-100	-100	-100
2019-12-09T22:35:08	-100	-100	-100	-100
2019-12-09T22:35:18	-100	-100	-100	-100
2019-12-09T22:35:28	-100	-100	-100	-100
2019-12-09T22:35:38	-100	-100	-100	-100
2019-12-09T22:35:48	-100	-100	-100	-100
2019-12-09T22:35:58	-100	-100	-100	-100
2019-12-09T22:36:08	-100	-100	-100	-100
2019-12-09T22:36:18	-100	-100	-100	-100
2019-12-09T22:36:28	-100	-100	-100	-100
2019-12-09T22:36:38	-100	-100	-100	-100
2019-12-09T22:36:48	-100	-100	-100	-100
2019-12-09T22:36:58	-100	-100	-100	-100
2019-12-09T22:37:08	-100	-100	-100	-100
2019-12-09T22:37:18	-100	-100	-100	-100
2019-12-09T22:37:28	-100	-100	-100	-100
2019-12-09T22:37:38	-100	-100	-100	-100
2019-12-09T22:37:48	-100	-100	-100	-100
2019-12-09T22:37:58	-100	-100	-100	-100
2019-12-09T22:38:08	-100	-100	-100	-100
2019-12-09T22:38:18	-100	-100	-100	-100
2019-12-09T22:38:28	-100	-100	-100	-100
2019-12-09T22:38:38	-100	-100	-100	-100
2019-12-09T22:38:48	-100	-100	-100	-100
2019-12-09T22:38:58	-100	-100	-100	-100
2019-12-09T22:39:08	-100	-100	-100	-100
2019-12-09T22:39:18	-100	-100	-100	-100
2019-12-09T22:39:28	-100	-100	-100	-100
2019-12-09T22:39:38	-100	-100	-100	-100
2019-12-09T22:39:48	-100	-100	-100	-100
2019-12-09T22:39:58	-100	-100	-100	-100
2019-12-09T22:40:08	-100	-100	-100	-100
2019-12-09T22:40:18	-100	-100	-100	-100
2019-12-09T22:40:28	-100	-100	-100	-100
2019-12-09T22:40:38	-100	-100	-100	-100
2019-12-09T22:40:48	-100	-100	-100	-100
2019-12-09T22:40:58	-100	-100	-100	-100
2019-12-09T22:41:08	-100	-100	-100	-100
2019-12-09T22:41:18	-100	-100	-100	-100
2019-12-09T22:41:28	-100	-100	-100	-100
2019-12-09T22:41:38	-100	-100	-100	-100
2019-12-09T22:41:48	-100	-100	-100	-100
2019-12-09T22:41:58	-100	-100	-100	-100
2019-12-09T22:42:08	-100	-100	-100	-100
2019-12-09T22:42:18	-100	-100	-100	-100
2019-12-09T22:42:28	-100	-100	-100	-100
2019-12-09T22:42:38	-100	-100	-100	-100
2019-12-09T22:42:48	-100	-100	-100	-100
2019-12-09T22:42:58	-100	-100	-100	-100
2019-12-09T22:43:08	-100	-100	-100	-100
2019-12-09T22:43:18	-100	-100	-100	-100
2019-12-09T22:43:28	-100	-100	-100	-100
2019-12-09T22:43:38	-100	-100	-100	-100
2019-12-09T22:43:48	-100	-100	-100	-100
2019-12-09T22:43:58	-100	-100	-100	-100
2019-12-09T22:44:08	-100	-100	-100	-100
2019-12-09T22:44:18	-100	-100	-100	-100
2019-12-09T22:44:28	-100	-100	-100	-100
2019-12-09T22:44:38	-100	-100	-100	-100
2019-12-09T22:44:54	-100	-100	-100	-100
2019-12-09T22:45:09	-100	-100	-100	-100
2019-12-09T22:45:19	-100	-100	-100	-100
2019-12-09T22:45:34	-100	-100	-100	-100
2019-12-09T22:45:44	-100	-100	-100	-100
2019-12-09T22:45:54	-100	-100	-100	-100
2019-12-09T22:46:04	-100	-100	-100	-100
2019-12-09T22:46:14	-100	-100	-100	-100
2019-12-09T22:46:24	-100	-100	-100	-100
2019-12-09T22:46:34	-100	-100	-100	-100
2019-12-09T22:46:44	-100	-100	-100	-100
2019-12-09T22:46:54	-100	-100	-100	-100
2019-12-09T22:47:04	-100	-100	-100	-100
2019-12-09T22:47:14	-100	-100	-100	-100
2019-12-09T22:47:24	-100	-100	-100	-100
2019-12-09T22:47:34	-100	-100	-100	-100
2019-12-09T22:47:44	-100	-100	-100	-100
2019-12-09T22:47:54	-100	-100	-100	-100
2019-12-09T22:48:04	-100	-100	-100	-100
2019-12-09T22:48:14	-100	-100	-100	-100
2019-12-09T22:48:24	-100	-100	-100	-100
2019-12-09T22:48:34	-100	-100	-100	-100
2019-12-09T22:48:44	-100	-100	-100	-100
2019-12-09T22:48:54	-100	-100	-100	-100
2019-12-09T22:49:04	-100	-100	-100	-100
2019-12-09T22:49:14	-100	-100	-100	-100
2019-12-09T22:49:24	-100	-100	-100	-100
2019-12-09T22:49:34	-100	-100	-100	-100
2019-12-09T22:49:44	-100	-100	-100	-100
2019-12-09T22:49:54	-100	-100	-100	-100
2019-12-09T22:50:04	-100	-100	-100	-100
2019-12-09T22:50:14	-100	-100	-100	-100
2019-12-09T22:50:24	-100	-100	-100	-100
2019-12-09T22:50:34	-100	-100	-100	-100
2019-12-09T22:50:44	-100	-100	-100	-100
2019-12-09T22:50:54	-100	-100	-100	-100
2019-12-09T22:51:04	-100	-100	-100	-100
2019-12-09T22:51:14	-100	-100	-100	-100
2019-12-09T22:51:24	-100	-100	-100	-100
2019-12-09T22:51:34	-100	-100	-100	-100
2019-12-09T22:51:44	-100	-100	-100	-100
2019-12-09T22:51:54	-100	-100	-100	-100
2019-12-09T22:52:04	-100	-100	-100	-100
2019-12-09T22:52:14	-100	-100	-100	-100
2019-12-09T22:52:24	-100	-100	-100	-100
2019-12-09T22:52:34	-100	-100	-100	-100
2019-12-09T22:52:44	-100	-100	-100	-100
2019-12-09T22:52:54	-100	-100	-100	-100
2019-12-09T22:53:04	-100	-100	-100	-100
2019-12-09T22:53:14	-100	-100	-100	-100
2019-12-09T22:53:24	-100	-100	-100	-100
2019-12-09T22:53:34	-100	-100	-100	-100
2019-12-09T22:53:44	-100	-100	-100	-100
2019-12-09T22:53:54	-100	-100	-100	-100
2019-12-09T22:54:04	-100	-100	-100	-100
2019-12-09T22:54:14	-100	-100	-100	-100
2019-12-09T22:54:24	-100	-100	-100	-100
2019-12-09T22:54:34	-100	-100	-100	-100
2019-12-09T22:54:44	-100	-100	-100	-100
2019-12-09T22:54:54	-100	-100	-100	-100
2019-12-09T22:55:04	-100	-100	-100	-100
2019-12-09T22:55:14	-100	-100	-100	-100
2019-12-09T22:55:24	-100	-100	-100	-100
2019-12-09T22:55:34	-100	-100	-100	-100
2019-12-09T22:55:44	-100	-100	-100	-100
2019-12-09T22:55:54	-100	-100	-100	-100
2019-12-09T22:56:04	-100	-100	-100	-100
2019-12-09T22:56:14	-100	-100	-100	-100
2019-12-09T22:56:24	-100	-100	-100	-100
2019-12-09T22:56:34	-100	-100	-100	-100
2019-12-09T22:56:44	-100	-100	-100	-100
2019-12-09T22:56:54	-100	-100	-100	-100
2019-12-09T22:57:04	-100	-100	-100	-100
2019-12-09T22:57:14	-100	-100	-100	-100
2019-12-09T22:57:24	-100	-100	-100	-100
2019-12-09T22:57:34	-100	-100	-100	-100
2019-12-09T22:57:44	-100	-100	-100	-100
2019-12-09T22:57:54	-100	-100	-100	-100
2019-12-09T22:58:04	-100	-100	-100	-100
2019-12-09T22:58:14	-100	-100	-100	-100
2019-12-09T22:58:24	-100	-100	-100	-100
2019-12-09T22:58:34	-100	-100	-100	-100
2019-12-09T22:58:44	-100	-100	-100	-100
2019-12-09T22:58:54	-100	-100	-100	-100
2019-12-09T22:59:04	-100	-100	-100	-100
2019-12-09T22:59:14	-100	-100	-100	-100
2019-12-09T22:59:24	-100	-100	-100	-100
2019-12-09T22:59:34	-100	-100	-100	-100
2019-12-09T22:59:44	-100	-100	-100	-100
2019-12-09T22:59:54	-100	-100	-100	-100
2019-12-09T23:00:04	-100	-100	-100	-100
2019-12-09T23:00:14	-100	-100	-100	-100
2019-12-09T23:00:24	-100	-100	-100	-100
2019-12-09T23:00:34	-100	-100	-100	-100
2019-12-09T23:00:44	-100	-100	-100	-100
2019-12-09T23:00:54	-100	-100	-100	-100
2019-12-09T23:01:04	-100	-100	-100	-100
2019-12-09T23:01:14	-100	-100	-100	-100
2019-12-09T23:01:24	-100	-100	-100	-100
2019-12-09T23:01:34	-100	-100	-100	-100
2019-12-09T23:01:44	-100	-100	-100	-100
2019-12-09T23:01:54	-100	-100	-100	-100
2019-12-09T23:02:04	-100	-100	-100	-100
2019-12-09T23:02:14	-100	-100	-100	-100
2019-12-09T23:02:24	-100	-100	-100	-100
2019-12-09T23:02:34	-100	-100	-100	-100
2019-12-09T23:02:44	-100	-100	-100	-100
2019-12-09T23:02:54	-100	-100	-100	-100
2019-12-09T23:03:04	-100	-100	-100	-100
2019-12-09T23:03:14	-100	-100	-100	-100
2019-12-09T23:03:24	-100	-100	-100	-100
2019-12-09T23:03:34	-100	-100	-100	-100
2019-12-09T23:03:44	-100	-100	-100	-100
2019-12-09T23:03:54	-100	-100	-100	-100
2019-12-09T23:04:04	-100	-100	-100	-100
2019-12-09T23:04:14	-100	-100	-100	-100
2019-12-09T23:04:24	-100	-100	-100	-100
2019-12-09T23:04:34	-100	-100	-100	-100
2019-12-09T23:04:45	-100	-100	-100	-100
2019-12-09T23:04:55	-100	-100	-100	-100
2019-12-09T23:05:05	-100	-100	-100	-100
2019-12-09T23:05:15	-100	-100	-100	-100
2019-12-09T23:05:25	-100	-100	-100	-100
2019-12-09T23:05:35	-100	-100	-100	-100
2019-12-09T23:05:45	-100	-100	-100	-100
2019-12-09T23:05:55	-100	-100	-100	-100
2019-12-09T23:06:05	-100	-100	-100	-100
2019-12-09T23:06:15	-100	-100	-100	-100
2019-12-09T23:06:25	-100	-100	-100	-100
2019-12-09T23:06:35	-100	-100	-100	-100
2019-12-09T23:06:45	-100	-100	-100	-100
2019-12-09T23:06:55	-100	-100	-100	-100
2019-12-09T23:07:05	-100	-100	-100	-100
2019-12-09T23:07:15	-100	-100	-100	-100
2019-12-09T23:07:25	-100	-100	-100	-100
2019-12-09T23:07:35	-100	-100	-100	-100
2019-12-09T23:07:45	-100	-100	-100	-100
2019-12-09T23:07:55	-100	-100	-100	-100
2019-12-09T23:08:05	-100	-100	-100	-100
2019-12-09T23:08:15	-100	-100	-100	-100
2019-12-09T23:08:25	-100	-100	-100	-100
2019-12-09T23:08:35	-100	-100	-100	-100
2019-12-09T23:08:45	-100	-100	-100	-100
2019-12-09T23:08:55	-100	-100	-100	-100
2019-12-09T23:09:05	-100	-100	-100	-100
2019-12-09T23:09:15	-100	-100	-100	-100
2019-12-09T23:09:25	-100	-100	-100	-100
2019-12-09T23:09:35	-100	-100	-100	-100
2019-12-09T23:09:45	-100	-100	-100	-100
2019-12-09T23:09:55	-100	-100	-100	-100
2019-12-09T23:10:05	-100	-100	-100	-100
2019-12-09T23:10:15	-100	-100	-100	-100
2019-12-09T23:10:25	-100	-100	-100	-100
2019-12-09T23:10:35	-100	-100	-100	-100
2019-12-09T23:10:45	-100	-100	-100	-100
2019-12-09T23:10:55	-100	-100	-100	-100
2019-12-09T23:11:05	-100	-100	-100	-100
2019-12-09T23:11:15	-100	-100	-100	-100
2019-12-09T23:11:25	-100	-100	-100	-100
2019-12-09T23:11:35	-100	-100	-100	-100
2019-12-09T23:11:45	-100	-100	-100	-100
2019-12-09T23:11:55	-100	-100	-100	-100
2019-12-09T23:12:05	-100	-100	-100	-100
2019-12-09T23:12:15	-100	-100	-100	-100
2019-12-09T23:12:25	-100	-100	-100	-100
2019-12-09T23:12:35	-100	-100	-100	-100
2019-12-09T23:12:45	-100	-100	-100	-100
2019-12-09T23:12:55	-100	-100	-100	-100
2019-12-09T23:13:05	-100	-100	-100	-100
2019-12-09T23:13:15	-100	-100	-100	-100
2019-12-09T23:13:25	-100	-100	-100	-100
2019-12-09T23:13:35	-100	-100	-100	-100
2019-12-09T23:13:45	-100	-100	-100	-100
2019-12-09T23:13:55	-100	-100	-100	-100
2019-12-09T23:14:05	-100	-100	-100	-100
2019-12-09T23:14:15	-100	-100	-100	-100
2019-12-09T23:14:25	-100	-100	-100	-100
2019-12-09T23:14:35	-100	-100	-100	-100
2019-12-09T23:14:45	-100	-100	-100	-100
2019-12-09T23:14:55	-100	-100	-100	-100
2019-12-09T23:15:05	-100	-100	-100	-100
2019-12-09T23:15:15	-100	-100	-100	-100
2019-12-09T23:15:25	-100	-100	-100	-100
2019-12-09T23:15:35	-100	-100	-100	-100
2019-12-09T23:15:45	-100	-100	-100	-100
2019-12-09T23:15:55	-100	-100	-100	-100
2019-12-09T23:16:05	-100	-100	-100	-100
2019-12-09T23:16:15	-100	-100	-100	-100
2019-12-09T23:16:25	-100	-100	-100	-100
2019-12-09T23:16:35	-100	-100	-100	-100
2019-12-09T23:16:45	-100	-100	-100	-100
2019-12-09T23:16:55	-100	-100	-100	-100
2019-12-09T23:17:05	-100	-100	-100	-100
2019-12-09T23:17:15	-100	-100	-100	-100
2019-12-09T23:17:25	-100	-100	-100	-100
2019-12-09T23:17:35	-100	-100	-100	-100
2019-12-09T23:17:45	-100	-100	-100	-100
2019-12-09T23:17:55	-100	-100	-100	-100
2019-12-09T23:18:05	-100	-100	-100	-100
2019-12-09T23:18:15	-100	-100	-100	-100
2019-12-09T23:18:25	-100	-100	-100	-100
2019-12-09T23:18:35	-100	-100	-100	-100
2019-12-09T23:18:45	-100	-100	-100	-100
2019-12-09T23:18:55	-100	-100	-100	-100
2019-12-09T23:19:05	-100	-100	-100	-100
2019-12-09T23:19:15	-100	-100	-100	-100
2019-12-09T23:19:25	-100	-100	-100	-100
2019-12-09T23:19:35	-100	-100	-100	-100
2019-12-09T23:19:45	-100	-100	-100	-100
2019-12-09T23:19:55	-100	-100	-100	-100
2019-12-09T23:20:05	-100	-100	-100	-100
2019-12-09T23:20:15	-100	-100	-100	-100
2019-12-09T23:20:25	-100	-100	-100	-100
2019-12-09T23:20:35	-100	-100	-100	-100
2019-12-09T23:20:45	-100	-100	-100	-100
2019-12-09T23:20:55	-100	-100	-100	-100
2019-12-09T23:21:05	-100	-100	-100	-100
2019-12-09T23:21:15	-100	-100	-100	-100
2019-12-09T23:21:25	-100	-100	-100	-100
2019-12-09T23:21:35	-100	-100	-100	-100
2019-12-09T23:21:45	-100	-100	-100	-100
2019-12-09T23:21:55	-100	-100	-100	-100
2019-12-09T23:22:05	-100	-100	-100	-100
2019-12-09T23:22:15	-100	-100	-100	-100
2019-12-09T23:22:25	-100	-100	-100	-100
2019-12-09T23:22:35	-100	-100	-100	-100
2019-12-09T23:22:45	-100	-100	-100	-100
2019-12-09T23:22:55	-100	-100	-100	-100
2019-12-09T23:23:05	-100	-100	-100	-100
2019-12-09T23:23:15	-100	-100	-100	-100
2019-12-09T23:23:25	-100	-100	-100	-100
2019-12-09T23:23:35	-100	-100	-100	-100
2019-12-09T23:23:45	-100	-100	-100	-100
2019-12-09T23:23:55	-100	-100	-100	-100
2019-12-09T23:24:05	-100	-100	-100	-100
2019-12-09T23:24:15	-100	-100	-100	-100
2019-12-09T23:24:25	-100	-100	-100	-100
2019-12-09T23:24:35	-100	-100	-100	-100
2019-12-09T23:24:45	-100	-100	-100	-100
2019-12-09T23:24:55	-100	-100	-100	-100
2019-12-09T23:25:05	-100	-100	-100	-100
2019-12-09T23:25:15	-100	-100	-100	-100
2019-12-09T23:25:25	-100	-100	-100	-100
2019-12-09T23:25:35	-100	-100	-100	-100
2019-12-09T23:25:45	-100	-100	-100	-100
2019-12-09T23:25:55	-100	-100	-100	-100
2019-12-09T23:26:05	-100	-100	-100	-100
2019-12-09T23:26:15	-100	-100	-100	-100
2019-12-09T23:26:25	-100	-100	-100	-100
2019-12-09T23:26:35	-100	-100	-100	-100
2019-12-09T23:26:45	-100	-100	-100	-100
2019-12-09T23:26:55	-100	-100	-100	-100
2019-12-09T23:27:05	-100	-100	-100	-100
2019-12-09T23:27:15	-100	-100	-100	-100
2019-12-09T23:27:25	-100	-100	-100	-100
2019-12-09T23:27:35	-100	-100	-100	-100
2019-12-09T23:27:45	-100	-100	-100	-100
2019-12-09T23:27:55	-100	-100	-100	-100
2019-12-09T23:28:05	-100	-100	-100	-100
2019-12-09T23:28:15	-100	-100	-100	-100
2019-12-09T23:28:25	-100	-100	-100	-100
2019-12-09T23:28:35	-100	-100	-100	-100
2019-12-09T23:28:45	-100	-100	-100	-100
2019-12-09T23:28:55	-100	-100	-100	-100
2019-12-09T23:29:05	-100	-100	-100	-100
2019-12-09T23:29:15	-100	-100	-100	-100
2019-12-09T23:29:25	-100	-100	-100	-100
2019-12-09T23:29:35	-100	-100	-100	-100
2019-12-09T23:29:45	-100	-100	-100	-100
2019-12-09T23:29:55	-100	-100	-100	-100
2019-12-09T23:30:05	-100	-100	-100	-100
2019-12-09T23:30:15	-100	-100	-100	-100
2019-12-09T23:30:25	-100	-100	-100	-100
2019-12-09T23:30:35	-100	-100	-100	-100
2019-12-09T23:30:45	-100	-100	-100	-100
2019-12-09T23:30:55	-100	-100	-100	-100
2019-12-09T23:31:05	-100	-100	-100	-100
2019-12-09T23:31:15	-100	-100	-100	-100
2019-12-09T23:31:25	-100	-100	-100	-100
2019-12-09T23:31:35	-100	-100	-100	-100
2019-12-09T23:31:45	-100	-100	-100	-100
2019-12-09T23:31:55	-100	-100	-100	-100
2019-12-09T23:32:05	-100	-100	-100	-100
2019-12-09T23:32:15	-100	-100	-100	-100
2019-12-09T23:32:25	-100	-100	-100	-100
2019-12-09T23:32:35	-100	-100	-100	-100
2019-12-09T23:32:45	-100	-100	-100	-100
2019-12-09T23:32:55	-100	-100	-100	-100
2019-12-09T23:33:05	-100	-100	-100	-100
2019-12-09T23:33:15	-100	-100	-100	-100
2019-12-09T23:33:25	-100	-100	-100	-100
2019-12-09T23:33:35	-100	-100	-100	-100
2019-12-09T23:33:45	-100	-100	-100	-100
2019-12-09T23:33:55	-100	-100	-100	-100
2019-12-09T23:34:05	-100	-100	-100	-100
2019-12-09T23:34:15	-100	-100	-100	-100
2019-12-09T23:34:25	-100	-100	-100	-100
2019-12-09T23:34:35	-100	-100	-100	-100
2019-12-09T23:34:45	-100	-100	-100	-100
2019-12-09T23:34:55	-100	-100	-100	-100
2019-12-09T23:35:05	-100	-100	-100	-100
2019-12-09T23:35:15	-100	-100	-100	-100
2019-12-09T23:35:25	-100	-100	-100	-100
2019-12-09T23:35:35	-100	-100	-100	-100
2019-12-09T23:35:45	-100	-100	-100	-100
2019-12-09T23:35:55	-100	-100	-100	-100
2019-12-09T23:36:05	-100	-100	-100	-100
2019-12-09T23:36:15	-100	-100	-100	-100
2019-12-09T23:36:25	-100	-100	-100	-100
2019-12-09T23:36:35	-100	-100	-100	-100
2019-12-09T23:36:45	-100	-100	-100	-100
2019-12-09T23:36:55	-100	-100	-100	-100
2019-12-09T23:37:05	-100	-100	-100	-100
2019-12-09T23:37:15	-100	-100	-100	-100
2019-12-09T23:37:25	-100	-100	-100	-100
2019-12-09T23:37:35	-100	-100	-100	-100
2019-12-09T23:37:45	-100	-100	-100	-100
2019-12-09T23:37:55	-100	-100	-100	-100
2019-12-09T23:38:05	-100	-100	-100	-100
2019-12-09T23:38:15	-100	-100	-100	-100
2019-12-09T23:38:25	-100	-100	-100	-100
2019-12-09T23:38:35	-100	-100	-100	-100
2019-12-09T23:38:45	-100	-100	-100	-100
2019-12-09T23:38:55	-100	-100	-100	-100
2019-12-09T23:39:05	-100	-100	-100	-100
2019-12-09T23:39:15	-100	-100	-100	-100
2019-12-09T23:39:25	-100	-100	-100	-100
2019-12-09T23:39:35	-100	-100	-100	-100
2019-12-09T23:39:45	-100	-100	-100	-100
2019-12-09T23:39:55	-100	-100	-100	-100
2019-12-09T23:40:05	-100	-100	-100	-100
2019-12-09T23:40:15	-100	-100	-100	-100
2019-12-09T23:40:25	-100	-100	-100	-100
2019-12-09T23:40:35	-100	-100	-100	-100
2019-12-09T23:40:45	-100	-100	-100	-100
2019-12-09T23:40:55	-100	-100	-100	-100
2019-12-09T23:41:05	-100	-100	-100	-100
2019-12-09T23:41:15	-100	-100	-100	-100
2019-12-09T23:41:25	-100	-100	-100	-100
2019-12-09T23:41:35	-100	-100	-100	-100
2019-12-09T23:41:45	-100	-100	-100	-100
2019-12-09T23:41:55	-100	-100	-100	-100
2019-12-09T23:42:05	-100	-100	-100	-100
2019-12-09T23:42:15	-100	-100	-100	-100
2019-12-09T23:42:25	-100	-100	-100	-100
2019-12-09T23:42:35	-100	-100	-100	-100
2019-12-09T23:42:45	-100	-100	-100	-100
2019-12-09T23:42:55	-100	-100	-100	-100
2019-12-09T23:43:05	-100	-100	-100	-100
2019-12-09T23:43:15	-100	-100	-100	-100
2019-12-09T23:43:25	-100	-100	-100	-100
2019-12-09T23:43:35	-100	-100	-100	-100
2019-12-09T23:43:45	-100	-100	-100	-100
2019-12-09T23:43:55	-100	-100	-100	-100
2019-12-09T23:44:05	-100	-100	-100	-100
2019-12-09T23:44:15	-100	-100	-100	-100
2019-12-09T23:44:25	-100	-100	-100	-100
2019-12-09T23:44:35	-100	-100	-100	-100
2019-12-09T23:44:45	-100	-100	-100	-100
2019-12-09T23:44:55	-100	-100	-100	-100
2019-12-09T23:45:05	-100	-100	-100	-100
2019-12-09T23:45:15	-100	-100	-100	-100
2019-12-09T23:45:25	-100	-100	-100	-100
2019-12-09T23:45:35	-100	-100	-100	-100
2019-12-09T23:45:45	-100	-100	-100	-100
2019-12-09T23:45:55	-100	-100	-100	-100
2019-12-09T23:46:05	-100	-100	-100	-100
2019-12-09T23:46:15	-100	-100	-100	-100
2019-12-09T23:46:25	-100	-100	-100	-100
2019-12-09T23:46:35	-100	-100	-100	-100
2019-12-09T23:46:45	-100	-100	-100	-100
2019-12-09T23:46:55	-100	-100	-100	-100
2019-12-09T23:47:05	-100	-100	-100	-100
2019-12-09T23:47:15	-100	-100	-100	-100
2019-12-09T23:47:25	-100	-100	-100	-100
2019-12-09T23:47:35	-100	-100	-100	-100
2019-12-09T23:47:45	-100	-100	-100	-100
2019-12-09T23:47:55	-100	-100	-100	-100
2019-12-09T23:48:05	-100	-100	-100	-100
2019-12-09T23:48:15	-100	-100	-100	-100
2019-12-09T23:48:25	-100	-100	-100	-100
2019-12-09T23:48:35	-100	-100	-100	-100
2019-12-09T23:48:45	-100	-100	-100	-100
2019-12-09T23:48:55	-100	-100	-100	-100
2019-12-09T23:49:05	-100	-100	-100	-100
2019-12-09T23:49:15	-100	-100	-100	-100
2019-12-09T23:49:25	-100	-100	-100	-100
2019-12-09T23:49:35	-100	-100	-100	-100
2019-12-09T23:49:46	-100	-100	-100	-100
2019-12-09T23:49:56	-100	-100	-100	-100
2019-12-09T23:50:06	-100	-100	-100	-100
2019-12-09T23:50:16	-100	-100	-100	-100
2019-12-09T23:50:26	-100	-100	-100	-100
2019-12-09T23:50:36	-100	-100	-100	-100
2019-12-09T23:50:46	-100	-100	-100	-100
2019-12-09T23:50:56	-100	-100	-100	-100
2019-12-09T23:51:06	-100	-100	-100	-100
2019-12-09T23:51:16	-100	-100	-100	-100
2019-12-09T23:51:26	-100	-100	-100	-100
2019-12-09T23:51:36	-100	-100	-100	-100
2019-12-09T23:51:46	-100	-100	-100	-100
2019-12-09T23:51:56	-100	-100	-100	-100
2019-12-09T23:52:06	-100	-100	-100	-100
2019-12-09T23:52:16	-100	-100	-100	-100
2019-12-09T23:52:26	-100	-100	-100	-100
2019-12-09T23:52:36	-100	-100	-100	-100
2019-12-09T23:52:46	-100	-100	-100	-100
2019-12-09T23:52:56	-100	-100	-100	-100
2019-12-09T23:53:06	-100	-100	-100	-100
2019-12-09T23:53:16	-100	-100	-100	-100
2019-12-09T23:53:26	-100	-100	-100	-100
2019-12-09T23:53:36	-100	-100	-100	-100
2019-12-09T23:53:46	-100	-100	-100	-100
2019-12-09T23:53:56	-100	-100	-100	-100
2019-12-09T23:54:06	-100	-100	-100	-100
2019-12-09T23:54:16	-100	-100	-100	-100
2019-12-09T23:54:26	-100	-100	-100	-100
2019-12-09T23:54:36	-100	-100	-100	-100
2019-12-09T23:54:46	-100	-100	-100	-100
2019-12-09T23:54:56	-100	-100	-100	-100
2019-12-09T23:55:06	-100	-100	-100	-100
2019-12-09T23:55:16	-100	-100	-100	-100
2019-12-09T23:55:26	-100	-100	-100	-100
2019-12-09T23:55:36	-100	-100	-100	-100
2019-12-09T23:55:46	-100	-100	-100	-100
2019-12-09T23:55:56	-100	-100	-100	-100
2019-12-09T23:56:06	-100	-100	-100	-100
2019-12-09T23:56:16	-100	-100	-100	-100
2019-12-09T23:56:26	-100	-100	-100	-100
2019-12-09T23:56:36	-100	-100	-100	-100
2019-12-09T23:56:46	-100	-100	-100	-100
2019-12-09T23:56:56	-100	-100	-100	-100
2019-12-09T23:57:06	-100	-100	-100	-100
2019-12-09T23:57:16	-100	-100	-100	-100
2019-12-09T23:57:26	-100	-100	-100	-100
2019-12-09T23:57:36	-100	-100	-100	-100
2019-12-09T23:57:46	-100	-100	-100	-100
2019-12-09T23:57:56	-100	-100	-100	-100
2019-12-09T23:58:06	-100	-100	-100	-100
2019-12-09T23:58:16	-100	-100	-100	-100
2019-12-09T23:58:26	-100	-100	-100	-100
2019-12-09T23:58:36	-100	-100	-100	-100
2019-12-09T23:58:46	-100	-100	-100	-100
2019-12-09T23:58:56	-100	-100	-100	-100
2019-12-09T23:59:06	-100	-100	-100	-100
2019-12-09T23:59:16	-100	-100	-100	-100
2019-12-09T23:59:26	-100	-100	-100	-100
2019-12-09T23:59:36	-100	-100	-100	-100
2019-12-09T23:59:46	-100	-100	-100	-100
2019-12-09T23:59:56	-100	-100	-100	-100
2019-12-10T00:00:06	-100	-100	-100	-100
