time	T1	T2	T3	T4
2020-11-29T17:28:32	-100	-100	-100	-100
2020-11-29T17:28:42	-100	-100	-100	-100
2020-11-29T17:28:52	-100	-100	-100	-100
2020-11-29T17:29:02	-100	-100	-100	-100
2020-11-29T17:29:12	-100	-100	-100	-100
2020-11-29T17:29:22	-100	-100	-100	-100
2020-11-29T17:29:32	-100	-100	-100	-100
2020-11-29T17:29:42	-100	-100	-100	-100
2020-11-29T17:29:52	-100	-100	-100	-100
2020-11-29T17:30:02	-100	-100	-100	-100
2020-11-29T17:30:12	-100	-100	-100	-100
2020-11-29T17:30:22	-100	-100	-100	-100
2020-11-29T17:30:32	-100	-100	-100	-100
2020-11-29T17:30:42	-100	-100	-100	-100
2020-11-29T17:30:52	-100	-100	-100	-100
2020-11-29T17:31:02	-100	-100	-100	-100
2020-11-29T17:31:12	-100	-100	-100	-100
2020-11-29T17:31:22	-100	-100	-100	-100
2020-11-29T17:31:32	-100	-100	-100	-100
2020-11-29T17:31:42	-100	-100	-100	-100
2020-11-29T17:31:52	-100	-100	-100	-100
2020-11-29T17:32:02	-100	-100	-100	-100
2020-11-29T17:32:12	-100	-100	-100	-100
2020-11-29T17:32:22	-100	-100	-100	-100
2020-11-29T17:32:32	-100	-100	-100	-100
2020-11-29T17:32:42	-100	-100	-100	-100
2020-11-29T17:32:52	-100	-100	-100	-100
2020-11-29T17:33:02	-100	-100	-100	-100
2020-11-29T17:33:12	-100	-100	-100	-100
2020-11-29T17:33:22	-100	-100	-100	-100
2020-11-29T17:33:32	-100	-100	-100	-100
2020-11-29T17:33:42	-100	-100	-100	-100
2020-11-29T17:33:52	-100	-100	-100	-100
2020-11-29T17:34:02	-100	-100	-100	-100
2020-11-29T17:34:12	-100	-100	-100	-100
2020-11-29T17:34:22	-100	-100	-100	-100
2020-11-29T17:34:32	-100	-100	-100	-100
2020-11-29T17:34:42	-100	-100	-100	-100
2020-11-29T17:34:52	-100	-100	-100	-100
2020-11-29T17:35:02	-100	-100	-100	-100
2020-11-29T17:35:12	-100	-100	-100	-100
2020-11-29T17:35:22	-100	-100	-100	-100
2020-11-29T17:35:32	-100	-100	-100	-100
2020-11-29T17:35:42	-100	-100	-100	-100
2020-11-29T17:35:52	-100	-100	-100	-100
2020-11-29T17:36:02	-100	-100	-100	-100
2020-11-29T17:36:12	-100	-100	-100	-100
2020-11-29T17:36:22	-100	-100	-100	-100
2020-11-29T17:36:32	-100	-100	-100	-100
2020-11-29T17:36:42	-100	-100	-100	-100
2020-11-29T17:36:52	-100	-100	-100	-100
2020-11-29T17:37:02	-100	-100	-100	-100
2020-11-29T17:37:12	-100	-100	-100	-100
2020-11-29T17:37:22	-100	-100	-100	-100
2020-11-29T17:37:32	-100	-100	-100	-100
2020-11-29T17:37:42	-100	-100	-100	-100
2020-11-29T17:37:52	-100	-100	-100	-100
2020-11-29T17:38:02	-100	-100	-100	-100
2020-11-29T17:38:12	-100	-100	-100	-100
2020-11-29T17:38:22	-100	-100	-100	-100
2020-11-29T17:38:32	-100	-100	-100	-100
2020-11-29T17:38:42	-100	-100	-100	-100
2020-11-29T17:38:52	-100	-100	-100	-100
2020-11-29T17:39:02	-100	-100	-100	-100
2020-11-29T17:39:12	-100	-100	-100	-100
2020-11-29T17:39:22	-100	-100	-100	-100
2020-11-29T17:39:32	-100	-100	-100	-100
2020-11-29T17:39:42	-100	-100	-100	-100
2020-11-29T17:39:52	-100	-100	-100	-100
2020-11-29T17:40:02	-100	-100	-100	-100
2020-11-29T17:40:12	-100	-100	-100	-100
2020-11-29T17:40:22	-100	-100	-100	-100
2020-11-29T17:40:32	-100	-100	-100	-100
2020-11-29T17:40:42	-100	-100	-100	-100
2020-11-29T17:40:52	-100	-100	-100	-100
2020-11-29T17:41:02	-100	-100	-100	-100
2020-11-29T17:41:12	-100	-100	-100	-100
2020-11-29T17:41:22	-100	-100	-100	-100
2020-11-29T17:41:32	-100	-100	-100	-100
2020-11-29T17:41:42	-100	-100	-100	-100
2020-11-29T17:41:52	-100	-100	-100	-100
2020-11-29T17:42:02	-100	-100	-100	-100
2020-11-29T17:42:12	-100	-100	-100	-100
2020-11-29T17:42:22	-100	-100	-100	-100
2020-11-29T17:42:32	-100	-100	-100	-100
2020-11-29T17:42:42	-100	-100	-100	-100
2020-11-29T17:42:52	-100	-100	-100	-100
2020-11-29T17:43:02	-100	-100	-100	-100
2020-11-29T17:43:12	-100	-100	-100	-100
2020-11-29T17:43:22	-100	-100	-100	-100
2020-11-29T17:43:32	-100	-100	-100	-100
2020-11-29T17:43:42	-100	-100	-100	-100
2020-11-29T17:43:52	-100	-100	-100	-100
2020-11-29T17:44:02	-100	-100	-100	-100
2020-11-29T17:44:12	-100	-100	-100	-100
2020-11-29T17:44:22	-100	-100	-100	-100
2020-11-29T17:44:32	-100	-100	-100	-100
2020-11-29T17:44:42	-100	-100	-100	-100
2020-11-29T17:44:52	-100	-100	-100	-100
2020-11-29T17:45:02	-100	-100	-100	-100
2020-11-29T17:45:12	-100	-100	-100	-100
2020-11-29T17:45:22	-100	-100	-100	-100
2020-11-29T17:45:32	-100	-100	-100	-100
2020-11-29T17:45:42	-100	-100	-100	-100
2020-11-29T17:45:52	-100	-100	-100	-100
2020-11-29T17:46:02	-100	-100	-100	-100
2020-11-29T17:46:12	-100	-100	-100	-100
2020-11-29T17:46:22	-100	-100	-100	-100
2020-11-29T17:46:32	-100	-100	-100	-100
2020-11-29T17:46:42	-100	-100	-100	-100
2020-11-29T17:46:52	-100	-100	-100	-100
2020-11-29T17:47:02	-100	-100	-100	-100
2020-11-29T17:47:12	-100	-100	-100	-100
2020-11-29T17:47:22	-100	-100	-100	-100
2020-11-29T17:47:32	-100	-100	-100	-100
2020-11-29T17:47:42	-100	-100	-100	-100
2020-11-29T17:47:52	-100	-100	-100	-100
2020-11-29T17:48:02	-100	-100	-100	-100
2020-11-29T17:48:12	-100	-100	-100	-100
2020-11-29T17:48:22	-100	-100	-100	-100
2020-11-29T17:48:32	-100	-100	-100	-100
2020-11-29T17:48:42	-100	-100	-100	-100
2020-11-29T17:48:52	-100	-100	-100	-100
2020-11-29T17:49:02	-100	-100	-100	-100
2020-11-29T17:49:12	-100	-100	-100	-100
2020-11-29T17:49:22	-100	-100	-100	-100
2020-11-29T17:49:32	-100	-100	-100	-100
2020-11-29T17:49:42	-100	-100	-100	-100
2020-11-29T17:49:52	-100	-100	-100	-100
2020-11-29T17:50:02	-100	-100	-100	-100
2020-11-29T17:50:12	-100	-100	-100	-100
2020-11-29T17:50:22	-100	-100	-100	-100
2020-11-29T17:50:33	-100	-100	-100	-100
2020-11-29T17:50:43	-100	-100	-100	-100
2020-11-29T17:50:53	-100	-100	-100	-100
2020-11-29T17:51:03	-100	-100	-100	-100
2020-11-29T17:51:13	-100	-100	-100	-100
2020-11-29T17:51:23	-100	-100	-100	-100
2020-11-29T17:51:33	-100	-100	-100	-100
2020-11-29T17:51:43	-100	-100	-100	-100
2020-11-29T17:51:53	-100	-100	-100	-100
2020-11-29T17:52:03	-100	-100	-100	-100
2020-11-29T17:52:13	-100	-100	-100	-100
2020-11-29T17:52:23	-100	-100	-100	-100
2020-11-29T17:52:33	-100	-100	-100	-100
2020-11-29T17:52:43	-100	-100	-100	-100
2020-11-29T17:52:53	-100	-100	-100	-100
2020-11-29T17:53:03	-100	-100	-100	-100
2020-11-29T17:53:13	-100	-100	-100	-100
2020-11-29T17:53:23	-100	-100	-100	-100
2020-11-29T17:53:33	-100	-100	-100	-100
2020-11-29T17:53:43	-100	-100	-100	-100
2020-11-29T17:53:53	-100	-100	-100	-100
2020-11-29T17:54:03	-100	-100	-100	-100
2020-11-29T17:54:13	-100	-100	-100	-100
2020-11-29T17:54:23	-100	-100	-100	-100
2020-11-29T17:54:33	-100	-100	-100	-100
2020-11-29T17:54:43	-100	-100	-100	-100
2020-11-29T17:54:53	-100	-100	-100	-100
2020-11-29T17:55:03	-100	-100	-100	-100
2020-11-29T17:55:13	-100	-100	-100	-100
2020-11-29T17:55:23	-100	-100	-100	-100
2020-11-29T17:55:33	-100	-100	-100	-100
2020-11-29T17:55:43	-100	-100	-100	-100
2020-11-29T17:55:53	-100	-100	-100	-100
2020-11-29T17:56:03	-100	-100	-100	-100
2020-11-29T17:56:13	-100	-100	-100	-100
2020-11-29T17:56:23	-100	-100	-100	-100
2020-11-29T17:56:33	-100	-100	-100	-100
2020-11-29T17:56:43	-100	-100	-100	-100
2020-11-29T17:56:53	-100	-100	-100	-100
2020-11-29T17:57:03	-100	-100	-100	-100
2020-11-29T17:57:13	-100	-100	-100	-100
2020-11-29T17:57:23	-100	-100	-100	-100
2020-11-29T17:57:33	-100	-100	-100	-100
2020-11-29T17:57:43	-100	-100	-100	-100
2020-11-29T17:57:53	-100	-100	-100	-100
2020-11-29T17:58:03	-100	-100	-100	-100
2020-11-29T17:58:13	-100	-100	-100	-100
2020-11-29T17:58:23	-100	-100	-100	-100
2020-11-29T17:58:33	-100	-100	-100	-100
2020-11-29T17:58:43	-100	-100	-100	-100
2020-11-29T17:58:53	-100	-100	-100	-100
2020-11-29T17:59:03	-100	-100	-100	-100
2020-11-29T17:59:13	-100	-100	-100	-100
2020-11-29T17:59:23	-100	-100	-100	-100
2020-11-29T17:59:33	-100	-100	-100	-100
2020-11-29T17:59:43	-100	-100	-100	-100
2020-11-29T17:59:53	-100	-100	-100	-100
2020-11-29T18:00:03	-100	-100	-100	-100
2020-11-29T18:00:13	-100	-100	-100	-100
2020-11-29T18:00:23	-100	-100	-100	-100
2020-11-29T18:00:33	-100	-100	-100	-100
2020-11-29T18:00:43	-100	-100	-100	-100
2020-11-29T18:00:53	-100	-100	-100	-100
2020-11-29T18:01:03	-100	-100	-100	-100
2020-11-29T18:01:13	-100	-100	-100	-100
2020-11-29T18:01:23	-100	-100	-100	-100
2020-11-29T18:01:33	-100	-100	-100	-100
2020-11-29T18:01:43	-100	-100	-100	-100
2020-11-29T18:01:53	-100	-100	-100	-100
2020-11-29T18:02:03	-100	-100	-100	-100
2020-11-29T18:02:13	-100	-100	-100	-100
2020-11-29T18:02:23	-100	-100	-100	-100
2020-11-29T18:02:33	-100	-100	-100	-100
2020-11-29T18:02:43	-100	-100	-100	-100
2020-11-29T18:02:53	-100	-100	-100	-100
2020-11-29T18:03:03	-100	-100	-100	-100
2020-11-29T18:03:13	-100	-100	-100	-100
2020-11-29T18:03:23	-100	-100	-100	-100
2020-11-29T18:03:33	-100	-100	-100	-100
2020-11-29T18:03:43	-100	-100	-100	-100
2020-11-29T18:03:53	-100	-100	-100	-100
2020-11-29T18:04:03	-100	-100	-100	-100
2020-11-29T18:04:13	-100	-100	-100	-100
2020-11-29T18:04:23	-100	-100	-100	-100
2020-11-29T18:04:33	-100	-100	-100	-100
2020-11-29T18:04:43	-100	-100	-100	-100
2020-11-29T18:04:53	-100	-100	-100	-100
2020-11-29T18:05:03	-100	-100	-100	-100
2020-11-29T18:05:13	-100	-100	-100	-100
2020-11-29T18:05:23	-100	-100	-100	-100
2020-11-29T18:05:33	-100	-100	-100	-100
2020-11-29T18:05:43	-100	-100	-100	-100
2020-11-29T18:05:53	-100	-100	-100	-100
2020-11-29T18:06:03	-100	-100	-100	-100
2020-11-29T18:06:13	-100	-100	-100	-100
2020-11-29T18:06:23	-100	-100	-100	-100
2020-11-29T18:06:33	-100	-100	-100	-100
2020-11-29T18:06:43	-100	-100	-100	-100
2020-11-29T18:06:53	-100	-100	-100	-100
2020-11-29T18:07:03	-100	-100	-100	-100
2020-11-29T18:07:13	-100	-100	-100	-100
2020-11-29T18:07:23	-100	-100	-100	-100
2020-11-29T18:07:33	-100	-100	-100	-100
2020-11-29T18:07:43	-100	-100	-100	-100
2020-11-29T18:07:53	-100	-100	-100	-100
2020-11-29T18:08:03	-100	-100	-100	-100
2020-11-29T18:08:13	-100	-100	-100	-100
2020-11-29T18:08:23	-100	-100	-100	-100
2020-11-29T18:08:33	-100	-100	-100	-100
2020-11-29T18:08:43	-100	-100	-100	-100
2020-11-29T18:08:53	-100	-100	-100	-100
2020-11-29T18:09:03	-100	-100	-100	-100
2020-11-29T18:09:13	-100	-100	-100	-100
2020-11-29T18:09:23	-100	-100	-100	-100
2020-11-29T18:09:33	-100	-100	-100	-100
2020-11-29T18:09:43	-100	-100	-100	-100
2020-11-29T18:09:53	-100	-100	-100	-100
2020-11-29T18:10:03	-100	-100	-100	-100
2020-11-29T18:10:13	-100	-100	-100	-100
2020-11-29T18:10:23	-100	-100	-100	-100
2020-11-29T18:10:33	-100	-100	-100	-100
2020-11-29T18:10:43	-100	-100	-100	-100
2020-11-29T18:10:53	-100	-100	-100	-100
2020-11-29T18:11:03	-100	-100	-100	-100
2020-11-29T18:11:13	-100	-100	-100	-100
2020-11-29T18:11:23	-100	-100	-100	-100
2020-11-29T18:11:33	-100	-100	-100	-100
2020-11-29T18:11:43	-100	-100	-100	-100
2020-11-29T18:11:53	-100	-100	-100	-100
2020-11-29T18:12:04	-100	-100	-100	-100
2020-11-29T18:12:14	-100	-100	-100	-100
2020-11-29T18:12:24	-100	-100	-100	-100
2020-11-29T18:12:34	-100	-100	-100	-100
2020-11-29T18:12:44	-100	-100	-100	-100
2020-11-29T18:12:54	-100	-100	-100	-100
2020-11-29T18:13:04	-100	-100	-100	-100
2020-11-29T18:13:14	-100	-100	-100	-100
2020-11-29T18:13:24	-100	-100	-100	-100
2020-11-29T18:13:34	-100	-100	-100	-100
2020-11-29T18:13:44	-100	-100	-100	-100
2020-11-29T18:13:54	-100	-100	-100	-100
2020-11-29T18:14:04	-100	-100	-100	-100
2020-11-29T18:14:14	-100	-100	-100	-100
2020-11-29T18:14:24	-100	-100	-100	-100
2020-11-29T18:14:34	-100	-100	-100	-100
2020-11-29T18:14:44	-100	-100	-100	-100
2020-11-29T18:14:54	-100	-100	-100	-100
2020-11-29T18:15:04	-100	-100	-100	-100
2020-11-29T18:15:14	-100	-100	-100	-100
2020-11-29T18:15:24	-100	-100	-100	-100
2020-11-29T18:15:34	-100	-100	-100	-100
2020-11-29T18:15:44	-100	-100	-100	-100
2020-11-29T18:15:54	-100	-100	-100	-100
2020-11-29T18:16:04	-100	-100	-100	-100
2020-11-29T18:16:14	-100	-100	-100	-100
2020-11-29T18:16:24	-100	-100	-100	-100
2020-11-29T18:16:34	-100	-100	-100	-100
2020-11-29T18:16:44	-100	-100	-100	-100
2020-11-29T18:16:54	-100	-100	-100	-100
2020-11-29T18:17:04	-100	-100	-100	-100
2020-11-29T18:17:14	-100	-100	-100	-100
2020-11-29T18:17:24	-100	-100	-100	-100
2020-11-29T18:17:34	-100	-100	-100	-100
2020-11-29T18:17:44	-100	-100	-100	-100
2020-11-29T18:17:54	-100	-100	-100	-100
2020-11-29T18:18:04	-100	-100	-100	-100
2020-11-29T18:18:14	-100	-100	-100	-100
2020-11-29T18:18:24	-100	-100	-100	-100
2020-11-29T18:18:34	-100	-100	-100	-100
2020-11-29T18:18:44	-100	-100	-100	-100
2020-11-29T18:18:54	-100	-100	-100	-100
2020-11-29T18:19:04	-100	-100	-100	-100
2020-11-29T18:19:14	-100	-100	-100	-100
2020-11-29T18:19:24	-100	-100	-100	-100
2020-11-29T18:19:34	-100	-100	-100	-100
2020-11-29T18:19:44	-100	-100	-100	-100
2020-11-29T18:19:54	-100	-100	-100	-100
2020-11-29T18:20:04	-100	-100	-100	-100
2020-11-29T18:20:14	-100	-100	-100	-100
2020-11-29T18:20:24	-100	-100	-100	-100
2020-11-29T18:20:34	-100	-100	-100	-100
2020-11-29T18:20:44	-100	-100	-100	-100
2020-11-29T18:20:54	-100	-100	-100	-100
2020-11-29T18:21:04	-100	-100	-100	-100
2020-11-29T18:21:14	-100	-100	-100	-100
2020-11-29T18:21:24	-100	-100	-100	-100
2020-11-29T18:21:34	-100	-100	-100	-100
2020-11-29T18:21:44	-100	-100	-100	-100
2020-11-29T18:21:54	-100	-100	-100	-100
2020-11-29T18:22:04	-100	-100	-100	-100
2020-11-29T18:22:14	-100	-100	-100	-100
2020-11-29T18:22:24	-100	-100	-100	-100
2020-11-29T18:22:34	-100	-100	-100	-100
2020-11-29T18:22:44	-100	-100	-100	-100
2020-11-29T18:22:54	-100	-100	-100	-100
2020-11-29T18:23:04	-100	-100	-100	-100
2020-11-29T18:23:14	-100	-100	-100	-100
2020-11-29T18:23:24	-100	-100	-100	-100
2020-11-29T18:23:34	-100	-100	-100	-100
2020-11-29T18:23:44	-100	-100	-100	-100
2020-11-29T18:23:54	-100	-100	-100	-100
2020-11-29T18:24:04	-100	-100	-100	-100
2020-11-29T18:24:14	-100	-100	-100	-100
2020-11-29T18:24:24	-100	-100	-100	-100
2020-11-29T18:24:34	-100	-100	-100	-100
2020-11-29T18:24:44	-100	-100	-100	-100
2020-11-29T18:24:54	-100	-100	-100	-100
2020-11-29T18:25:04	-100	-100	-100	-100
2020-11-29T18:25:14	-100	-100	-100	-100
2020-11-29T18:25:24	-100	-100	-100	-100
2020-11-29T18:25:34	-100	-100	-100	-100
2020-11-29T18:25:44	-100	-100	-100	-100
2020-11-29T18:25:54	-100	-100	-100	-100
2020-11-29T18:26:04	-100	-100	-100	-100
2020-11-29T18:26:14	-100	-100	-100	-100
2020-11-29T18:26:24	-100	-100	-100	-100
2020-11-29T18:26:34	-100	-100	-100	-100
2020-11-29T18:26:44	-100	-100	-100	-100
2020-11-29T18:26:54	-100	-100	-100	-100
2020-11-29T18:27:04	-100	-100	-100	-100
2020-11-29T18:27:14	-100	-100	-100	-100
2020-11-29T18:27:24	-100	-100	-100	-100
2020-11-29T18:27:34	-100	-100	-100	-100
2020-11-29T18:27:44	-100	-100	-100	-100
2020-11-29T18:27:54	-100	-100	-100	-100
2020-11-29T18:28:04	-100	-100	-100	-100
2020-11-29T18:28:14	-100	-100	-100	-100
2020-11-29T18:28:24	-100	-100	-100	-100
2020-11-29T18:28:34	-100	-100	-100	-100
2020-11-29T18:28:44	-100	-100	-100	-100
2020-11-29T18:28:54	-100	-100	-100	-100
2020-11-29T18:29:04	-100	-100	-100	-100
2020-11-29T18:29:14	-100	-100	-100	-100
2020-11-29T18:29:24	-100	-100	-100	-100
2020-11-29T18:29:34	-100	-100	-100	-100
2020-11-29T18:29:44	-100	-100	-100	-100
2020-11-29T18:29:54	-100	-100	-100	-100
2020-11-29T18:30:04	-100	-100	-100	-100
2020-11-29T18:30:14	-100	-100	-100	-100
2020-11-29T18:30:24	-100	-100	-100	-100
2020-11-29T18:30:34	-100	-100	-100	-100
2020-11-29T18:30:44	-100	-100	-100	-100
2020-11-29T18:30:54	-100	-100	-100	-100
2020-11-29T18:31:04	-100	-100	-100	-100
2020-11-29T18:31:14	-100	-100	-100	-100
2020-11-29T18:31:24	-100	-100	-100	-100
2020-11-29T18:31:34	-100	-100	-100	-100
2020-11-29T18:31:44	-100	-100	-100	-100
2020-11-29T18:31:54	-100	-100	-100	-100
2020-11-29T18:32:04	-100	-100	-100	-100
2020-11-29T18:32:14	-100	-100	-100	-100
2020-11-29T18:32:24	-100	-100	-100	-100
2020-11-29T18:32:34	-100	-100	-100	-100
2020-11-29T18:32:44	-100	-100	-100	-100
2020-11-29T18:32:54	-100	-100	-100	-100
2020-11-29T18:33:04	-100	-100	-100	-100
2020-11-29T18:33:14	-100	-100	-100	-100
2020-11-29T18:33:24	-100	-100	-100	-100
2020-11-29T18:33:34	-100	-100	-100	-100
2020-11-29T18:33:45	-100	-100	-100	-100
2020-11-29T18:33:55	-100	-100	-100	-100
2020-11-29T18:34:05	-100	-100	-100	-100
2020-11-29T18:34:15	-100	-100	-100	-100
2020-11-29T18:34:25	-100	-100	-100	-100
2020-11-29T18:34:35	-100	-100	-100	-100
2020-11-29T18:34:45	-100	-100	-100	-100
2020-11-29T18:34:55	-100	-100	-100	-100
2020-11-29T18:35:05	-100	-100	-100	-100
2020-11-29T18:35:15	-100	-100	-100	-100
2020-11-29T18:35:25	-100	-100	-100	-100
2020-11-29T18:35:35	-100	-100	-100	-100
2020-11-29T18:35:45	-100	-100	-100	-100
2020-11-29T18:35:55	-100	-100	-100	-100
2020-11-29T18:36:05	-100	-100	-100	-100
2020-11-29T18:36:15	-100	-100	-100	-100
2020-11-29T18:36:25	-100	-100	-100	-100
2020-11-29T18:36:35	-100	-100	-100	-100
2020-11-29T18:36:45	-100	-100	-100	-100
2020-11-29T18:36:55	-100	-100	-100	-100
2020-11-29T18:37:05	-100	-100	-100	-100
2020-11-29T18:37:15	-100	-100	-100	-100
2020-11-29T18:37:25	-100	-100	-100	-100
2020-11-29T18:37:35	-100	-100	-100	-100
2020-11-29T18:37:45	-100	-100	-100	-100
2020-11-29T18:37:55	-100	-100	-100	-100
2020-11-29T18:38:05	-100	-100	-100	-100
2020-11-29T18:38:15	-100	-100	-100	-100
2020-11-29T18:38:25	-100	-100	-100	-100
2020-11-29T18:38:35	-100	-100	-100	-100
2020-11-29T18:38:45	-100	-100	-100	-100
2020-11-29T18:38:55	-100	-100	-100	-100
2020-11-29T18:39:05	-100	-100	-100	-100
2020-11-29T18:39:15	-100	-100	-100	-100
2020-11-29T18:39:25	-100	-100	-100	-100
2020-11-29T18:39:35	-100	-100	-100	-100
2020-11-29T18:39:45	-100	-100	-100	-100
2020-11-29T18:39:55	-100	-100	-100	-100
2020-11-29T18:40:05	-100	-100	-100	-100
2020-11-29T18:40:15	-100	-100	-100	-100
2020-11-29T18:40:25	-100	-100	-100	-100
2020-11-29T18:40:35	-100	-100	-100	-100
2020-11-29T18:40:45	-100	-100	-100	-100
2020-11-29T18:40:55	-100	-100	-100	-100
2020-11-29T18:41:05	-100	-100	-100	-100
2020-11-29T18:41:15	-100	-100	-100	-100
2020-11-29T18:41:25	-100	-100	-100	-100
2020-11-29T18:41:35	-100	-100	-100	-100
2020-11-29T18:41:45	-100	-100	-100	-100
2020-11-29T18:41:55	-100	-100	-100	-100
2020-11-29T18:42:05	-100	-100	-100	-100
2020-11-29T18:42:15	-100	-100	-100	-100
2020-11-29T18:42:25	-100	-100	-100	-100
2020-11-29T18:42:35	-100	-100	-100	-100
2020-11-29T18:42:45	-100	-100	-100	-100
2020-11-29T18:42:55	-100	-100	-100	-100
2020-11-29T18:43:05	-100	-100	-100	-100
2020-11-29T18:43:15	-100	-100	-100	-100
2020-11-29T18:43:25	-100	-100	-100	-100
2020-11-29T18:43:35	-100	-100	-100	-100
2020-11-29T18:43:45	-100	-100	-100	-100
2020-11-29T18:43:55	-100	-100	-100	-100
2020-11-29T18:44:05	-100	-100	-100	-100
2020-11-29T18:44:15	-100	-100	-100	-100
2020-11-29T18:44:25	-100	-100	-100	-100
2020-11-29T18:44:35	-100	-100	-100	-100
2020-11-29T18:44:45	-100	-100	-100	-100
2020-11-29T18:44:55	-100	-100	-100	-100
2020-11-29T18:45:05	-100	-100	-100	-100
2020-11-29T18:45:15	-100	-100	-100	-100
2020-11-29T18:45:25	-100	-100	-100	-100
2020-11-29T18:45:35	-100	-100	-100	-100
2020-11-29T18:45:45	-100	-100	-100	-100
2020-11-29T18:45:55	-100	-100	-100	-100
2020-11-29T18:46:05	-100	-100	-100	-100
2020-11-29T18:46:15	-100	-100	-100	-100
2020-11-29T18:46:25	-100	-100	-100	-100
2020-11-29T18:46:35	-100	-100	-100	-100
2020-11-29T18:46:45	-100	-100	-100	-100
2020-11-29T18:46:55	-100	-100	-100	-100
2020-11-29T18:47:05	-100	-100	-100	-100
2020-11-29T18:47:15	-100	-100	-100	-100
2020-11-29T18:47:25	-100	-100	-100	-100
2020-11-29T18:47:35	-100	-100	-100	-100
2020-11-29T18:47:45	-100	-100	-100	-100
2020-11-29T18:47:55	-100	-100	-100	-100
2020-11-29T18:48:05	-100	-100	-100	-100
2020-11-29T18:48:15	-100	-100	-100	-100
2020-11-29T18:48:25	-100	-100	-100	-100
2020-11-29T18:48:35	-100	-100	-100	-100
2020-11-29T18:48:45	-100	-100	-100	-100
2020-11-29T18:48:55	-100	-100	-100	-100
2020-11-29T18:49:05	-100	-100	-100	-100
2020-11-29T18:49:15	-100	-100	-100	-100
2020-11-29T18:49:25	-100	-100	-100	-100
2020-11-29T18:49:35	-100	-100	-100	-100
2020-11-29T18:49:45	-100	-100	-100	-100
2020-11-29T18:49:55	-100	-100	-100	-100
2020-11-29T18:50:05	-100	-100	-100	-100
2020-11-29T18:50:15	-100	-100	-100	-100
2020-11-29T18:50:25	-100	-100	-100	-100
2020-11-29T18:50:35	-100	-100	-100	-100
2020-11-29T18:50:45	-100	-100	-100	-100
2020-11-29T18:50:55	-100	-100	-100	-100
2020-11-29T18:51:05	-100	-100	-100	-100
2020-11-29T18:51:15	-100	-100	-100	-100
2020-11-29T18:51:25	-100	-100	-100	-100
2020-11-29T18:51:35	-100	-100	-100	-100
2020-11-29T18:51:45	-100	-100	-100	-100
2020-11-29T18:51:55	-100	-100	-100	-100
2020-11-29T18:52:05	-100	-100	-100	-100
2020-11-29T18:52:15	-100	-100	-100	-100
2020-11-29T18:52:25	-100	-100	-100	-100
2020-11-29T18:52:35	-100	-100	-100	-100
2020-11-29T18:52:45	-100	-100	-100	-100
2020-11-29T18:52:55	-100	-100	-100	-100
2020-11-29T18:53:05	-100	-100	-100	-100
2020-11-29T18:53:15	-100	-100	-100	-100
2020-11-29T18:53:25	-100	-100	-100	-100
2020-11-29T18:53:35	-100	-100	-100	-100
2020-11-29T18:53:45	-100	-100	-100	-100
2020-11-29T18:53:55	-100	-100	-100	-100
2020-11-29T18:54:05	-100	-100	-100	-100
2020-11-29T18:54:15	-100	-100	-100	-100
2020-11-29T18:54:25	-100	-100	-100	-100
2020-11-29T18:54:35	-100	-100	-100	-100
2020-11-29T18:54:45	-100	-100	-100	-100
2020-11-29T18:54:55	-100	-100	-100	-100
2020-11-29T18:55:05	-100	-100	-100	-100
2020-11-29T18:55:15	-100	-100	-100	-100
2020-11-29T18:55:25	-100	-100	-100	-100
2020-11-29T18:55:35	-100	-100	-100	-100
2020-11-29T18:55:45	-100	-100	-100	-100
2020-11-29T18:55:55	-100	-100	-100	-100
2020-11-29T18:56:05	-100	-100	-100	-100
2020-11-29T18:56:16	-100	-100	-100	-100
2020-11-29T18:56:26	-100	-100	-100	-100
2020-11-29T18:56:36	-100	-100	-100	-100
2020-11-29T18:56:46	-100	-100	-100	-100
2020-11-29T18:56:56	-100	-100	-100	-100
2020-11-29T18:57:06	-100	-100	-100	-100
2020-11-29T18:57:16	-100	-100	-100	-100
2020-11-29T18:57:26	-100	-100	-100	-100
2020-11-29T18:57:36	-100	-100	-100	-100
2020-11-29T18:57:46	-100	-100	-100	-100
2020-11-29T18:57:56	-100	-100	-100	-100
2020-11-29T18:58:06	-100	-100	-100	-100
2020-11-29T18:58:16	-100	-100	-100	-100
2020-11-29T18:58:26	-100	-100	-100	-100
2020-11-29T18:58:36	-100	-100	-100	-100
2020-11-29T18:58:46	-100	-100	-100	-100
2020-11-29T18:58:56	-100	-100	-100	-100
2020-11-29T18:59:06	-100	-100	-100	-100
2020-11-29T18:59:16	-100	-100	-100	-100
2020-11-29T18:59:26	-100	-100	-100	-100
2020-11-29T18:59:36	-100	-100	-100	-100
2020-11-29T18:59:46	-100	-100	-100	-100
2020-11-29T18:59:56	-100	-100	-100	-100
2020-11-29T19:00:06	-100	-100	-100	-100
2020-11-29T19:00:16	-100	-100	-100	-100
2020-11-29T19:00:26	-100	-100	-100	-100
2020-11-29T19:00:36	-100	-100	-100	-100
2020-11-29T19:00:46	-100	-100	-100	-100
2020-11-29T19:00:56	-100	-100	-100	-100
2020-11-29T19:01:06	-100	-100	-100	-100
2020-11-29T19:01:16	-100	-100	-100	-100
2020-11-29T19:01:26	-100	-100	-100	-100
2020-11-29T19:01:36	-100	-100	-100	-100
2020-11-29T19:01:46	-100	-100	-100	-100
2020-11-29T19:01:56	-100	-100	-100	-100
2020-11-29T19:02:06	-100	-100	-100	-100
2020-11-29T19:02:16	-100	-100	-100	-100
2020-11-29T19:02:26	-100	-100	-100	-100
2020-11-29T19:02:36	-100	-100	-100	-100
2020-11-29T19:02:46	-100	-100	-100	-100
2020-11-29T19:02:56	-100	-100	-100	-100
2020-11-29T19:03:06	-100	-100	-100	-100
2020-11-29T19:03:16	-100	-100	-100	-100
2020-11-29T19:03:26	-100	-100	-100	-100
2020-11-29T19:03:36	-100	-100	-100	-100
2020-11-29T19:03:46	-100	-100	-100	-100
2020-11-29T19:03:56	-100	-100	-100	-100
2020-11-29T19:04:06	-100	-100	-100	-100
2020-11-29T19:04:16	-100	-100	-100	-100
2020-11-29T19:04:26	-100	-100	-100	-100
2020-11-29T19:04:36	-100	-100	-100	-100
2020-11-29T19:04:46	-100	-100	-100	-100
2020-11-29T19:04:56	-100	-100	-100	-100
2020-11-29T19:05:06	-100	-100	-100	-100
2020-11-29T19:05:16	-100	-100	-100	-100
2020-11-29T19:05:26	-100	-100	-100	-100
2020-11-29T19:05:36	-100	-100	-100	-100
2020-11-29T19:05:46	-100	-100	-100	-100
2020-11-29T19:05:56	-100	-100	-100	-100
2020-11-29T19:06:06	-100	-100	-100	-100
2020-11-29T19:06:16	-100	-100	-100	-100
2020-11-29T19:06:26	-100	-100	-100	-100
2020-11-29T19:06:36	-100	-100	-100	-100
2020-11-29T19:06:46	-100	-100	-100	-100
2020-11-29T19:06:56	-100	-100	-100	-100
2020-11-29T19:07:06	-100	-100	-100	-100
2020-11-29T19:07:16	-100	-100	-100	-100
2020-11-29T19:07:26	-100	-100	-100	-100
2020-11-29T19:07:36	-100	-100	-100	-100
2020-11-29T19:07:46	-100	-100	-100	-100
2020-11-29T19:07:56	-100	-100	-100	-100
2020-11-29T19:08:06	-100	-100	-100	-100
2020-11-29T19:08:16	-100	-100	-100	-100
2020-11-29T19:08:26	-100	-100	-100	-100
2020-11-29T19:08:36	-100	-100	-100	-100
2020-11-29T19:08:46	-100	-100	-100	-100
2020-11-29T19:08:56	-100	-100	-100	-100
2020-11-29T19:09:06	-100	-100	-100	-100
2020-11-29T19:09:16	-100	-100	-100	-100
2020-11-29T19:09:26	-100	-100	-100	-100
2020-11-29T19:09:36	-100	-100	-100	-100
2020-11-29T19:09:46	-100	-100	-100	-100
2020-11-29T19:09:56	-100	-100	-100	-100
2020-11-29T19:10:06	-100	-100	-100	-100
2020-11-29T19:10:16	-100	-100	-100	-100
2020-11-29T19:10:26	-100	-100	-100	-100
2020-11-29T19:10:36	-100	-100	-100	-100
2020-11-29T19:10:46	-100	-100	-100	-100
2020-11-29T19:10:56	-100	-100	-100	-100
2020-11-29T19:11:06	-100	-100	-100	-100
2020-11-29T19:11:16	-100	-100	-100	-100
2020-11-29T19:11:26	-100	-100	-100	-100
2020-11-29T19:11:36	-100	-100	-100	-100
2020-11-29T19:11:46	-100	-100	-100	-100
2020-11-29T19:11:56	-100	-100	-100	-100
2020-11-29T19:12:06	-100	-100	-100	-100
2020-11-29T19:12:16	-100	-100	-100	-100
2020-11-29T19:12:26	-100	-100	-100	-100
2020-11-29T19:12:36	-100	-100	-100	-100
2020-11-29T19:12:46	-100	-100	-100	-100
2020-11-29T19:12:56	-100	-100	-100	-100
2020-11-29T19:13:06	-100	-100	-100	-100
2020-11-29T19:13:16	-100	-100	-100	-100
2020-11-29T19:13:26	-100	-100	-100	-100
2020-11-29T19:13:36	-100	-100	-100	-100
2020-11-29T19:13:46	-100	-100	-100	-100
2020-11-29T19:13:56	-100	-100	-100	-100
2020-11-29T19:14:06	-100	-100	-100	-100
2020-11-29T19:14:16	-100	-100	-100	-100
2020-11-29T19:14:26	-100	-100	-100	-100
2020-11-29T19:14:36	-100	-100	-100	-100
2020-11-29T19:14:46	-100	-100	-100	-100
2020-11-29T19:14:56	-100	-100	-100	-100
2020-11-29T19:15:06	-100	-100	-100	-100
2020-11-29T19:15:16	-100	-100	-100	-100
2020-11-29T19:15:26	-100	-100	-100	-100
2020-11-29T19:15:36	-100	-100	-100	-100
2020-11-29T19:15:46	-100	-100	-100	-100
2020-11-29T19:15:56	-100	-100	-100	-100
2020-11-29T19:16:06	-100	-100	-100	-100
2020-11-29T19:16:16	-100	-100	-100	-100
2020-11-29T19:16:26	-100	-100	-100	-100
2020-11-29T19:16:36	-100	-100	-100	-100
2020-11-29T19:16:46	-100	-100	-100	-100
2020-11-29T19:16:56	-100	-100	-100	-100
2020-11-29T19:17:07	-100	-100	-100	-100
2020-11-29T19:17:17	-100	-100	-100	-100
2020-11-29T19:17:27	-100	-100	-100	-100
2020-11-29T19:17:37	-100	-100	-100	-100
2020-11-29T19:17:47	-100	-100	-100	-100
2020-11-29T19:17:57	-100	-100	-100	-100
2020-11-29T19:18:07	-100	-100	-100	-100
2020-11-29T19:18:17	-100	-100	-100	-100
2020-11-29T19:18:27	-100	-100	-100	-100
2020-11-29T19:18:37	-100	-100	-100	-100
2020-11-29T19:18:47	-100	-100	-100	-100
2020-11-29T19:18:57	-100	-100	-100	-100
2020-11-29T19:19:07	-100	-100	-100	-100
2020-11-29T19:19:17	-100	-100	-100	-100
2020-11-29T19:19:27	-100	-100	-100	-100
2020-11-29T19:19:37	-100	-100	-100	-100
2020-11-29T19:19:47	-100	-100	-100	-100
2020-11-29T19:19:57	-100	-100	-100	-100
2020-11-29T19:20:07	-100	-100	-100	-100
2020-11-29T19:20:17	-100	-100	-100	-100
2020-11-29T19:20:27	-100	-100	-100	-100
2020-11-29T19:20:37	-100	-100	-100	-100
2020-11-29T19:20:47	-100	-100	-100	-100
2020-11-29T19:20:57	-100	-100	-100	-100
2020-11-29T19:21:07	-100	-100	-100	-100
2020-11-29T19:21:17	-100	-100	-100	-100
2020-11-29T19:21:27	-100	-100	-100	-100
2020-11-29T19:21:37	-100	-100	-100	-100
2020-11-29T19:21:47	-100	-100	-100	-100
2020-11-29T19:21:57	-100	-100	-100	-100
2020-11-29T19:22:07	-100	-100	-100	-100
2020-11-29T19:22:17	-100	-100	-100	-100
2020-11-29T19:22:27	-100	-100	-100	-100
2020-11-29T19:22:37	-100	-100	-100	-100
2020-11-29T19:22:47	-100	-100	-100	-100
2020-11-29T19:22:57	-100	-100	-100	-100
2020-11-29T19:23:07	-100	-100	-100	-100
2020-11-29T19:23:17	-100	-100	-100	-100
2020-11-29T19:23:27	-100	-100	-100	-100
2020-11-29T19:23:37	-100	-100	-100	-100
2020-11-29T19:23:47	-100	-100	-100	-100
2020-11-29T19:23:57	-100	-100	-100	-100
2020-11-29T19:24:07	-100	-100	-100	-100
2020-11-29T19:24:17	-100	-100	-100	-100
2020-11-29T19:24:27	-100	-100	-100	-100
2020-11-29T19:24:37	-100	-100	-100	-100
2020-11-29T19:24:47	-100	-100	-100	-100
2020-11-29T19:24:57	-100	-100	-100	-100
2020-11-29T19:25:07	-100	-100	-100	-100
2020-11-29T19:25:17	-100	-100	-100	-100
2020-11-29T19:25:27	-100	-100	-100	-100
2020-11-29T19:25:37	-100	-100	-100	-100
2020-11-29T19:25:47	-100	-100	-100	-100
2020-11-29T19:25:57	-100	-100	-100	-100
2020-11-29T19:26:07	-100	-100	-100	-100
2020-11-29T19:26:17	-100	-100	-100	-100
2020-11-29T19:26:27	-100	-100	-100	-100
2020-11-29T19:26:37	-100	-100	-100	-100
2020-11-29T19:26:47	-100	-100	-100	-100
2020-11-29T19:26:57	-100	-100	-100	-100
2020-11-29T19:27:07	-100	-100	-100	-100
2020-11-29T19:27:17	-100	-100	-100	-100
2020-11-29T19:27:27	-100	-100	-100	-100
2020-11-29T19:27:37	-100	-100	-100	-100
2020-11-29T19:27:47	-100	-100	-100	-100
2020-11-29T19:27:57	-100	-100	-100	-100
2020-11-29T19:28:07	-100	-100	-100	-100
2020-11-29T19:28:17	-100	-100	-100	-100
2020-11-29T19:28:27	-100	-100	-100	-100
2020-11-29T19:28:37	-100	-100	-100	-100
2020-11-29T19:28:47	-100	-100	-100	-100
2020-11-29T19:28:57	-100	-100	-100	-100
2020-11-29T19:29:07	-100	-100	-100	-100
2020-11-29T19:29:17	-100	-100	-100	-100
2020-11-29T19:29:27	-100	-100	-100	-100
2020-11-29T19:29:37	-100	-100	-100	-100
2020-11-29T19:29:47	-100	-100	-100	-100
2020-11-29T19:29:57	-100	-100	-100	-100
2020-11-29T19:30:07	-100	-100	-100	-100
2020-11-29T19:30:17	-100	-100	-100	-100
2020-11-29T19:30:27	-100	-100	-100	-100
2020-11-29T19:30:37	-100	-100	-100	-100
2020-11-29T19:30:47	-100	-100	-100	-100
2020-11-29T19:30:57	-100	-100	-100	-100
2020-11-29T19:31:07	-100	-100	-100	-100
2020-11-29T19:31:17	-100	-100	-100	-100
2020-11-29T19:31:27	-100	-100	-100	-100
2020-11-29T19:31:37	-100	-100	-100	-100
2020-11-29T19:31:47	-100	-100	-100	-100
2020-11-29T19:31:57	-100	-100	-100	-100
2020-11-29T19:32:07	-100	-100	-100	-100
2020-11-29T19:32:17	-100	-100	-100	-100
2020-11-29T19:32:27	-100	-100	-100	-100
2020-11-29T19:32:37	-100	-100	-100	-100
2020-11-29T19:32:47	-100	-100	-100	-100
2020-11-29T19:32:57	-100	-100	-100	-100
2020-11-29T19:33:07	-100	-100	-100	-100
2020-11-29T19:33:17	-100	-100	-100	-100
2020-11-29T19:33:27	-100	-100	-100	-100
2020-11-29T19:33:37	-100	-100	-100	-100
2020-11-29T19:33:47	-100	-100	-100	-100
2020-11-29T19:33:57	-100	-100	-100	-100
2020-11-29T19:34:07	-100	-100	-100	-100
2020-11-29T19:34:17	-100	-100	-100	-100
2020-11-29T19:34:27	-100	-100	-100	-100
2020-11-29T19:34:37	-100	-100	-100	-100
2020-11-29T19:34:47	-100	-100	-100	-100
2020-11-29T19:34:57	-100	-100	-100	-100
2020-11-29T19:35:07	-100	-100	-100	-100
2020-11-29T19:35:17	-100	-100	-100	-100
2020-11-29T19:35:27	-100	-100	-100	-100
2020-11-29T19:35:37	-100	-100	-100	-100
2020-11-29T19:35:47	-100	-100	-100	-100
2020-11-29T19:35:57	-100	-100	-100	-100
2020-11-29T19:36:07	-100	-100	-100	-100
2020-11-29T19:36:17	-100	-100	-100	-100
2020-11-29T19:36:27	-100	-100	-100	-100
2020-11-29T19:36:37	-100	-100	-100	-100
2020-11-29T19:36:47	-100	-100	-100	-100
2020-11-29T19:36:57	-100	-100	-100	-100
2020-11-29T19:37:07	-100	-100	-100	-100
2020-11-29T19:37:17	-100	-100	-100	-100
2020-11-29T19:37:27	-100	-100	-100	-100
2020-11-29T19:37:37	-100	-100	-100	-100
2020-11-29T19:37:47	-100	-100	-100	-100
2020-11-29T19:37:57	-100	-100	-100	-100
2020-11-29T19:38:07	-100	-100	-100	-100
2020-11-29T19:38:17	-100	-100	-100	-100
2020-11-29T19:38:27	-100	-100	-100	-100
2020-11-29T19:38:37	-100	-100	-100	-100
2020-11-29T19:38:47	-100	-100	-100	-100
2020-11-29T19:38:57	-100	-100	-100	-100
2020-11-29T19:39:07	-100	-100	-100	-100
2020-11-29T19:39:17	-100	-100	-100	-100
2020-11-29T19:39:27	-100	-100	-100	-100
2020-11-29T19:39:37	-100	-100	-100	-100
2020-11-29T19:39:47	-100	-100	-100	-100
2020-11-29T19:39:57	-100	-100	-100	-100
2020-11-29T19:40:07	-100	-100	-100	-100
2020-11-29T19:40:17	-100	-100	-100	-100
2020-11-29T19:40:27	-100	-100	-100	-100
2020-11-29T19:40:37	-100	-100	-100	-100
2020-11-29T19:40:47	-100	-100	-100	-100
2020-11-29T19:40:57	-100	-100	-100	-100
2020-11-29T19:41:07	-100	-100	-100	-100
2020-11-29T19:41:17	-100	-100	-100	-100
2020-11-29T19:41:28	-100	-100	-100	-100
2020-11-29T19:41:38	-100	-100	-100	-100
2020-11-29T19:41:48	-100	-100	-100	-100
2020-11-29T19:41:58	-100	-100	-100	-100
2020-11-29T19:42:08	-100	-100	-100	-100
2020-11-29T19:42:18	-100	-100	-100	-100
2020-11-29T19:42:28	-100	-100	-100	-100
2020-11-29T19:42:38	-100	-100	-100	-100
2020-11-29T19:42:48	-100	-100	-100	-100
2020-11-29T19:42:58	-100	-100	-100	-100
2020-11-29T19:43:08	-100	-100	-100	-100
2020-11-29T19:43:18	-100	-100	-100	-100
2020-11-29T19:43:28	-100	-100	-100	-100
2020-11-29T19:43:38	-100	-100	-100	-100
2020-11-29T19:43:48	-100	-100	-100	-100
2020-11-29T19:43:58	-100	-100	-100	-100
2020-11-29T19:44:08	-100	-100	-100	-100
2020-11-29T19:44:18	-100	-100	-100	-100
2020-11-29T19:44:28	-100	-100	-100	-100
2020-11-29T19:44:38	-100	-100	-100	-100
2020-11-29T19:44:48	-100	-100	-100	-100
2020-11-29T19:44:58	-100	-100	-100	-100
2020-11-29T19:45:08	-100	-100	-100	-100
2020-11-29T19:45:18	-100	-100	-100	-100
2020-11-29T19:45:28	-100	-100	-100	-100
2020-11-29T19:45:38	-100	-100	-100	-100
2020-11-29T19:45:48	-100	-100	-100	-100
2020-11-29T19:45:58	-100	-100	-100	-100
2020-11-29T19:46:08	-100	-100	-100	-100
2020-11-29T19:46:18	-100	-100	-100	-100
2020-11-29T19:46:28	-100	-100	-100	-100
2020-11-29T19:46:38	-100	-100	-100	-100
2020-11-29T19:46:48	-100	-100	-100	-100
2020-11-29T19:46:58	-100	-100	-100	-100
2020-11-29T19:47:08	-100	-100	-100	-100
2020-11-29T19:47:18	-100	-100	-100	-100
2020-11-29T19:47:28	-100	-100	-100	-100
2020-11-29T19:47:38	-100	-100	-100	-100
2020-11-29T19:47:48	-100	-100	-100	-100
2020-11-29T19:47:58	-100	-100	-100	-100
2020-11-29T19:48:08	-100	-100	-100	-100
2020-11-29T19:48:18	-100	-100	-100	-100
2020-11-29T19:48:28	-100	-100	-100	-100
2020-11-29T19:48:38	-100	-100	-100	-100
2020-11-29T19:48:48	-100	-100	-100	-100
2020-11-29T19:48:58	-100	-100	-100	-100
2020-11-29T19:49:08	-100	-100	-100	-100
2020-11-29T19:49:18	-100	-100	-100	-100
2020-11-29T19:49:28	-100	-100	-100	-100
2020-11-29T19:49:38	-100	-100	-100	-100
2020-11-29T19:49:48	-100	-100	-100	-100
2020-11-29T19:49:58	-100	-100	-100	-100
2020-11-29T19:50:08	-100	-100	-100	-100
2020-11-29T19:50:18	-100	-100	-100	-100
2020-11-29T19:50:28	-100	-100	-100	-100
2020-11-29T19:50:38	-100	-100	-100	-100
2020-11-29T19:50:48	-100	-100	-100	-100
2020-11-29T19:50:58	-100	-100	-100	-100
2020-11-29T19:51:08	-100	-100	-100	-100
2020-11-29T19:51:18	-100	-100	-100	-100
2020-11-29T19:51:28	-100	-100	-100	-100
2020-11-29T19:51:38	-100	-100	-100	-100
2020-11-29T19:51:48	-100	-100	-100	-100
2020-11-29T19:51:58	-100	-100	-100	-100
2020-11-29T19:52:08	-100	-100	-100	-100
2020-11-29T19:52:18	-100	-100	-100	-100
2020-11-29T19:52:28	-100	-100	-100	-100
2020-11-29T19:52:38	-100	-100	-100	-100
2020-11-29T19:52:48	-100	-100	-100	-100
2020-11-29T19:52:58	-100	-100	-100	-100
2020-11-29T19:53:08	-100	-100	-100	-100
2020-11-29T19:53:18	-100	-100	-100	-100
2020-11-29T19:53:28	-100	-100	-100	-100
2020-11-29T19:53:38	-100	-100	-100	-100
2020-11-29T19:53:48	-100	-100	-100	-100
2020-11-29T19:53:58	-100	-100	-100	-100
2020-11-29T19:54:08	-100	-100	-100	-100
2020-11-29T19:54:18	-100	-100	-100	-100
2020-11-29T19:54:28	-100	-100	-100	-100
2020-11-29T19:54:38	-100	-100	-100	-100
2020-11-29T19:54:48	-100	-100	-100	-100
2020-11-29T19:54:58	-100	-100	-100	-100
2020-11-29T19:55:08	-100	-100	-100	-100
2020-11-29T19:55:18	-100	-100	-100	-100
2020-11-29T19:55:28	-100	-100	-100	-100
2020-11-29T19:55:38	-100	-100	-100	-100
2020-11-29T19:55:48	-100	-100	-100	-100
2020-11-29T19:55:58	-100	-100	-100	-100
2020-11-29T19:56:08	-100	-100	-100	-100
2020-11-29T19:56:18	-100	-100	-100	-100
2020-11-29T19:56:28	-100	-100	-100	-100
2020-11-29T19:56:38	-100	-100	-100	-100
2020-11-29T19:56:48	-100	-100	-100	-100
2020-11-29T19:56:58	-100	-100	-100	-100
2020-11-29T19:57:08	-100	-100	-100	-100
2020-11-29T19:57:18	-100	-100	-100	-100
2020-11-29T19:57:28	-100	-100	-100	-100
2020-11-29T19:57:38	-100	-100	-100	-100
2020-11-29T19:57:48	-100	-100	-100	-100
2020-11-29T19:57:58	-100	-100	-100	-100
2020-11-29T19:58:08	-100	-100	-100	-100
2020-11-29T19:58:18	-100	-100	-100	-100
2020-11-29T19:58:28	-100	-100	-100	-100
2020-11-29T19:58:38	-100	-100	-100	-100
2020-11-29T19:58:48	-100	-100	-100	-100
2020-11-29T19:58:58	-100	-100	-100	-100
2020-11-29T19:59:08	-100	-100	-100	-100
2020-11-29T19:59:18	-100	-100	-100	-100
2020-11-29T19:59:28	-100	-100	-100	-100
2020-11-29T19:59:38	-100	-100	-100	-100
2020-11-29T19:59:48	-100	-100	-100	-100
2020-11-29T19:59:58	-100	-100	-100	-100
2020-11-29T20:00:08	-100	-100	-100	-100
2020-11-29T20:00:18	-100	-100	-100	-100
2020-11-29T20:00:28	-100	-100	-100	-100
2020-11-29T20:00:38	-100	-100	-100	-100
2020-11-29T20:00:48	-100	-100	-100	-100
2020-11-29T20:00:58	-100	-100	-100	-100
2020-11-29T20:01:08	-100	-100	-100	-100
2020-11-29T20:01:18	-100	-100	-100	-100
2020-11-29T20:01:28	-100	-100	-100	-100
2020-11-29T20:01:38	-100	-100	-100	-100
2020-11-29T20:01:48	-100	-100	-100	-100
2020-11-29T20:01:58	-100	-100	-100	-100
2020-11-29T20:02:09	-100	-100	-100	-100
2020-11-29T20:02:19	-100	-100	-100	-100
2020-11-29T20:02:29	-100	-100	-100	-100
2020-11-29T20:02:39	-100	-100	-100	-100
2020-11-29T20:02:49	-100	-100	-100	-100
2020-11-29T20:02:59	-100	-100	-100	-100
2020-11-29T20:03:09	-100	-100	-100	-100
2020-11-29T20:03:19	-100	-100	-100	-100
2020-11-29T20:03:29	-100	-100	-100	-100
2020-11-29T20:03:39	-100	-100	-100	-100
2020-11-29T20:03:49	-100	-100	-100	-100
2020-11-29T20:03:59	-100	-100	-100	-100
2020-11-29T20:04:09	-100	-100	-100	-100
2020-11-29T20:04:19	-100	-100	-100	-100
2020-11-29T20:04:29	-100	-100	-100	-100
2020-11-29T20:04:39	-100	-100	-100	-100
2020-11-29T20:04:49	-100	-100	-100	-100
2020-11-29T20:04:59	-100	-100	-100	-100
2020-11-29T20:05:09	-100	-100	-100	-100
2020-11-29T20:05:19	-100	-100	-100	-100
2020-11-29T20:05:29	-100	-100	-100	-100
2020-11-29T20:05:39	-100	-100	-100	-100
2020-11-29T20:05:49	-100	-100	-100	-100
2020-11-29T20:05:59	-100	-100	-100	-100
2020-11-29T20:06:09	-100	-100	-100	-100
2020-11-29T20:06:19	-100	-100	-100	-100
2020-11-29T20:06:29	-100	-100	-100	-100
2020-11-29T20:06:39	-100	-100	-100	-100
2020-11-29T20:06:49	-100	-100	-100	-100
2020-11-29T20:06:59	-100	-100	-100	-100
2020-11-29T20:07:09	-100	-100	-100	-100
2020-11-29T20:07:19	-100	-100	-100	-100
2020-11-29T20:07:29	-100	-100	-100	-100
2020-11-29T20:07:39	-100	-100	-100	-100
2020-11-29T20:07:49	-100	-100	-100	-100
2020-11-29T20:07:59	-100	-100	-100	-100
2020-11-29T20:08:09	-100	-100	-100	-100
2020-11-29T20:08:19	-100	-100	-100	-100
2020-11-29T20:08:29	-100	-100	-100	-100
2020-11-29T20:08:39	-100	-100	-100	-100
2020-11-29T20:08:49	-100	-100	-100	-100
2020-11-29T20:08:59	-100	-100	-100	-100
2020-11-29T20:09:09	-100	-100	-100	-100
2020-11-29T20:09:19	-100	-100	-100	-100
2020-11-29T20:09:29	-100	-100	-100	-100
2020-11-29T20:09:39	-100	-100	-100	-100
2020-11-29T20:09:49	-100	-100	-100	-100
2020-11-29T20:09:59	-100	-100	-100	-100
2020-11-29T20:10:09	-100	-100	-100	-100
2020-11-29T20:10:19	-100	-100	-100	-100
2020-11-29T20:10:29	-100	-100	-100	-100
2020-11-29T20:10:39	-100	-100	-100	-100
2020-11-29T20:10:49	-100	-100	-100	-100
2020-11-29T20:10:59	-100	-100	-100	-100
2020-11-29T20:11:09	-100	-100	-100	-100
2020-11-29T20:11:19	-100	-100	-100	-100
2020-11-29T20:11:29	-100	-100	-100	-100
2020-11-29T20:11:39	-100	-100	-100	-100
2020-11-29T20:11:49	-100	-100	-100	-100
2020-11-29T20:11:59	-100	-100	-100	-100
2020-11-29T20:12:09	-100	-100	-100	-100
2020-11-29T20:12:19	-100	-100	-100	-100
2020-11-29T20:12:29	-100	-100	-100	-100
2020-11-29T20:12:39	-100	-100	-100	-100
2020-11-29T20:12:49	-100	-100	-100	-100
2020-11-29T20:12:59	-100	-100	-100	-100
2020-11-29T20:13:09	-100	-100	-100	-100
2020-11-29T20:13:19	-100	-100	-100	-100
2020-11-29T20:13:29	-100	-100	-100	-100
2020-11-29T20:13:39	-100	-100	-100	-100
2020-11-29T20:13:49	-100	-100	-100	-100
2020-11-29T20:13:59	-100	-100	-100	-100
2020-11-29T20:14:09	-100	-100	-100	-100
2020-11-29T20:14:19	-100	-100	-100	-100
2020-11-29T20:14:29	-100	-100	-100	-100
2020-11-29T20:14:39	-100	-100	-100	-100
2020-11-29T20:14:49	-100	-100	-100	-100
2020-11-29T20:14:59	-100	-100	-100	-100
2020-11-29T20:15:09	-100	-100	-100	-100
2020-11-29T20:15:19	-100	-100	-100	-100
2020-11-29T20:15:29	-100	-100	-100	-100
2020-11-29T20:15:39	-100	-100	-100	-100
2020-11-29T20:15:49	-100	-100	-100	-100
2020-11-29T20:15:59	-100	-100	-100	-100
2020-11-29T20:16:09	-100	-100	-100	-100
2020-11-29T20:16:19	-100	-100	-100	-100
2020-11-29T20:16:29	-100	-100	-100	-100
2020-11-29T20:16:39	-100	-100	-100	-100
2020-11-29T20:16:49	-100	-100	-100	-100
2020-11-29T20:16:59	-100	-100	-100	-100
2020-11-29T20:17:09	-100	-100	-100	-100
2020-11-29T20:17:19	-100	-100	-100	-100
2020-11-29T20:17:29	-100	-100	-100	-100
2020-11-29T20:17:39	-100	-100	-100	-100
2020-11-29T20:17:49	-100	-100	-100	-100
2020-11-29T20:17:59	-100	-100	-100	-100
2020-11-29T20:18:09	-100	-100	-100	-100
2020-11-29T20:18:19	-100	-100	-100	-100
2020-11-29T20:18:29	-100	-100	-100	-100
2020-11-29T20:18:39	-100	-100	-100	-100
2020-11-29T20:18:49	-100	-100	-100	-100
2020-11-29T20:18:59	-100	-100	-100	-100
2020-11-29T20:19:09	-100	-100	-100	-100
2020-11-29T20:19:19	-100	-100	-100	-100
2020-11-29T20:19:29	-100	-100	-100	-100
2020-11-29T20:19:39	-100	-100	-100	-100
2020-11-29T20:19:49	-100	-100	-100	-100
2020-11-29T20:19:59	-100	-100	-100	-100
2020-11-29T20:20:09	-100	-100	-100	-100
2020-11-29T20:20:19	-100	-100	-100	-100
2020-11-29T20:20:29	-100	-100	-100	-100
2020-11-29T20:20:39	-100	-100	-100	-100
2020-11-29T20:20:49	-100	-100	-100	-100
2020-11-29T20:20:59	-100	-100	-100	-100
2020-11-29T20:21:09	-100	-100	-100	-100
2020-11-29T20:21:19	-100	-100	-100	-100
2020-11-29T20:21:29	-100	-100	-100	-100
2020-11-29T20:21:39	-100	-100	-100	-100
2020-11-29T20:21:49	-100	-100	-100	-100
2020-11-29T20:21:59	-100	-100	-100	-100
2020-11-29T20:22:09	-100	-100	-100	-100
2020-11-29T20:22:19	-100	-100	-100	-100
2020-11-29T20:22:29	-100	-100	-100	-100
2020-11-29T20:22:39	-100	-100	-100	-100
2020-11-29T20:22:49	-100	-100	-100	-100
2020-11-29T20:22:59	-100	-100	-100	-100
2020-11-29T20:23:09	-100	-100	-100	-100
2020-11-29T20:23:19	-100	-100	-100	-100
2020-11-29T20:23:29	-100	-100	-100	-100
2020-11-29T20:23:39	-100	-100	-100	-100
2020-11-29T20:23:49	-100	-100	-100	-100
2020-11-29T20:23:59	-100	-100	-100	-100
2020-11-29T20:24:09	-100	-100	-100	-100
2020-11-29T20:24:19	-100	-100	-100	-100
2020-11-29T20:24:29	-100	-100	-100	-100
2020-11-29T20:24:39	-100	-100	-100	-100
2020-11-29T20:24:49	-100	-100	-100	-100
2020-11-29T20:24:59	-100	-100	-100	-100
2020-11-29T20:25:09	-100	-100	-100	-100
2020-11-29T20:25:19	-100	-100	-100	-100
2020-11-29T20:25:29	-100	-100	-100	-100
2020-11-29T20:25:39	-100	-100	-100	-100
2020-11-29T20:25:49	-100	-100	-100	-100
2020-11-29T20:26:00	-100	-100	-100	-100
2020-11-29T20:26:10	-100	-100	-100	-100
2020-11-29T20:26:20	-100	-100	-100	-100
2020-11-29T20:26:30	-100	-100	-100	-100
2020-11-29T20:26:40	-100	-100	-100	-100
2020-11-29T20:26:50	-100	-100	-100	-100
2020-11-29T20:27:00	-100	-100	-100	-100
2020-11-29T20:27:10	-100	-100	-100	-100
2020-11-29T20:27:20	-100	-100	-100	-100
2020-11-29T20:27:30	-100	-100	-100	-100
2020-11-29T20:27:40	-100	-100	-100	-100
2020-11-29T20:27:50	-100	-100	-100	-100
2020-11-29T20:28:00	-100	-100	-100	-100
2020-11-29T20:28:10	-100	-100	-100	-100
2020-11-29T20:28:20	-100	-100	-100	-100
2020-11-29T20:28:30	-100	-100	-100	-100
2020-11-29T20:28:40	-100	-100	-100	-100
2020-11-29T20:28:50	-100	-100	-100	-100
2020-11-29T20:29:00	-100	-100	-100	-100
2020-11-29T20:29:10	-100	-100	-100	-100
2020-11-29T20:29:20	-100	-100	-100	-100
2020-11-29T20:29:30	-100	-100	-100	-100
2020-11-29T20:29:40	-100	-100	-100	-100
2020-11-29T20:29:50	-100	-100	-100	-100
2020-11-29T20:30:00	-100	-100	-100	-100
2020-11-29T20:30:10	-100	-100	-100	-100
2020-11-29T20:30:20	-100	-100	-100	-100
2020-11-29T20:30:30	-100	-100	-100	-100
2020-11-29T20:30:40	-100	-100	-100	-100
2020-11-29T20:30:50	-100	-100	-100	-100
2020-11-29T20:31:00	-100	-100	-100	-100
2020-11-29T20:31:10	-100	-100	-100	-100
2020-11-29T20:31:20	-100	-100	-100	-100
2020-11-29T20:31:30	-100	-100	-100	-100
2020-11-29T20:31:40	-100	-100	-100	-100
2020-11-29T20:31:50	-100	-100	-100	-100
2020-11-29T20:32:00	-100	-100	-100	-100
2020-11-29T20:32:10	-100	-100	-100	-100
2020-11-29T20:32:20	-100	-100	-100	-100
2020-11-29T20:32:30	-100	-100	-100	-100
2020-11-29T20:32:40	-100	-100	-100	-100
2020-11-29T20:32:50	-100	-100	-100	-100
2020-11-29T20:33:00	-100	-100	-100	-100
2020-11-29T20:33:10	-100	-100	-100	-100
2020-11-29T20:33:20	-100	-100	-100	-100
2020-11-29T20:33:30	-100	-100	-100	-100
2020-11-29T20:33:40	-100	-100	-100	-100
2020-11-29T20:33:50	-100	-100	-100	-100
2020-11-29T20:34:00	-100	-100	-100	-100
2020-11-29T20:34:10	-100	-100	-100	-100
2020-11-29T20:34:20	-100	-100	-100	-100
2020-11-29T20:34:30	-100	-100	-100	-100
2020-11-29T20:34:40	-100	-100	-100	-100
2020-11-29T20:34:50	-100	-100	-100	-100
2020-11-29T20:35:00	-100	-100	-100	-100
2020-11-29T20:35:10	-100	-100	-100	-100
2020-11-29T20:35:20	-100	-100	-100	-100
2020-11-29T20:35:30	-100	-100	-100	-100
2020-11-29T20:35:40	-100	-100	-100	-100
2020-11-29T20:35:50	-100	-100	-100	-100
2020-11-29T20:36:00	-100	-100	-100	-100
2020-11-29T20:36:10	-100	-100	-100	-100
2020-11-29T20:36:20	-100	-100	-100	-100
2020-11-29T20:36:30	-100	-100	-100	-100
2020-11-29T20:36:40	-100	-100	-100	-100
2020-11-29T20:36:50	-100	-100	-100	-100
2020-11-29T20:37:00	-100	-100	-100	-100
2020-11-29T20:37:10	-100	-100	-100	-100
2020-11-29T20:37:20	-100	-100	-100	-100
2020-11-29T20:37:30	-100	-100	-100	-100
2020-11-29T20:37:40	-100	-100	-100	-100
2020-11-29T20:37:50	-100	-100	-100	-100
2020-11-29T20:38:00	-100	-100	-100	-100
2020-11-29T20:38:10	-100	-100	-100	-100
2020-11-29T20:38:20	-100	-100	-100	-100
2020-11-29T20:38:30	-100	-100	-100	-100
2020-11-29T20:38:40	-100	-100	-100	-100
2020-11-29T20:38:50	-100	-100	-100	-100
2020-11-29T20:39:00	-100	-100	-100	-100
2020-11-29T20:39:10	-100	-100	-100	-100
2020-11-29T20:39:20	-100	-100	-100	-100
2020-11-29T20:39:30	-100	-100	-100	-100
2020-11-29T20:39:40	-100	-100	-100	-100
2020-11-29T20:39:50	-100	-100	-100	-100
2020-11-29T20:40:00	-100	-100	-100	-100
2020-11-29T20:40:10	-100	-100	-100	-100
2020-11-29T20:40:20	-100	-100	-100	-100
2020-11-29T20:40:30	-100	-100	-100	-100
2020-11-29T20:40:40	-100	-100	-100	-100
2020-11-29T20:40:50	-100	-100	-100	-100
2020-11-29T20:41:00	-100	-100	-100	-100
2020-11-29T20:41:10	-100	-100	-100	-100
2020-11-29T20:41:20	-100	-100	-100	-100
2020-11-29T20:41:30	-100	-100	-100	-100
2020-11-29T20:41:40	-100	-100	-100	-100
2020-11-29T20:41:50	-100	-100	-100	-100
2020-11-29T20:42:00	-100	-100	-100	-100
2020-11-29T20:42:10	-100	-100	-100	-100
2020-11-29T20:42:20	-100	-100	-100	-100
2020-11-29T20:42:30	-100	-100	-100	-100
2020-11-29T20:42:40	-100	-100	-100	-100
2020-11-29T20:42:50	-100	-100	-100	-100
2020-11-29T20:43:00	-100	-100	-100	-100
2020-11-29T20:43:10	-100	-100	-100	-100
2020-11-29T20:43:20	-100	-100	-100	-100
2020-11-29T20:43:30	-100	-100	-100	-100
2020-11-29T20:43:40	-100	-100	-100	-100
2020-11-29T20:43:50	-100	-100	-100	-100
2020-11-29T20:44:00	-100	-100	-100	-100
2020-11-29T20:44:10	-100	-100	-100	-100
2020-11-29T20:44:20	-100	-100	-100	-100
2020-11-29T20:44:30	-100	-100	-100	-100
2020-11-29T20:44:40	-100	-100	-100	-100
2020-11-29T20:44:50	-100	-100	-100	-100
2020-11-29T20:45:00	-100	-100	-100	-100
2020-11-29T20:45:10	-100	-100	-100	-100
2020-11-29T20:45:20	-100	-100	-100	-100
2020-11-29T20:45:30	-100	-100	-100	-100
2020-11-29T20:45:40	-100	-100	-100	-100
2020-11-29T20:45:50	-100	-100	-100	-100
2020-11-29T20:46:00	-100	-100	-100	-100
2020-11-29T20:46:10	-100	-100	-100	-100
2020-11-29T20:46:20	-100	-100	-100	-100
2020-11-29T20:46:30	-100	-100	-100	-100
2020-11-29T20:46:40	-100	-100	-100	-100
2020-11-29T20:46:50	-100	-100	-100	-100
2020-11-29T20:47:00	-100	-100	-100	-100
2020-11-29T20:47:10	-100	-100	-100	-100
2020-11-29T20:47:20	-100	-100	-100	-100
2020-11-29T20:47:31	-100	-100	-100	-100
2020-11-29T20:47:41	-100	-100	-100	-100
2020-11-29T20:47:51	-100	-100	-100	-100
2020-11-29T20:48:01	-100	-100	-100	-100
2020-11-29T20:48:11	-100	-100	-100	-100
2020-11-29T20:48:21	-100	-100	-100	-100
2020-11-29T20:48:31	-100	-100	-100	-100
2020-11-29T20:48:41	-100	-100	-100	-100
2020-11-29T20:48:51	-100	-100	-100	-100
2020-11-29T20:49:01	-100	-100	-100	-100
2020-11-29T20:49:11	-100	-100	-100	-100
2020-11-29T20:49:21	-100	-100	-100	-100
2020-11-29T20:49:31	-100	-100	-100	-100
2020-11-29T20:49:41	-100	-100	-100	-100
2020-11-29T20:49:51	-100	-100	-100	-100
2020-11-29T20:50:01	-100	-100	-100	-100
2020-11-29T20:50:11	-100	-100	-100	-100
2020-11-29T20:50:21	-100	-100	-100	-100
2020-11-29T20:50:31	-100	-100	-100	-100
2020-11-29T20:50:41	-100	-100	-100	-100
2020-11-29T20:50:51	-100	-100	-100	-100
2020-11-29T20:51:01	-100	-100	-100	-100
2020-11-29T20:51:11	-100	-100	-100	-100
2020-11-29T20:51:21	-100	-100	-100	-100
2020-11-29T20:51:31	-100	-100	-100	-100
2020-11-29T20:51:41	-100	-100	-100	-100
2020-11-29T20:51:51	-100	-100	-100	-100
2020-11-29T20:52:01	-100	-100	-100	-100
2020-11-29T20:52:11	-100	-100	-100	-100
2020-11-29T20:52:21	-100	-100	-100	-100
2020-11-29T20:52:31	-100	-100	-100	-100
2020-11-29T20:52:41	-100	-100	-100	-100
2020-11-29T20:52:51	-100	-100	-100	-100
2020-11-29T20:53:01	-100	-100	-100	-100
2020-11-29T20:53:11	-100	-100	-100	-100
2020-11-29T20:53:21	-100	-100	-100	-100
2020-11-29T20:53:31	-100	-100	-100	-100
2020-11-29T20:53:41	-100	-100	-100	-100
2020-11-29T20:53:51	-100	-100	-100	-100
2020-11-29T20:54:01	-100	-100	-100	-100
2020-11-29T20:54:11	-100	-100	-100	-100
2020-11-29T20:54:21	-100	-100	-100	-100
2020-11-29T20:54:31	-100	-100	-100	-100
2020-11-29T20:54:41	-100	-100	-100	-100
2020-11-29T20:54:51	-100	-100	-100	-100
2020-11-29T20:55:01	-100	-100	-100	-100
2020-11-29T20:55:11	-100	-100	-100	-100
2020-11-29T20:55:21	-100	-100	-100	-100
2020-11-29T20:55:31	-100	-100	-100	-100
2020-11-29T20:55:41	-100	-100	-100	-100
2020-11-29T20:55:51	-100	-100	-100	-100
2020-11-29T20:56:01	-100	-100	-100	-100
2020-11-29T20:56:11	-100	-100	-100	-100
2020-11-29T20:56:21	-100	-100	-100	-100
2020-11-29T20:56:31	-100	-100	-100	-100
2020-11-29T20:56:41	-100	-100	-100	-100
2020-11-29T20:56:51	-100	-100	-100	-100
2020-11-29T20:57:01	-100	-100	-100	-100
2020-11-29T20:57:11	-100	-100	-100	-100
2020-11-29T20:57:21	-100	-100	-100	-100
2020-11-29T20:57:31	-100	-100	-100	-100
2020-11-29T20:57:41	-100	-100	-100	-100
2020-11-29T20:57:51	-100	-100	-100	-100
2020-11-29T20:58:01	-100	-100	-100	-100
2020-11-29T20:58:11	-100	-100	-100	-100
2020-11-29T20:58:21	-100	-100	-100	-100
2020-11-29T20:58:31	-100	-100	-100	-100
2020-11-29T20:58:41	-100	-100	-100	-100
2020-11-29T20:58:51	-100	-100	-100	-100
2020-11-29T20:59:01	-100	-100	-100	-100
2020-11-29T20:59:11	-100	-100	-100	-100
2020-11-29T20:59:21	-100	-100	-100	-100
2020-11-29T20:59:31	-100	-100	-100	-100
2020-11-29T20:59:41	-100	-100	-100	-100
2020-11-29T20:59:51	-100	-100	-100	-100
2020-11-29T21:00:01	-100	-100	-100	-100
2020-11-29T21:00:11	-100	-100	-100	-100
2020-11-29T21:00:21	-100	-100	-100	-100
2020-11-29T21:00:31	-100	-100	-100	-100
2020-11-29T21:00:41	-100	-100	-100	-100
2020-11-29T21:00:51	-100	-100	-100	-100
2020-11-29T21:01:01	-100	-100	-100	-100
2020-11-29T21:01:11	-100	-100	-100	-100
2020-11-29T21:01:21	-100	-100	-100	-100
2020-11-29T21:01:31	-100	-100	-100	-100
2020-11-29T21:01:41	-100	-100	-100	-100
2020-11-29T21:01:51	-100	-100	-100	-100
2020-11-29T21:02:01	-100	-100	-100	-100
2020-11-29T21:02:11	-100	-100	-100	-100
2020-11-29T21:02:21	-100	-100	-100	-100
2020-11-29T21:02:31	-100	-100	-100	-100
2020-11-29T21:02:41	-100	-100	-100	-100
2020-11-29T21:02:51	-100	-100	-100	-100
2020-11-29T21:03:01	-100	-100	-100	-100
2020-11-29T21:03:11	-100	-100	-100	-100
2020-11-29T21:03:21	-100	-100	-100	-100
2020-11-29T21:03:31	-100	-100	-100	-100
2020-11-29T21:03:41	-100	-100	-100	-100
2020-11-29T21:03:51	-100	-100	-100	-100
2020-11-29T21:04:01	-100	-100	-100	-100
2020-11-29T21:04:11	-100	-100	-100	-100
2020-11-29T21:04:21	-100	-100	-100	-100
2020-11-29T21:04:31	-100	-100	-100	-100
2020-11-29T21:04:41	-100	-100	-100	-100
2020-11-29T21:04:51	-100	-100	-100	-100
2020-11-29T21:05:01	-100	-100	-100	-100
2020-11-29T21:05:11	-100	-100	-100	-100
2020-11-29T21:05:21	-100	-100	-100	-100
2020-11-29T21:05:31	-100	-100	-100	-100
2020-11-29T21:05:41	-100	-100	-100	-100
2020-11-29T21:05:51	-100	-100	-100	-100
2020-11-29T21:06:01	-100	-100	-100	-100
2020-11-29T21:06:11	-100	-100	-100	-100
2020-11-29T21:06:21	-100	-100	-100	-100
2020-11-29T21:06:31	-100	-100	-100	-100
2020-11-29T21:06:41	-100	-100	-100	-100
2020-11-29T21:06:51	-100	-100	-100	-100
2020-11-29T21:07:01	-100	-100	-100	-100
2020-11-29T21:07:11	-100	-100	-100	-100
2020-11-29T21:07:21	-100	-100	-100	-100
2020-11-29T21:07:31	-100	-100	-100	-100
2020-11-29T21:07:41	-100	-100	-100	-100
2020-11-29T21:07:51	-100	-100	-100	-100
2020-11-29T21:08:01	-100	-100	-100	-100
2020-11-29T21:08:11	-100	-100	-100	-100
2020-11-29T21:08:21	-100	-100	-100	-100
2020-11-29T21:08:31	-100	-100	-100	-100
2020-11-29T21:08:41	-100	-100	-100	-100
2020-11-29T21:08:51	-100	-100	-100	-100
2020-11-29T21:09:01	-100	-100	-100	-100
2020-11-29T21:09:11	-100	-100	-100	-100
2020-11-29T21:09:21	-100	-100	-100	-100
2020-11-29T21:09:31	-100	-100	-100	-100
2020-11-29T21:09:41	-100	-100	-100	-100
2020-11-29T21:09:51	-100	-100	-100	-100
2020-11-29T21:10:02	-100	-100	-100	-100
2020-11-29T21:10:12	-100	-100	-100	-100
2020-11-29T21:10:22	-100	-100	-100	-100
2020-11-29T21:10:32	-100	-100	-100	-100
2020-11-29T21:10:42	-100	-100	-100	-100
2020-11-29T21:10:52	-100	-100	-100	-100
2020-11-29T21:11:02	-100	-100	-100	-100
2020-11-29T21:11:12	-100	-100	-100	-100
2020-11-29T21:11:22	-100	-100	-100	-100
2020-11-29T21:11:32	-100	-100	-100	-100
2020-11-29T21:11:42	-100	-100	-100	-100
2020-11-29T21:11:52	-100	-100	-100	-100
2020-11-29T21:12:02	-100	-100	-100	-100
2020-11-29T21:12:12	-100	-100	-100	-100
2020-11-29T21:12:22	-100	-100	-100	-100
2020-11-29T21:12:32	-100	-100	-100	-100
2020-11-29T21:12:42	-100	-100	-100	-100
2020-11-29T21:12:52	-100	-100	-100	-100
2020-11-29T21:13:02	-100	-100	-100	-100
2020-11-29T21:13:12	-100	-100	-100	-100
2020-11-29T21:13:22	-100	-100	-100	-100
2020-11-29T21:13:32	-100	-100	-100	-100
2020-11-29T21:13:42	-100	-100	-100	-100
2020-11-29T21:13:52	-100	-100	-100	-100
2020-11-29T21:14:02	-100	-100	-100	-100
2020-11-29T21:14:12	-100	-100	-100	-100
2020-11-29T21:14:22	-100	-100	-100	-100
2020-11-29T21:14:32	-100	-100	-100	-100
2020-11-29T21:14:42	-100	-100	-100	-100
2020-11-29T21:14:52	-100	-100	-100	-100
2020-11-29T21:15:02	-100	-100	-100	-100
2020-11-29T21:15:12	-100	-100	-100	-100
2020-11-29T21:15:22	-100	-100	-100	-100
2020-11-29T21:15:32	-100	-100	-100	-100
2020-11-29T21:15:42	-100	-100	-100	-100
2020-11-29T21:15:52	-100	-100	-100	-100
2020-11-29T21:16:02	-100	-100	-100	-100
2020-11-29T21:16:12	-100	-100	-100	-100
2020-11-29T21:16:22	-100	-100	-100	-100
2020-11-29T21:16:32	-100	-100	-100	-100
2020-11-29T21:16:42	-100	-100	-100	-100
2020-11-29T21:16:52	-100	-100	-100	-100
2020-11-29T21:17:02	-100	-100	-100	-100
2020-11-29T21:17:12	-100	-100	-100	-100
2020-11-29T21:17:22	-100	-100	-100	-100
2020-11-29T21:17:32	-100	-100	-100	-100
2020-11-29T21:17:42	-100	-100	-100	-100
2020-11-29T21:17:52	-100	-100	-100	-100
2020-11-29T21:18:02	-100	-100	-100	-100
2020-11-29T21:18:12	-100	-100	-100	-100
2020-11-29T21:18:22	-100	-100	-100	-100
2020-11-29T21:18:32	-100	-100	-100	-100
2020-11-29T21:18:42	-100	-100	-100	-100
2020-11-29T21:18:52	-100	-100	-100	-100
2020-11-29T21:19:02	-100	-100	-100	-100
2020-11-29T21:19:12	-100	-100	-100	-100
2020-11-29T21:19:22	-100	-100	-100	-100
2020-11-29T21:19:32	-100	-100	-100	-100
2020-11-29T21:19:42	-100	-100	-100	-100
2020-11-29T21:19:52	-100	-100	-100	-100
2020-11-29T21:20:02	-100	-100	-100	-100
2020-11-29T21:20:12	-100	-100	-100	-100
2020-11-29T21:20:22	-100	-100	-100	-100
2020-11-29T21:20:32	-100	-100	-100	-100
2020-11-29T21:20:42	-100	-100	-100	-100
2020-11-29T21:20:52	-100	-100	-100	-100
2020-11-29T21:21:02	-100	-100	-100	-100
2020-11-29T21:21:12	-100	-100	-100	-100
2020-11-29T21:21:22	-100	-100	-100	-100
2020-11-29T21:21:32	-100	-100	-100	-100
2020-11-29T21:21:42	-100	-100	-100	-100
2020-11-29T21:21:52	-100	-100	-100	-100
2020-11-29T21:22:02	-100	-100	-100	-100
2020-11-29T21:22:12	-100	-100	-100	-100
2020-11-29T21:22:22	-100	-100	-100	-100
2020-11-29T21:22:32	-100	-100	-100	-100
2020-11-29T21:22:42	-100	-100	-100	-100
2020-11-29T21:22:52	-100	-100	-100	-100
2020-11-29T21:23:02	-100	-100	-100	-100
2020-11-29T21:23:12	-100	-100	-100	-100
2020-11-29T21:23:22	-100	-100	-100	-100
2020-11-29T21:23:32	-100	-100	-100	-100
2020-11-29T21:23:42	-100	-100	-100	-100
2020-11-29T21:23:52	-100	-100	-100	-100
2020-11-29T21:24:02	-100	-100	-100	-100
2020-11-29T21:24:12	-100	-100	-100	-100
2020-11-29T21:24:22	-100	-100	-100	-100
2020-11-29T21:24:32	-100	-100	-100	-100
2020-11-29T21:24:42	-100	-100	-100	-100
2020-11-29T21:24:52	-100	-100	-100	-100
2020-11-29T21:25:02	-100	-100	-100	-100
2020-11-29T21:25:12	-100	-100	-100	-100
2020-11-29T21:25:22	-100	-100	-100	-100
2020-11-29T21:25:32	-100	-100	-100	-100
2020-11-29T21:25:42	-100	-100	-100	-100
2020-11-29T21:25:52	-100	-100	-100	-100
2020-11-29T21:26:02	-100	-100	-100	-100
2020-11-29T21:26:12	-100	-100	-100	-100
2020-11-29T21:26:22	-100	-100	-100	-100
2020-11-29T21:26:32	-100	-100	-100	-100
2020-11-29T21:26:42	-100	-100	-100	-100
2020-11-29T21:26:52	-100	-100	-100	-100
2020-11-29T21:27:02	-100	-100	-100	-100
2020-11-29T21:27:12	-100	-100	-100	-100
2020-11-29T21:27:22	-100	-100	-100	-100
2020-11-29T21:27:32	-100	-100	-100	-100
2020-11-29T21:27:42	-100	-100	-100	-100
2020-11-29T21:27:52	-100	-100	-100	-100
2020-11-29T21:28:02	-100	-100	-100	-100
2020-11-29T21:28:12	-100	-100	-100	-100
2020-11-29T21:28:22	-100	-100	-100	-100
2020-11-29T21:28:32	-100	-100	-100	-100
2020-11-29T21:28:42	-100	-100	-100	-100
2020-11-29T21:28:52	-100	-100	-100	-100
2020-11-29T21:29:02	-100	-100	-100	-100
2020-11-29T21:29:12	-100	-100	-100	-100
2020-11-29T21:29:22	-100	-100	-100	-100
2020-11-29T21:29:32	-100	-100	-100	-100
2020-11-29T21:29:42	-100	-100	-100	-100
2020-11-29T21:29:52	-100	-100	-100	-100
2020-11-29T21:30:02	-100	-100	-100	-100
2020-11-29T21:30:12	-100	-100	-100	-100
2020-11-29T21:30:22	-100	-100	-100	-100
2020-11-29T21:30:32	-100	-100	-100	-100
2020-11-29T21:30:42	-100	-100	-100	-100
2020-11-29T21:30:52	-100	-100	-100	-100
2020-11-29T21:31:02	-100	-100	-100	-100
2020-11-29T21:31:12	-100	-100	-100	-100
2020-11-29T21:31:22	-100	-100	-100	-100
2020-11-29T21:31:32	-100	-100	-100	-100
2020-11-29T21:31:42	-100	-100	-100	-100
2020-11-29T21:31:52	-100	-100	-100	-100
2020-11-29T21:32:02	-100	-100	-100	-100
2020-11-29T21:32:12	-100	-100	-100	-100
2020-11-29T21:32:22	-100	-100	-100	-100
2020-11-29T21:32:32	-100	-100	-100	-100
2020-11-29T21:32:42	-100	-100	-100	-100
2020-11-29T21:32:52	-100	-100	-100	-100
2020-11-29T21:33:03	-100	-100	-100	-100
2020-11-29T21:33:13	-100	-100	-100	-100
2020-11-29T21:33:23	-100	-100	-100	-100
2020-11-29T21:33:33	-100	-100	-100	-100
2020-11-29T21:33:43	-100	-100	-100	-100
2020-11-29T21:33:53	-100	-100	-100	-100
2020-11-29T21:34:03	-100	-100	-100	-100
2020-11-29T21:34:13	-100	-100	-100	-100
2020-11-29T21:34:23	-100	-100	-100	-100
2020-11-29T21:34:33	-100	-100	-100	-100
2020-11-29T21:34:43	-100	-100	-100	-100
2020-11-29T21:34:53	-100	-100	-100	-100
2020-11-29T21:35:03	-100	-100	-100	-100
2020-11-29T21:35:13	-100	-100	-100	-100
2020-11-29T21:35:23	-100	-100	-100	-100
2020-11-29T21:35:33	-100	-100	-100	-100
2020-11-29T21:35:43	-100	-100	-100	-100
2020-11-29T21:35:53	-100	-100	-100	-100
2020-11-29T21:36:03	-100	-100	-100	-100
2020-11-29T21:36:13	-100	-100	-100	-100
2020-11-29T21:36:23	-100	-100	-100	-100
2020-11-29T21:36:33	-100	-100	-100	-100
2020-11-29T21:36:43	-100	-100	-100	-100
2020-11-29T21:36:53	-100	-100	-100	-100
2020-11-29T21:37:03	-100	-100	-100	-100
2020-11-29T21:37:13	-100	-100	-100	-100
2020-11-29T21:37:23	-100	-100	-100	-100
2020-11-29T21:37:33	-100	-100	-100	-100
2020-11-29T21:37:43	-100	-100	-100	-100
2020-11-29T21:37:53	-100	-100	-100	-100
2020-11-29T21:38:03	-100	-100	-100	-100
2020-11-29T21:38:13	-100	-100	-100	-100
2020-11-29T21:38:23	-100	-100	-100	-100
2020-11-29T21:38:33	-100	-100	-100	-100
2020-11-29T21:38:43	-100	-100	-100	-100
2020-11-29T21:38:53	-100	-100	-100	-100
2020-11-29T21:39:03	-100	-100	-100	-100
2020-11-29T21:39:13	-100	-100	-100	-100
2020-11-29T21:39:23	-100	-100	-100	-100
2020-11-29T21:39:33	-100	-100	-100	-100
2020-11-29T21:39:43	-100	-100	-100	-100
2020-11-29T21:39:53	-100	-100	-100	-100
